Exporter version: 6.3.1, Blender version: 2.82 (sub 7)
========= Conversion from Blender to Babylon.js =========
	Scene settings used :
		Inline textures     :  false
		Material Type       :  STD
		Positions Precision :  4
		Normals Precision   :  3
		UVs Precision       :  3
		Vert Color Precision:  3
		Mat Weight Precision:  2
		Keep Z-up r-handed  :  no
		Texture directory   :  H:\XDrive\aHouse\
	Python World class constructor completed
	processing begun of mesh:  building_003
		processing begun of material:  Material
		processing begun of material:  Material.001
		processing begun of material:  Material.002
		processing begun of multimaterial:  simpleHouse.Multimaterial#0
		num positions      :  878
		num normals        :  878
		num tangents       :  0
		num uvs            :  1756
		num uvs2           :  0
		num colors         :  0
		num indices        :  1200
	processing begun of camera (ArcRotateCamera):  Camera
	processing begun of mesh:  Cube
		WARNING: No materials have been assigned: 
		num positions      :  29
		num normals        :  29
		num tangents       :  0
		num uvs            :  58
		num uvs2           :  0
		num colors         :  0
		num indices        :  36
	processing begun of light (HEMI FROM AREA):  Light
========= Writing of JSON file started =========
	writing mesh:  building_003
	writing mesh:  Cube
========= Writing of JSON file completed =========
========= end of processing =========
elapsed time:  0 min, 0.8113 secs
