Exporter version: 2.93.4, Blender version: 2.93.4
========= Conversion from Blender to Babylon.js =========
	Scene settings used :
		Inline textures     :  false
		Material Type       :  PBR
		Positions Precision :  4
		Normals Precision   :  3
		UVs Precision       :  3
		Vert Color Precision:  3
		Mat Weight Precision:  2
		Keep Z-up r-handed  :  no
		Texture directory   :  H:\babylon_projects\arthur\
	Python World class constructor completed
	processing begun of skeleton:  arthurRig, id:  0
		processing begun of bone:  hips, index:  0
		processing begun of bone:  thigh.L, index:  1
		processing begun of bone:  shin.L, index:  2
		processing begun of bone:  foot.L, index:  3
		processing begun of bone:  toe.L, index:  4
		processing begun of bone:  thigh.R, index:  5
		processing begun of bone:  shin.R, index:  6
		processing begun of bone:  foot.R, index:  7
		processing begun of bone:  toe.R, index:  8
		processing begun of bone:  spine, index:  9
		processing begun of bone:  chest, index:  10
		processing begun of bone:  clavicle.R, index:  11
		processing begun of bone:  upper_arm.R, index:  12
		processing begun of bone:  forearm.R, index:  13
		processing begun of bone:  forearm.R.001, index:  14
		processing begun of bone:  hand.R, index:  15
		processing begun of bone:  thumb.02.R, index:  16
		processing begun of bone:  thumb.03.R, index:  17
		processing begun of bone:  f_ring.01.R, index:  18
		processing begun of bone:  f_index.01.R, index:  19
		processing begun of bone:  doll_body, index:  20
		processing begun of bone:  doll_neck, index:  21
		processing begun of bone:  doll_head, index:  22
		processing begun of bone:  doll_jaw, index:  23
		processing begun of bone:  clavicle.L, index:  24
		processing begun of bone:  upper_arm.L, index:  25
		processing begun of bone:  forearm.L, index:  26
		processing begun of bone:  hand.L, index:  27
		processing begun of bone:  thumb.02.L, index:  28
		processing begun of bone:  thumb.03.L, index:  29
		processing begun of bone:  f_ring.01.L, index:  30
		processing begun of bone:  f_index.01.L, index:  31
		processing begun of bone:  neck, index:  32
		processing begun of bone:  head, index:  33
		processing begun of bone:  jaw, index:  34
		processing begun of bone:  eye.R, index:  35
		processing begun of bone:  eye.L, index:  36
		processing action armAction:  in[1 - 75], out[0 - 75]
	processing begun of camera (UniversalCamera):  Camera
	processing begun of mesh:  target
		WARNING: No materials have been assigned: 
		num positions      :  29
		num normals        :  29
		num tangents       :  0
		num uvs            :  58
		num uvs2           :  0
		num colors         :  0
		num triangles      :  12
	processing begun of camera (ArcRotateCamera):  Camera1
	processing begun of mesh:  Body
		processing begun of material:  base_clothes:Skin
		processing begun of material:  base_clothes:jeans01:jeans01Material
		processing begun of material:  base_clothes:Low-Poly:Eye_brown
		processing begun of material:  base_clothes:shoes02:SportShoes
		processing begun of material:  base_clothes:Tshirt01:TShirtWhite
		processing begun of material:  shirt
		processing begun of material:  jacket
		processing begun of material:  art_hair
			processing texture suit_fabric01
				texture type:  diffuseTexture, mapped using: "Texture"
		processing begun of multimaterial:  arthur01.Multimaterial#0
		num positions      :  13473
		num normals        :  13473
		num tangents       :  0
		num uvs            :  26946
		num uvs2           :  0
		num colors         :  0
		num triangles      :  24670
		Skeleton stats:  
			Total Influencers:  18421
			Avg # of influencers per vertex:  1.3673
			Highest # of influencers observed:  4, num vertices with this:  25
			exported as 4 influencers
			num skeletonWeights and skeletonIndices:  53892
	processing begun of mesh:  Small_doll:Uni1228
		processing begun of material:  skin
		processing begun of material:  skin
			processing texture uni1228_Euro_Male_diff
				texture type:  diffuseTexture, mapped using: "UVMap"
		registered as also a user of material:  skin
		processing begun of multimaterial:  arthur01.Multimaterial#1
		num positions      :  2507
		num normals        :  2507
		num tangents       :  0
		num uvs            :  5014
		num uvs2           :  5014
		num colors         :  0
		num triangles      :  2732
		Skeleton stats:  
			WARNING: Maximum # of influencers exceeded for 129 vertices, extras ignored
			Total Influencers:  8184
			Avg # of influencers per vertex:  3.2645
			Highest # of influencers observed:  9, num vertices with this:  129
			exported as 8 influencers
			num skeletonWeights and skeletonIndices:  20056
	processing begun of light (HEMI FROM AREA):  Light
========= Writing of JSON file started =========
	writing mesh:  target
	writing mesh:  Body
	writing mesh:  Small_doll:Uni1228
========= Writing of JSON file completed =========
========= end of processing =========
elapsed time:  0 min, 8.1134 secs
