Exporter version: 5.0.6, Blender version: 2.76 (sub 0)
========= Conversion from Blender to Babylon.js =========
	Scene settings used:
		selected layers only:  true
		flat shading entire scene:  false
		inline textures:  false
		texture directory:  E:\EasyPHP-DevServer-14.1VC9\data\localweb\webgl\xmas_old_new2\
	Python World class constructor completed
	processing begun of mesh:  smoke2
		processing begun of Standard material:  lamp
		num positions      :  4
		num normals        :  4
		num uvs            :  0
		num uvs2           :  0
		num colors         :  0
		num indices        :  6
	processing begun of mesh:  chimney02
		processing begun of Standard material:  cottwall
			Diffuse texture found "cottwall"
				Image texture found, type:  diffuseTexture, mapped using: "UVMap"
		num positions      :  59
		num normals        :  59
		num uvs            :  118
		num uvs2           :  0
		num colors         :  0
		num indices        :  84
	processing begun of mesh:  smoke1
		registered as also a user of material:  lamp
		num positions      :  4
		num normals        :  4
		num uvs            :  0
		num uvs2           :  0
		num colors         :  0
		num indices        :  6
	processing begun of mesh:  chimney01
		registered as also a user of material:  cottwall
		num positions      :  49
		num normals        :  49
		num uvs            :  98
		num uvs2           :  0
		num colors         :  0
		num indices        :  84
	processing begun of mesh:  cottage1.001
		processing begun of Standard material:  cottrim
			Diffuse texture found "wood"
				Image texture found, type:  diffuseTexture, mapped using: "UVMap"
		registered as also a user of material:  cottwall
		processing begun of Standard material:  windows
			Diffuse texture found "winows"
				Image texture found, type:  diffuseTexture, mapped using: "UVMap"
		processing begun of Standard material:  doors
			Diffuse texture found "door"
				Image texture found, type:  diffuseTexture, mapped using: "UVMap"
		processing begun of Standard material:  wreath
			Diffuse texture found "wreath"
				Image texture found, type:  diffuseTexture, mapped using: "UVMap"
			Opacity texture found "wreath"
				Image texture found, type:  opacityTexture, mapped using: "UVMap"
		processing begun of Standard material:  tiles
			Diffuse texture found "roof"
				Image texture found, type:  diffuseTexture, mapped using: "UVMap"
		processing begun of Standard material:  peak
		processing begun of multimaterial:  shop1h_ivy3.Multimaterial#0
		num positions      :  1464
		num normals        :  1464
		num uvs            :  2928
		num uvs2           :  0
		num colors         :  0
		num indices        :  1464
	processing begun of mesh:  Plane.004
		processing begun of Standard material:  ivy
			Diffuse texture found "5ivies"
				Image texture found, type:  diffuseTexture, mapped using: "UVMap"
				WARNING: Opacity non-std way to indicate opacity, use material alpha to also use Opacity texture
		num positions      :  6
		num normals        :  6
		num uvs            :  12
		num uvs2           :  0
		num colors         :  0
		num indices        :  12
	processing begun of mesh:  Plane.003
		registered as also a user of material:  ivy
		num positions      :  6
		num normals        :  6
		num uvs            :  12
		num uvs2           :  0
		num colors         :  0
		num indices        :  12
	processing begun of mesh:  Plane.002
		registered as also a user of material:  ivy
		num positions      :  4
		num normals        :  4
		num uvs            :  8
		num uvs2           :  0
		num colors         :  0
		num indices        :  6
	processing begun of mesh:  Plane.001
		registered as also a user of material:  ivy
		num positions      :  8
		num normals        :  8
		num uvs            :  16
		num uvs2           :  0
		num colors         :  0
		num indices        :  12
	processing begun of mesh:  Plane
		registered as also a user of material:  ivy
		num positions      :  6
		num normals        :  6
		num uvs            :  12
		num uvs2           :  0
		num colors         :  0
		num indices        :  12
	processing begun of mesh:  smoke0
		registered as also a user of material:  lamp
		num positions      :  4
		num normals        :  4
		num uvs            :  0
		num uvs2           :  0
		num colors         :  0
		num indices        :  6
	processing begun of mesh:  Cylinder
		processing begun of Standard material:  lantern
		processing begun of Standard material:  glass
		processing begun of multimaterial:  shop1h_ivy3.Multimaterial#1
		num positions      :  104
		num normals        :  104
		num uvs            :  0
		num uvs2           :  0
		num colors         :  0
		num indices        :  516
	processing begun of mesh:  lamppost2
		registered as also a user of material:  lamp
		num positions      :  64
		num normals        :  64
		num uvs            :  0
		num uvs2           :  0
		num colors         :  0
		num indices        :  324
	processing begun of mesh:  lamp2
		processing begun of Standard material:  church
			Diffuse texture found "stone_brick"
				Image texture found, type:  diffuseTexture, mapped using: "UVMap"
		processing begun of Standard material:  stained
			Diffuse texture found "stained"
				Image texture found, type:  diffuseTexture, mapped using: "UVMap"
		processing begun of Standard material:  edge
		registered as also a user of material:  lamp
		registered as also a user of material:  glass
		processing begun of Standard material:  inside
		processing begun of Standard material:  bell
			Diffuse texture found "bronze"
				Image texture found, type:  diffuseTexture, mapped using: "UVMap"
		registered as also a user of material:  tiles
		processing begun of Standard material:  door
			Diffuse texture found "door1"
				Image texture found, type:  diffuseTexture, mapped using: "UVMap"
		registered as also a user of material:  peak
		processing begun of multimaterial:  shop1h_ivy3.Multimaterial#2
		num positions      :  324
		num normals        :  324
		num uvs            :  648
		num uvs2           :  0
		num colors         :  0
		num indices        :  324
	processing begun of mesh:  soldier2
		processing begun of Standard material:  body
			Diffuse texture found "soldier"
				Image texture found, type:  diffuseTexture, mapped using: "UVMap"
		processing begun of Standard material:  shoulders
		processing begun of multimaterial:  shop1h_ivy3.Multimaterial#3
		num positions      :  847
		num normals        :  847
		num uvs            :  1694
		num uvs2           :  0
		num colors         :  0
		num indices        :  2868
	processing begun of mesh:  shopwindow.001
		processing begun of Standard material:  shop
			Diffuse texture found "shopfront"
				Image texture found, type:  diffuseTexture, mapped using: "UVMap"
		num positions      :  313
		num normals        :  313
		num uvs            :  626
		num uvs2           :  0
		num colors         :  0
		num indices        :  504
	processing begun of mesh:  shopwindow
		registered as also a user of material:  shop
		num positions      :  74
		num normals        :  74
		num uvs            :  148
		num uvs2           :  0
		num colors         :  0
		num indices        :  102
	processing begun of mesh:  churchbell
		registered as also a user of material:  church
		registered as also a user of material:  stained
		registered as also a user of material:  edge
		registered as also a user of material:  lamp
		registered as also a user of material:  glass
		registered as also a user of material:  inside
		registered as also a user of material:  bell
		registered as also a user of material:  tiles
		registered as also a user of material:  door
		registered as also a user of material:  peak
		processing begun of multimaterial:  shop1h_ivy3.Multimaterial#4
		num positions      :  255
		num normals        :  255
		num uvs            :  510
		num uvs2           :  0
		num colors         :  0
		num indices        :  1224
	processing begun of mesh:  lamppost
		mesh is an instance of :  lamppost2.  Processing halted.
	processing begun of mesh:  lamp
		mesh is an instance of :  lamp2.  Processing halted.
	processing begun of mesh:  post00
		processing begun of Standard material:  fence
		processing begun of Standard material:  fensnow
		processing begun of multimaterial:  shop1h_ivy3.Multimaterial#5
		num positions      :  18
		num normals        :  18
		num uvs            :  0
		num uvs2           :  0
		num colors         :  0
		num indices        :  60
	processing begun of mesh:  post07
		mesh is an instance of :  post00.  Processing halted.
	processing begun of mesh:  post06
		mesh is an instance of :  post00.  Processing halted.
	processing begun of mesh:  post05
		mesh is an instance of :  post00.  Processing halted.
	processing begun of mesh:  post04
		mesh is an instance of :  post00.  Processing halted.
	processing begun of mesh:  post03
		mesh is an instance of :  post00.  Processing halted.
	processing begun of mesh:  post01
		mesh is an instance of :  post00.  Processing halted.
	processing begun of mesh:  post15
		mesh is an instance of :  post00.  Processing halted.
	processing begun of mesh:  post14
		mesh is an instance of :  post00.  Processing halted.
	processing begun of mesh:  post13
		mesh is an instance of :  post00.  Processing halted.
	processing begun of mesh:  post12
		mesh is an instance of :  post00.  Processing halted.
	processing begun of mesh:  post11
		mesh is an instance of :  post00.  Processing halted.
	processing begun of mesh:  fence2
		registered as also a user of material:  fence
		registered as also a user of material:  fensnow
		processing begun of multimaterial:  shop1h_ivy3.Multimaterial#6
		num positions      :  420
		num normals        :  420
		num uvs            :  0
		num uvs2           :  0
		num colors         :  0
		num indices        :  420
	processing begun of mesh:  post10
		mesh is an instance of :  post00.  Processing halted.
	processing begun of mesh:  post09
		mesh is an instance of :  post00.  Processing halted.
	processing begun of mesh:  post08
		mesh is an instance of :  post00.  Processing halted.
	processing begun of node:  wreaths
	processing begun of mesh:  wreath1
		registered as also a user of material:  wreath
		num positions      :  80
		num normals        :  80
		num uvs            :  160
		num uvs2           :  0
		num colors         :  0
		num indices        :  384
	processing begun of mesh:  wreath
		mesh is an instance of :  wreath1.  Processing halted.
	processing begun of node:  rlights
	processing begun of mesh:  redL7
		processing begun of Standard material:  red
		num positions      :  14
		num normals        :  14
		num uvs            :  0
		num uvs2           :  0
		num colors         :  0
		num indices        :  72
	processing begun of mesh:  redL6
		mesh is an instance of :  redL7.  Processing halted.
	processing begun of mesh:  redL5
		mesh is an instance of :  redL7.  Processing halted.
	processing begun of mesh:  redL4
		mesh is an instance of :  redL7.  Processing halted.
	processing begun of mesh:  redL3
		mesh is an instance of :  redL7.  Processing halted.
	processing begun of mesh:  redL2
		mesh is an instance of :  redL7.  Processing halted.
	processing begun of mesh:  redL1
		mesh is an instance of :  redL7.  Processing halted.
	processing begun of node:  glights
	processing begun of mesh:  greenL7
		processing begun of Standard material:  green
		num positions      :  14
		num normals        :  14
		num uvs            :  0
		num uvs2           :  0
		num colors         :  0
		num indices        :  72
	processing begun of mesh:  greenL6
		mesh is an instance of :  greenL7.  Processing halted.
	processing begun of mesh:  greenL5
		mesh is an instance of :  greenL7.  Processing halted.
	processing begun of mesh:  greenL4
		mesh is an instance of :  greenL7.  Processing halted.
	processing begun of mesh:  greenL3
		mesh is an instance of :  greenL7.  Processing halted.
	processing begun of mesh:  greenL2
		mesh is an instance of :  greenL7.  Processing halted.
	processing begun of mesh:  greenL1
		mesh is an instance of :  greenL7.  Processing halted.
	processing begun of node:  blights
	processing begun of mesh:  blueL7
		processing begun of Standard material:  blue
		num positions      :  14
		num normals        :  14
		num uvs            :  0
		num uvs2           :  0
		num colors         :  0
		num indices        :  72
	processing begun of mesh:  blueL6
		mesh is an instance of :  blueL7.  Processing halted.
	processing begun of mesh:  blueL5
		mesh is an instance of :  blueL7.  Processing halted.
	processing begun of mesh:  blueL4
		mesh is an instance of :  blueL7.  Processing halted.
	processing begun of mesh:  blueL3
		mesh is an instance of :  blueL7.  Processing halted.
	processing begun of mesh:  blueL2
		mesh is an instance of :  blueL7.  Processing halted.
	processing begun of mesh:  blueL1
		mesh is an instance of :  blueL7.  Processing halted.
	processing begun of node:  xpresents
	processing begun of mesh:  bow1.001
		processing begun of Standard material:  present3
		num positions      :  50
		num normals        :  50
		num uvs            :  0
		num uvs2           :  0
		num colors         :  0
		num indices        :  156
	processing begun of mesh:  bow4
		processing begun of Standard material:  present2
		num positions      :  50
		num normals        :  50
		num uvs            :  0
		num uvs2           :  0
		num colors         :  0
		num indices        :  156
	processing begun of mesh:  xpresent2
		processing begun of Standard material:  present
			Diffuse texture found "wrap"
				Image texture found, type:  diffuseTexture, mapped using: "UVMap"
		registered as also a user of material:  present2
		processing begun of multimaterial:  shop1h_ivy3.Multimaterial#7
		num positions      :  58
		num normals        :  58
		num uvs            :  116
		num uvs2           :  0
		num colors         :  0
		num indices        :  84
	processing begun of mesh:  xpresent3
		registered as also a user of material:  present
		registered as also a user of material:  present2
		registered as also a user of material:  present3
		processing begun of multimaterial:  shop1h_ivy3.Multimaterial#8
		num positions      :  60
		num normals        :  60
		num uvs            :  120
		num uvs2           :  0
		num colors         :  0
		num indices        :  84
	processing begun of mesh:  xpresent4
		registered as also a user of material:  present
		registered as also a user of material:  present2
		processing begun of multimaterial:  shop1h_ivy3.Multimaterial#9
		num positions      :  58
		num normals        :  58
		num uvs            :  116
		num uvs2           :  0
		num colors         :  0
		num indices        :  84
	processing begun of mesh:  xpresent1
		registered as also a user of material:  present
		registered as also a user of material:  present2
		registered as also a user of material:  present3
		processing begun of multimaterial:  shop1h_ivy3.Multimaterial#10
		num positions      :  58
		num normals        :  58
		num uvs            :  116
		num uvs2           :  0
		num colors         :  0
		num indices        :  84
	processing begun of mesh:  bow1
		mesh is an instance of :  bow4.  Processing halted.
	processing begun of node:  xgreenL.001
	processing begun of mesh:  xgreen1.001
		mesh is an instance of :  greenL7.  Processing halted.
	processing begun of mesh:  xgreen2.001
		mesh is an instance of :  greenL7.  Processing halted.
	processing begun of mesh:  xgreen3.001
		mesh is an instance of :  greenL7.  Processing halted.
	processing begun of mesh:  xgreen4.001
		mesh is an instance of :  greenL7.  Processing halted.
	processing begun of mesh:  xgreen5.001
		mesh is an instance of :  greenL7.  Processing halted.
	processing begun of mesh:  xgreen6.001
		mesh is an instance of :  greenL7.  Processing halted.
	processing begun of mesh:  xgreen7.001
		mesh is an instance of :  greenL7.  Processing halted.
	processing begun of mesh:  xgreen8.001
		mesh is an instance of :  greenL7.  Processing halted.
	processing begun of node:  xblueL
	processing begun of mesh:  xblue10
		mesh is an instance of :  blueL7.  Processing halted.
	processing begun of mesh:  xblue9
		mesh is an instance of :  blueL7.  Processing halted.
	processing begun of mesh:  xblue8
		mesh is an instance of :  blueL7.  Processing halted.
	processing begun of mesh:  xblue7
		mesh is an instance of :  blueL7.  Processing halted.
	processing begun of mesh:  xblue6
		mesh is an instance of :  blueL7.  Processing halted.
	processing begun of mesh:  xblue5
		mesh is an instance of :  blueL7.  Processing halted.
	processing begun of mesh:  xblue3
		mesh is an instance of :  blueL7.  Processing halted.
	processing begun of mesh:  xblue4
		mesh is an instance of :  blueL7.  Processing halted.
	processing begun of mesh:  xblue2
		mesh is an instance of :  blueL7.  Processing halted.
	processing begun of mesh:  xblue1
		mesh is an instance of :  blueL7.  Processing halted.
	processing begun of node:  xredL
	processing begun of mesh:  xred7
		mesh is an instance of :  redL7.  Processing halted.
	processing begun of mesh:  xred6
		mesh is an instance of :  redL7.  Processing halted.
	processing begun of mesh:  xred5
		mesh is an instance of :  redL7.  Processing halted.
	processing begun of mesh:  xred4
		mesh is an instance of :  redL7.  Processing halted.
	processing begun of mesh:  xred3
		mesh is an instance of :  redL7.  Processing halted.
	processing begun of mesh:  xred2
		mesh is an instance of :  redL7.  Processing halted.
	processing begun of mesh:  xred1
		mesh is an instance of :  redL7.  Processing halted.
	processing begun of node:  xgreenL
	processing begun of mesh:  xgreen8
		mesh is an instance of :  greenL7.  Processing halted.
	processing begun of mesh:  xgreen7
		mesh is an instance of :  greenL7.  Processing halted.
	processing begun of mesh:  xgreen6
		mesh is an instance of :  greenL7.  Processing halted.
	processing begun of mesh:  xgreen5
		mesh is an instance of :  greenL7.  Processing halted.
	processing begun of mesh:  xgreen4
		mesh is an instance of :  greenL7.  Processing halted.
	processing begun of mesh:  xgreen3
		mesh is an instance of :  greenL7.  Processing halted.
	processing begun of mesh:  xgreen2
		mesh is an instance of :  greenL7.  Processing halted.
	processing begun of mesh:  xgreen1
		mesh is an instance of :  greenL7.  Processing halted.
	processing begun of node:  xtree
	processing begun of mesh:  ribbon
		processing begun of Standard material:  ribbon
		num positions      :  130
		num normals        :  130
		num uvs            :  0
		num uvs2           :  0
		num colors         :  0
		num indices        :  384
	processing begun of mesh:  tree
		processing begun of Standard material:  trunk
			Diffuse texture found "bark"
				Image texture found, type:  diffuseTexture, mapped using: "UVMap"
		num positions      :  18
		num normals        :  18
		num uvs            :  36
		num uvs2           :  0
		num colors         :  0
		num indices        :  48
	processing begun of mesh:  branch
		processing begun of Standard material:  branch
			Diffuse texture found "leaves"
				Image texture found, type:  diffuseTexture, mapped using: "UVMap"
			Opacity texture found "leaves"
				Image texture found, type:  opacityTexture, mapped using: "UVMap"
		num positions      :  324
		num normals        :  324
		num uvs            :  648
		num uvs2           :  0
		num colors         :  0
		num indices        :  444
	processing begun of mesh:  cottage1
		registered as also a user of material:  cottrim
		registered as also a user of material:  cottwall
		registered as also a user of material:  windows
		registered as also a user of material:  doors
		registered as also a user of material:  wreath
		registered as also a user of material:  tiles
		registered as also a user of material:  peak
		processing begun of multimaterial:  shop1h_ivy3.Multimaterial#11
		num positions      :  1464
		num normals        :  1464
		num uvs            :  2928
		num uvs2           :  0
		num colors         :  0
		num indices        :  1464
	processing begun of mesh:  wireL
		processing begun of Standard material:  wire
		num positions      :  22
		num normals        :  22
		num uvs            :  0
		num uvs2           :  0
		num colors         :  0
		num indices        :  60
	processing begun of mesh:  house
		processing begun of Standard material:  base1
			Diffuse texture found "rockbase"
				Image texture found, type:  diffuseTexture, mapped using: "UVMap"
		processing begun of Standard material:  house
			Diffuse texture found "bricks"
				Image texture found, type:  diffuseTexture, mapped using: "UVMap"
		registered as also a user of material:  doors
		registered as also a user of material:  windows
		processing begun of Standard material:  boards
			Diffuse texture found "siding"
				Image texture found, type:  diffuseTexture, mapped using: "UVMap"
		registered as also a user of material:  tiles
		registered as also a user of material:  peak
		registered as also a user of material:  shop
		processing begun of multimaterial:  shop1h_ivy3.Multimaterial#12
		num positions      :  1998
		num normals        :  1998
		num uvs            :  3996
		num uvs2           :  0
		num colors         :  0
		num indices        :  1998
		WARNING: # of 0 area faces found:  2
	WARNING: The following camera not visible in scene thus ignored: Camera
	processing begun of mesh:  church
		registered as also a user of material:  church
		registered as also a user of material:  stained
		registered as also a user of material:  edge
		registered as also a user of material:  lamp
		registered as also a user of material:  glass
		registered as also a user of material:  inside
		registered as also a user of material:  bell
		registered as also a user of material:  tiles
		registered as also a user of material:  door
		registered as also a user of material:  peak
		processing begun of multimaterial:  shop1h_ivy3.Multimaterial#13
		num positions      :  2784
		num normals        :  2784
		num uvs            :  5568
		num uvs2           :  0
		num colors         :  0
		num indices        :  2784
		WARNING: # of 0 area faces found:  20
	processing begun of mesh:  snowman
		processing begun of Standard material:  snowman
			Diffuse texture found "snowman_min"
				Image texture found, type:  diffuseTexture, mapped using: "UVMap"
		processing begun of Standard material:  coal
		processing begun of Standard material:  belt
			Diffuse texture found "belt1"
				Image texture found, type:  diffuseTexture, mapped using: "UVMap"
		processing begun of Standard material:  Material
		processing begun of multimaterial:  shop1h_ivy3.Multimaterial#14
		num positions      :  725
		num normals        :  725
		num uvs            :  1450
		num uvs2           :  0
		num colors         :  0
		num indices        :  3600
	processing begun of mesh:  fence
		registered as also a user of material:  fence
		registered as also a user of material:  fensnow
		processing begun of multimaterial:  shop1h_ivy3.Multimaterial#15
		num positions      :  420
		num normals        :  420
		num uvs            :  0
		num uvs2           :  0
		num colors         :  0
		num indices        :  420
	processing begun of mesh:  post02
		mesh is an instance of :  post00.  Processing halted.
	processing begun of mesh:  soldier
		mesh is an instance of :  soldier2.  Processing halted.
	processing begun of mesh:  horse
		processing begun of Standard material:  head
			Diffuse texture found "horse"
				Image texture found, type:  diffuseTexture, mapped using: "UVMap"
		processing begun of Standard material:  foot
		processing begun of Standard material:  strut
		processing begun of multimaterial:  shop1h_ivy3.Multimaterial#16
		num positions      :  1098
		num normals        :  1098
		num uvs            :  2196
		num uvs2           :  0
		num colors         :  0
		num indices        :  2022
	processing begun of mesh:  doll
		processing begun of Standard material:  blouse
		processing begun of Standard material:  skirt
		processing begun of Standard material:  cap1
		processing begun of Standard material:  hands
		processing begun of Standard material:  boots
		processing begun of Standard material:  face
			Diffuse texture found "face"
				Image texture found, type:  diffuseTexture, mapped using: "UVMap"
		processing begun of multimaterial:  shop1h_ivy3.Multimaterial#17
		num positions      :  482
		num normals        :  482
		num uvs            :  964
		num uvs2           :  0
		num colors         :  0
		num indices        :  2322
	processing begun of mesh:  bench
		registered as also a user of material:  lamp
		processing begun of Standard material:  bench
			Diffuse texture found "plank"
				Image texture found, type:  diffuseTexture, mapped using: "UVMap"
		processing begun of Standard material:  snow
			Diffuse texture found "siding"
				Image texture found, type:  diffuseTexture, mapped using: "UVMap"
		processing begun of multimaterial:  shop1h_ivy3.Multimaterial#18
		num positions      :  164
		num normals        :  164
		num uvs            :  328
		num uvs2           :  0
		num colors         :  0
		num indices        :  468
	WARNING: The following lamp not visible in scene thus ignored: Point1
	WARNING: The following lamp not visible in scene thus ignored: Hemi
========= Writing of scene file started =========
========= Writing of scene file completed =========
========= end of processing =========
elapsed time:  0 min, 1.2031 secs
