Exporter version: 5.4.0, Blender version: 2.76 (sub 0)
========= Conversion from Blender to Babylon.js =========
	Scene settings used:
		selected layers only:  false
		flat shading entire scene:  false
		inline textures:  false
		texture directory:  E:\EasyPHP-DevServer-14.1VC9\data\localweb\webgl\calabi\
	Python World class constructor completed
	processing begun of mesh:  Cube
		processing begun of Standard material:  Material
		num positions      :  8
		num normals        :  8
		num uvs            :  0
		num uvs2           :  0
		num colors         :  0
		num indices        :  36
	processing begun of camera (ArcRotateCamera):  Camera
	processing begun of mesh:  Calabiyau3D
		registered as also a user of material:  Material
		num positions      :  29316
		num normals        :  29316
		num uvs            :  0
		num uvs2           :  0
		num colors         :  0
		num indices        :  185400
	processing begun of light (HEMI):  Hemi
========= Writing of scene file started =========
========= Writing of scene file completed =========
========= end of processing =========
elapsed time:  0 min, 7.5781 secs
