Exporter version: 2.93-beta 1, Blender version: 2.93.0 Beta
========= Conversion from Blender to Babylon.js =========
	Scene settings used :
		Inline textures     :  false
		Material Type       :  STD
		Positions Precision :  4
		Normals Precision   :  3
		UVs Precision       :  3
		Vert Color Precision:  3
		Mat Weight Precision:  2
		Keep Z-up r-handed  :  no
		Texture directory   :  H:\babylon_projects\violetta\
	Python World class constructor completed
	processing begun of camera (UniversalCamera):  Camera
	processing begun of mesh:  Cube
		processing begun of material:  white
		num positions      :  29
		num normals        :  29
		num tangents       :  0
		num uvs            :  58
		num uvs2           :  0
		num colors         :  0
		num triangles      :  12
	processing begun of mesh:  Male_Head
		processing begun of material:  skin
			processing texture skin1
				texture type:  diffuseTexture, mapped using: "DiffMap"
		num positions      :  2686
		num normals        :  2686
		num tangents       :  0
		num uvs            :  5372
		num uvs2           :  0
		num colors         :  10744
		num triangles      :  2482
		Shape Keys:
			open added
				processing action KeyAction
			wide added
				processing action KeyAction
			upper added
				processing action KeyAction
	processing begun of mesh:  teeth1
		processing begun of material:  eye_teeth
			processing texture teeth3_copy
				texture type:  diffuseTexture, mapped using: "UVTex"
		num positions      :  275
		num normals        :  275
		num tangents       :  0
		num uvs            :  550
		num uvs2           :  0
		num colors         :  0
		num triangles      :  120
	processing begun of mesh:  eye_L
		processing begun of material:  eye_teeth
		registered as also a user of material:  eye_teeth
		num positions      :  161
		num normals        :  161
		num tangents       :  0
		num uvs            :  322
		num uvs2           :  0
		num colors         :  0
		num triangles      :  304
	processing begun of mesh:  eye_R
		processing begun of material:  eye_teeth
		registered as also a user of material:  eye_teeth
		num positions      :  161
		num normals        :  161
		num tangents       :  0
		num uvs            :  322
		num uvs2           :  0
		num colors         :  0
		num triangles      :  304
	processing begun of light (HEMI FROM AREA):  Light
========= Writing of JSON file started =========
	writing mesh:  Cube
	writing mesh:  Male_Head
	writing mesh:  teeth1
	writing mesh:  eye_L
	writing mesh:  eye_R
========= Writing of JSON file completed =========
========= end of processing =========
elapsed time:  0 min, 2.135 secs
