Exporter version: 2.93.4, Blender version: 2.93.4
========= Conversion from Blender to Babylon.js =========
	Scene settings used :
		Inline textures     :  false
		Material Type       :  PBR
		Positions Precision :  4
		Normals Precision   :  3
		UVs Precision       :  3
		Vert Color Precision:  3
		Mat Weight Precision:  2
		Keep Z-up r-handed  :  no
		Texture directory   :  H:\babylon_projects\quater_bobby_beat2\
	Python World class constructor completed
	processing begun of skeleton:  aColonel, id:  0
		processing begun of bone:  Hips, index:  0
		processing begun of bone:  LeftUpLeg, index:  1
		processing begun of bone:  LeftLeg, index:  2
		processing begun of bone:  LeftFoot, index:  3
		processing begun of bone:  LeftToeBase, index:  4
		processing begun of bone:  LowerBack, index:  5
		processing begun of bone:  Spine, index:  6
		processing begun of bone:  Spine1, index:  7
		processing begun of bone:  LeftShoulder, index:  8
		processing begun of bone:  LeftArm, index:  9
		processing begun of bone:  LeftForeArm, index:  10
		processing begun of bone:  LeftHand, index:  11
		processing begun of bone:  LThumb, index:  12
		processing begun of bone:  LeftFingerBase, index:  13
		processing begun of bone:  LeftHandFinger1, index:  14
		processing begun of bone:  Neck, index:  15
		processing begun of bone:  Neck1, index:  16
		processing begun of bone:  Head, index:  17
		processing begun of bone:  jaw, index:  18
		processing begun of bone:  RightShoulder, index:  19
		processing begun of bone:  RightArm, index:  20
		processing begun of bone:  RightForeArm, index:  21
		processing begun of bone:  RightHand, index:  22
		processing begun of bone:  RThumb, index:  23
		processing begun of bone:  RightFingerBase, index:  24
		processing begun of bone:  RightHandFinger1, index:  25
		processing begun of bone:  RightUpLeg, index:  26
		processing begun of bone:  RightLeg, index:  27
		processing begun of bone:  RightFoot, index:  28
		processing begun of bone:  RightToeBase, index:  29
		Ignoring IK bone:  LeftLeg.IK
		Ignoring IK bone:  RightLeg.IK
		Ignoring IK bone:  RightHand.IK
		Ignoring IK bone:  LeftHand.IK
		Ignoring IK bone:  LeftKnee.IK
		Ignoring IK bone:  RightKnee.IK
		Ignoring IK bone:  RightElbow.IK
		Ignoring IK bone:  LeftElbow.IK
		processing action idleAction:  in[1 - 60], out[0 - 60]
		processing action talkAction:  in[1 - 30], out[70 - 100]
	processing begun of mesh:  soldier_skin
		processing begun of material:  skin
			processing texture newskin01
				texture type:  diffuseTexture, mapped using: "UVMap"
		num positions      :  1180
		num normals        :  1180
		num tangents       :  0
		num uvs            :  2360
		num uvs2           :  0
		num colors         :  0
		num triangles      :  1294
		Skeleton stats:  
			Total Influencers:  2868
			Avg # of influencers per vertex:  2.4305
			Highest # of influencers observed:  5, num vertices with this:  64
			exported as 5 influencers
			num skeletonWeights and skeletonIndices:  9440
	processing begun of mesh:  soldier_eyes
		processing begun of material:  skin
		registered as also a user of material:  skin
		num positions      :  96
		num normals        :  96
		num tangents       :  0
		num uvs            :  192
		num uvs2           :  0
		num colors         :  0
		num triangles      :  172
		Skeleton stats:  
			Total Influencers:  96
			Avg # of influencers per vertex:  1
			Highest # of influencers observed:  1, num vertices with this:  96
			exported as 1 influencers
			num skeletonWeights and skeletonIndices:  384
	processing begun of mesh:  soldier_jacket
		processing begun of material:  bobby_jacket
			processing texture colonel_khaki01
				texture type:  diffuseTexture, mapped using: "UVMap"
		num positions      :  4929
		num normals        :  4929
		num tangents       :  0
		num uvs            :  9858
		num uvs2           :  0
		num colors         :  0
		num triangles      :  5659
		Skeleton stats:  
			Total Influencers:  20339
			Avg # of influencers per vertex:  4.1264
			Highest # of influencers observed:  7, num vertices with this:  221
			exported as 7 influencers
			num skeletonWeights and skeletonIndices:  39432
	processing begun of mesh:  soldier_boots
		processing begun of material:  bobby_jacket
		registered as also a user of material:  bobby_jacket
		num positions      :  784
		num normals        :  784
		num tangents       :  0
		num uvs            :  1568
		num uvs2           :  0
		num colors         :  0
		num triangles      :  1216
		Skeleton stats:  
			Total Influencers:  1633
			Avg # of influencers per vertex:  2.0829
			Highest # of influencers observed:  3, num vertices with this:  126
			exported as 3 influencers
			num skeletonWeights and skeletonIndices:  3136
	processing begun of mesh:  soldier_pants
		animation processing begun
			processing action idleAction:  in[1 - 60], out[0 - 60]
		processing begun of material:  bobby_jacket
		registered as also a user of material:  bobby_jacket
		num positions      :  1255
		num normals        :  1255
		num tangents       :  0
		num uvs            :  2510
		num uvs2           :  0
		num colors         :  0
		num triangles      :  2066
		Skeleton stats:  
			Total Influencers:  2212
			Avg # of influencers per vertex:  1.7625
			Highest # of influencers observed:  4, num vertices with this:  17
			exported as 4 influencers
			num skeletonWeights and skeletonIndices:  5020
	processing begun of mesh:  soldier_teeth_Low
		processing begun of material:  skin
		registered as also a user of material:  skin
		num positions      :  137
		num normals        :  137
		num tangents       :  0
		num uvs            :  274
		num uvs2           :  0
		num colors         :  0
		num triangles      :  60
		Skeleton stats:  
			Total Influencers:  137
			Avg # of influencers per vertex:  1
			Highest # of influencers observed:  1, num vertices with this:  137
			exported as 1 influencers
			num skeletonWeights and skeletonIndices:  548
	processing begun of mesh:  soldier_teeth_Up
		processing begun of material:  skin
		registered as also a user of material:  skin
		num positions      :  138
		num normals        :  138
		num tangents       :  0
		num uvs            :  276
		num uvs2           :  0
		num colors         :  0
		num triangles      :  60
		Skeleton stats:  
			Total Influencers:  138
			Avg # of influencers per vertex:  1
			Highest # of influencers observed:  1, num vertices with this:  138
			exported as 1 influencers
			num skeletonWeights and skeletonIndices:  552
	processing begun of mesh:  soldier_cap
		processing begun of material:  bobby_jacket
		registered as also a user of material:  bobby_jacket
		num positions      :  1040
		num normals        :  1040
		num tangents       :  0
		num uvs            :  2080
		num uvs2           :  0
		num colors         :  0
		num triangles      :  1048
		Skeleton stats:  
			Total Influencers:  1040
			Avg # of influencers per vertex:  1
			Highest # of influencers observed:  1, num vertices with this:  1040
			exported as 1 influencers
			num skeletonWeights and skeletonIndices:  4160
	processing begun of mesh:  soldier_buckle
		processing begun of material:  bobby_jacket
		registered as also a user of material:  bobby_jacket
		num positions      :  133
		num normals        :  133
		num tangents       :  0
		num uvs            :  266
		num uvs2           :  0
		num colors         :  0
		num triangles      :  136
		Skeleton stats:  
			Total Influencers:  266
			Avg # of influencers per vertex:  2
			Highest # of influencers observed:  2, num vertices with this:  133
			exported as 2 influencers
			num skeletonWeights and skeletonIndices:  532
	WARNING: The following camera not visible in scene thus ignored: Camera
========= Writing of JSON file started =========
	writing mesh:  soldier_skin
	writing mesh:  soldier_eyes
	writing mesh:  soldier_jacket
	writing mesh:  soldier_boots
	writing mesh:  soldier_pants
	writing mesh:  soldier_teeth_Low
	writing mesh:  soldier_teeth_Up
	writing mesh:  soldier_cap
	writing mesh:  soldier_buckle
========= Writing of JSON file completed =========
========= end of processing =========
elapsed time:  0 min, 4.9234 secs
