Exporter version: 2.93-beta 3, Blender version: 2.93.0 Beta
========= Conversion from Blender to Babylon.js =========
	Scene settings used :
		Inline textures     :  false
		Material Type       :  PBR
		Positions Precision :  4
		Normals Precision   :  3
		UVs Precision       :  3
		Vert Color Precision:  3
		Mat Weight Precision:  2
		Keep Z-up r-handed  :  no
		Texture directory   :  H:\babylon_projects\walkpath01\
	Python World class constructor completed
	processing begun of skeleton:  Uni1228.001, id:  0
		processing begun of bone:  Hips, index:  0
		processing begun of bone:  LHipJoint, index:  1
		processing begun of bone:  LeftUpLeg, index:  2
		processing begun of bone:  LeftLeg, index:  3
		processing begun of bone:  LeftFoot, index:  4
		processing begun of bone:  LeftToeBase, index:  5
		processing begun of bone:  LowerBack, index:  6
		processing begun of bone:  Spine, index:  7
		processing begun of bone:  Spine1, index:  8
		processing begun of bone:  LeftShoulder, index:  9
		processing begun of bone:  LeftArm, index:  10
		processing begun of bone:  LeftForeArm, index:  11
		processing begun of bone:  LeftHand, index:  12
		processing begun of bone:  LThumb, index:  13
		processing begun of bone:  LeftFingerBase, index:  14
		processing begun of bone:  LeftHandFinger1, index:  15
		processing begun of bone:  Neck, index:  16
		processing begun of bone:  Neck1, index:  17
		processing begun of bone:  Head, index:  18
		processing begun of bone:  RightShoulder, index:  19
		processing begun of bone:  RightArm, index:  20
		processing begun of bone:  RightForeArm, index:  21
		processing begun of bone:  RightHand, index:  22
		processing begun of bone:  RThumb, index:  23
		processing begun of bone:  RightFingerBase, index:  24
		processing begun of bone:  RightHandFinger1, index:  25
		processing begun of bone:  RHipJoint, index:  26
		processing begun of bone:  RightUpLeg, index:  27
		processing begun of bone:  RightLeg, index:  28
		processing begun of bone:  RightFoot, index:  29
		processing begun of bone:  RightToeBase, index:  30
		processing action walk:  in[1 - 30], out[0 - 30]
	processing begun of mesh:  Uni1228
		processing begun of material:  skin
		num positions      :  1356
		num normals        :  1356
		num tangents       :  0
		num uvs            :  2712
		num uvs2           :  0
		num colors         :  0
		num triangles      :  1496
		Skeleton stats:  
			Total Influencers:  2447
			Avg # of influencers per vertex:  1.8046
			Highest # of influencers observed:  7, num vertices with this:  8
			exported as 7 influencers
			num skeletonWeights and skeletonIndices:  10848
	processing begun of mesh:  casualsuit02
		processing begun of material:  blue
		processing begun of material:  grey
		processing begun of multimaterial:  simple07b.Multimaterial#0
		num positions      :  2621
		num normals        :  2621
		num tangents       :  0
		num uvs            :  5242
		num uvs2           :  0
		num colors         :  0
		num triangles      :  4120
		Skeleton stats:  
			Total Influencers:  8510
			Avg # of influencers per vertex:  3.2469
			Highest # of influencers observed:  7, num vertices with this:  41
			exported as 7 influencers
			num skeletonWeights and skeletonIndices:  20968
	processing begun of mesh:  Shoes01
		processing begun of material:  shoes
		num positions      :  2063
		num normals        :  2063
		num tangents       :  0
		num uvs            :  4126
		num uvs2           :  0
		num colors         :  0
		num triangles      :  3320
		Skeleton stats:  
			Total Influencers:  3079
			Avg # of influencers per vertex:  1.4925
			Highest # of influencers observed:  3, num vertices with this:  12
			exported as 3 influencers
			num skeletonWeights and skeletonIndices:  8252
	processing begun of node:  Empty
	processing begun of light (HEMI FROM AREA):  Light
========= Writing of JSON file started =========
	writing mesh:  Uni1228
	writing mesh:  casualsuit02
	writing mesh:  Shoes01
========= Writing of JSON file completed =========
========= end of processing =========
elapsed time:  0 min, 2.9281 secs
