Exporter version: 2.93.4, Blender version: 2.93.4
========= Conversion from Blender to Babylon.js =========
	Scene settings used :
		Inline textures     :  false
		Material Type       :  PBR
		Positions Precision :  4
		Normals Precision   :  3
		UVs Precision       :  3
		Vert Color Precision:  3
		Mat Weight Precision:  2
		Keep Z-up r-handed  :  no
		Texture directory   :  H:\XDrive\mixamo\BJSProblem\sofia\sofia\
	Python World class constructor completed
	processing begun of skeleton:  Armature, id:  0
		processing begun of bone:  mixamorig:Hips, index:  0
		processing begun of bone:  mixamorig:Spine, index:  1
		processing begun of bone:  mixamorig:Spine1, index:  2
		processing begun of bone:  mixamorig:Spine2, index:  3
		processing begun of bone:  mixamorig:Neck, index:  4
		processing begun of bone:  mixamorig:Head, index:  5
		processing begun of bone:  mixamorig:HeadTop_End, index:  6
		processing begun of bone:  mixamorig:LeftShoulder, index:  7
		processing begun of bone:  mixamorig:LeftArm, index:  8
		processing begun of bone:  mixamorig:LeftForeArm, index:  9
		processing begun of bone:  mixamorig:LeftHand, index:  10
		processing begun of bone:  mixamorig:LeftHandThumb1, index:  11
		processing begun of bone:  mixamorig:LeftHandThumb2, index:  12
		processing begun of bone:  mixamorig:LeftHandThumb3, index:  13
		processing begun of bone:  mixamorig:LeftHandThumb4, index:  14
		processing begun of bone:  mixamorig:LeftHandIndex1, index:  15
		processing begun of bone:  mixamorig:LeftHandIndex2, index:  16
		processing begun of bone:  mixamorig:LeftHandIndex3, index:  17
		processing begun of bone:  mixamorig:LeftHandIndex4, index:  18
		processing begun of bone:  mixamorig:LeftHandMiddle1, index:  19
		processing begun of bone:  mixamorig:LeftHandMiddle2, index:  20
		processing begun of bone:  mixamorig:LeftHandMiddle3, index:  21
		processing begun of bone:  mixamorig:LeftHandMiddle4, index:  22
		processing begun of bone:  mixamorig:LeftHandRing1, index:  23
		processing begun of bone:  mixamorig:LeftHandRing2, index:  24
		processing begun of bone:  mixamorig:LeftHandRing3, index:  25
		processing begun of bone:  mixamorig:LeftHandRing4, index:  26
		processing begun of bone:  mixamorig:LeftHandPinky1, index:  27
		processing begun of bone:  mixamorig:LeftHandPinky2, index:  28
		processing begun of bone:  mixamorig:LeftHandPinky3, index:  29
		processing begun of bone:  mixamorig:LeftHandPinky4, index:  30
		processing begun of bone:  mixamorig:RightShoulder, index:  31
		processing begun of bone:  mixamorig:RightArm, index:  32
		processing begun of bone:  mixamorig:RightForeArm, index:  33
		processing begun of bone:  mixamorig:RightHand, index:  34
		processing begun of bone:  mixamorig:RightHandThumb1, index:  35
		processing begun of bone:  mixamorig:RightHandThumb2, index:  36
		processing begun of bone:  mixamorig:RightHandThumb3, index:  37
		processing begun of bone:  mixamorig:RightHandThumb4, index:  38
		processing begun of bone:  mixamorig:RightHandIndex1, index:  39
		processing begun of bone:  mixamorig:RightHandIndex2, index:  40
		processing begun of bone:  mixamorig:RightHandIndex3, index:  41
		processing begun of bone:  mixamorig:RightHandIndex4, index:  42
		processing begun of bone:  mixamorig:RightHandMiddle1, index:  43
		processing begun of bone:  mixamorig:RightHandMiddle2, index:  44
		processing begun of bone:  mixamorig:RightHandMiddle3, index:  45
		processing begun of bone:  mixamorig:RightHandMiddle4, index:  46
		processing begun of bone:  mixamorig:RightHandRing1, index:  47
		processing begun of bone:  mixamorig:RightHandRing2, index:  48
		processing begun of bone:  mixamorig:RightHandRing3, index:  49
		processing begun of bone:  mixamorig:RightHandRing4, index:  50
		processing begun of bone:  mixamorig:RightHandPinky1, index:  51
		processing begun of bone:  mixamorig:RightHandPinky2, index:  52
		processing begun of bone:  mixamorig:RightHandPinky3, index:  53
		processing begun of bone:  mixamorig:RightHandPinky4, index:  54
		processing begun of bone:  mixamorig:LeftUpLeg, index:  55
		processing begun of bone:  mixamorig:LeftLeg, index:  56
		processing begun of bone:  mixamorig:LeftFoot, index:  57
		processing begun of bone:  mixamorig:LeftToeBase, index:  58
		processing begun of bone:  mixamorig:LeftToe_End, index:  59
		processing begun of bone:  mixamorig:RightUpLeg, index:  60
		processing begun of bone:  mixamorig:RightLeg, index:  61
		processing begun of bone:  mixamorig:RightFoot, index:  62
		processing begun of bone:  mixamorig:RightToeBase, index:  63
		processing begun of bone:  mixamorig:RightToe_End, index:  64
		processing action idle:  in[1 - 180], out[0 - 180]
		processing action slowRun:  in[1 - 23], out[190 - 213]
		processing action walk:  in[1 - 36], out[220 - 256]
	processing begun of camera (ArcRotateCamera):  Camera
	processing begun of mesh:  Wolf3D_Outfit_Top
		WARNING: No materials have been assigned: 
		Custom split normals with tangents being used
		num positions      :  2812
		num normals        :  2812
		num tangents       :  11248
		num uvs            :  5624
		num uvs2           :  0
		num colors         :  0
		num triangles      :  4299
		Skeleton stats:  
			Total Influencers:  7995
			Avg # of influencers per vertex:  2.8432
			Highest # of influencers observed:  5, num vertices with this:  139
			exported as 5 influencers
			num skeletonWeights and skeletonIndices:  22496
	processing begun of mesh:  Wolf3D_Outfit_Bottom
		WARNING: No materials have been assigned: 
		Custom split normals with tangents being used
		num positions      :  1855
		num normals        :  1855
		num tangents       :  7420
		num uvs            :  3710
		num uvs2           :  0
		num colors         :  0
		num triangles      :  3062
		Skeleton stats:  
			Total Influencers:  4384
			Avg # of influencers per vertex:  2.3633
			Highest # of influencers observed:  4, num vertices with this:  1
			exported as 4 influencers
			num skeletonWeights and skeletonIndices:  7420
	processing begun of mesh:  Wolf3D_Head
		WARNING: No materials have been assigned: 
		Custom split normals with tangents being used
		num positions      :  2165
		num normals        :  2165
		num tangents       :  8660
		num uvs            :  4330
		num uvs2           :  0
		num colors         :  0
		num triangles      :  4094
		Skeleton stats:  
			Total Influencers:  4479
			Avg # of influencers per vertex:  2.0688
			Highest # of influencers observed:  5, num vertices with this:  4
			exported as 5 influencers
			num skeletonWeights and skeletonIndices:  17320
	processing begun of mesh:  EyeRight
		WARNING: No materials have been assigned: 
		Custom split normals with tangents being used
		num positions      :  120
		num normals        :  120
		num tangents       :  480
		num uvs            :  240
		num uvs2           :  0
		num colors         :  0
		num triangles      :  206
		Skeleton stats:  
			Total Influencers:  240
			Avg # of influencers per vertex:  2
			Highest # of influencers observed:  2, num vertices with this:  120
			exported as 2 influencers
			num skeletonWeights and skeletonIndices:  480
	processing begun of mesh:  Wolf3D_Headwear
		WARNING: No materials have been assigned: 
		Custom split normals with tangents being used
		num positions      :  580
		num normals        :  580
		num tangents       :  2320
		num uvs            :  1160
		num uvs2           :  0
		num colors         :  0
		num triangles      :  997
		Skeleton stats:  
			Total Influencers:  1387
			Avg # of influencers per vertex:  2.3914
			Highest # of influencers observed:  5, num vertices with this:  7
			exported as 5 influencers
			num skeletonWeights and skeletonIndices:  4640
	processing begun of mesh:  EyeLeft
		WARNING: No materials have been assigned: 
		Custom split normals with tangents being used
		num positions      :  120
		num normals        :  120
		num tangents       :  480
		num uvs            :  240
		num uvs2           :  0
		num colors         :  0
		num triangles      :  206
		Skeleton stats:  
			Total Influencers:  240
			Avg # of influencers per vertex:  2
			Highest # of influencers observed:  2, num vertices with this:  120
			exported as 2 influencers
			num skeletonWeights and skeletonIndices:  480
	processing begun of mesh:  Wolf3D_Teeth
		WARNING: No materials have been assigned: 
		Custom split normals with tangents being used
		num positions      :  113
		num normals        :  113
		num tangents       :  452
		num uvs            :  226
		num uvs2           :  0
		num colors         :  0
		num triangles      :  100
		Skeleton stats:  
			Total Influencers:  226
			Avg # of influencers per vertex:  2
			Highest # of influencers observed:  2, num vertices with this:  113
			exported as 2 influencers
			num skeletonWeights and skeletonIndices:  452
	processing begun of mesh:  Wolf3D_Body
		WARNING: No materials have been assigned: 
		Custom split normals with tangents being used
		num positions      :  922
		num normals        :  922
		num tangents       :  3688
		num uvs            :  1844
		num uvs2           :  0
		num colors         :  0
		num triangles      :  1446
		Skeleton stats:  
			Total Influencers:  2457
			Avg # of influencers per vertex:  2.6649
			Highest # of influencers observed:  7, num vertices with this:  2
			exported as 7 influencers
			num skeletonWeights and skeletonIndices:  7376
	processing begun of mesh:  Wolf3D_Outfit_Footwear
		WARNING: No materials have been assigned: 
		Custom split normals with tangents being used
		num positions      :  1160
		num normals        :  1160
		num tangents       :  4640
		num uvs            :  2320
		num uvs2           :  0
		num colors         :  0
		num triangles      :  1888
		Skeleton stats:  
			Total Influencers:  2909
			Avg # of influencers per vertex:  2.5078
			Highest # of influencers observed:  4, num vertices with this:  3
			exported as 4 influencers
			num skeletonWeights and skeletonIndices:  4640
	processing begun of mesh:  Cube
		WARNING: No materials have been assigned: 
		num positions      :  29
		num normals        :  29
		num tangents       :  0
		num uvs            :  58
		num uvs2           :  0
		num colors         :  0
		num triangles      :  12
	processing begun of light (HEMI FROM AREA):  Light
========= Writing of JSON file started =========
	writing mesh:  Wolf3D_Outfit_Top
	writing mesh:  Wolf3D_Outfit_Bottom
	writing mesh:  Wolf3D_Head
	writing mesh:  EyeRight
	writing mesh:  Wolf3D_Headwear
	writing mesh:  EyeLeft
	writing mesh:  Wolf3D_Teeth
	writing mesh:  Wolf3D_Body
	writing mesh:  Wolf3D_Outfit_Footwear
	writing mesh:  Cube
========= Writing of JSON file completed =========
========= end of processing =========
elapsed time:  0 min, 9.5225 secs
