Exporter version: 6.4.4, Blender version: 2.90.0
========= Conversion from Blender to Babylon.js =========
	Scene settings used :
		Inline textures     :  false
		Material Type       :  PBR
		Positions Precision :  4
		Normals Precision   :  3
		UVs Precision       :  3
		Vert Color Precision:  3
		Mat Weight Precision:  2
		Keep Z-up r-handed  :  no
		Texture directory   :  H:\babylon_projects\1984_04\
	Python World class constructor completed
	processing begun of skeleton:  1984_stand, id:  0
		processing begun of bone:  Hips, index:  0
		processing begun of bone:  LeftUpLeg, index:  1
		processing begun of bone:  LeftLeg, index:  2
		processing begun of bone:  LeftFoot, index:  3
		processing begun of bone:  LeftToeBase, index:  4
		processing begun of bone:  LowerBack, index:  5
		processing begun of bone:  Spine, index:  6
		processing begun of bone:  Spine1, index:  7
		processing begun of bone:  LeftShoulder, index:  8
		processing begun of bone:  LeftArm, index:  9
		processing begun of bone:  LeftForeArm, index:  10
		processing begun of bone:  LeftHand, index:  11
		processing begun of bone:  LThumb, index:  12
		processing begun of bone:  LeftFingerBase, index:  13
		processing begun of bone:  LeftHandFinger1, index:  14
		processing begun of bone:  Neck, index:  15
		processing begun of bone:  Neck1, index:  16
		processing begun of bone:  Head, index:  17
		processing begun of bone:  RightShoulder, index:  18
		processing begun of bone:  RightArm, index:  19
		processing begun of bone:  RightForeArm, index:  20
		processing begun of bone:  RightHand, index:  21
		processing begun of bone:  RThumb, index:  22
		processing begun of bone:  RightFingerBase, index:  23
		processing begun of bone:  RightHandFinger1, index:  24
		processing begun of bone:  RightUpLeg, index:  25
		processing begun of bone:  RightLeg, index:  26
		processing begun of bone:  RightFoot, index:  27
		processing begun of bone:  RightToeBase, index:  28
		Ignoring IK bone:  LeftLeg.IK
		Ignoring IK bone:  RightLeg.IK
		Ignoring IK bone:  RKnee.IK
		Ignoring IK bone:  LKnee.IK
		Ignoring IK bone:  LeftHand.IK
		Ignoring IK bone:  LElbow.IK
		Ignoring IK bone:  RightHand.IK
		Ignoring IK bone:  RElbow.IK
		processing action sitAction:  in[1 - 21], out[0 - 21]
		processing action standAction:  in[1 - 21], out[30 - 51]
		processing action swingAction:  in[1 - 41], out[60 - 101]
	processing begun of mesh:  sign00
		processing begun of material:  signs
			processing texture quotes02
				texture type:  diffuseTexture, mapped using: "UVMap"
		num positions      :  23
		num normals        :  23
		num tangents       :  0
		num uvs            :  46
		num uvs2           :  0
		num colors         :  0
		num triangles      :  10
	processing begun of mesh:  sign00.001
		processing begun of material:  signs
		registered as also a user of material:  signs
		num positions      :  23
		num normals        :  23
		num tangents       :  0
		num uvs            :  46
		num uvs2           :  0
		num colors         :  0
		num triangles      :  10
	processing begun of mesh:  sign00.002
		processing begun of material:  signs
		registered as also a user of material:  signs
		num positions      :  23
		num normals        :  23
		num tangents       :  0
		num uvs            :  46
		num uvs2           :  0
		num colors         :  0
		num triangles      :  10
	processing begun of mesh:  sign00.003
		processing begun of material:  signs
		registered as also a user of material:  signs
		num positions      :  23
		num normals        :  23
		num tangents       :  0
		num uvs            :  46
		num uvs2           :  0
		num colors         :  0
		num triangles      :  10
	processing begun of mesh:  sign00.004
		processing begun of material:  signs
		registered as also a user of material:  signs
		num positions      :  23
		num normals        :  23
		num tangents       :  0
		num uvs            :  46
		num uvs2           :  0
		num colors         :  0
		num triangles      :  10
	processing begun of mesh:  sign00.005
		processing begun of material:  signs
		registered as also a user of material:  signs
		num positions      :  23
		num normals        :  23
		num tangents       :  0
		num uvs            :  46
		num uvs2           :  0
		num colors         :  0
		num triangles      :  10
	processing begun of mesh:  sign00.006
		processing begun of material:  signs
		registered as also a user of material:  signs
		num positions      :  23
		num normals        :  23
		num tangents       :  0
		num uvs            :  46
		num uvs2           :  0
		num colors         :  0
		num triangles      :  10
	processing begun of mesh:  sign00.007
		processing begun of material:  signs
		registered as also a user of material:  signs
		num positions      :  23
		num normals        :  23
		num tangents       :  0
		num uvs            :  46
		num uvs2           :  0
		num colors         :  0
		num triangles      :  10
	processing begun of camera (ArcRotateCamera):  Camera
	processing begun of mesh:  room
		processing begun of material:  wall
		processing begun of material:  floor
		processing begun of material:  ceiling
		processing begun of material:  stone
			processing texture finewood512
				texture type:  diffuseTexture, mapped using: "UVMap"
			processing texture floor01tem
				texture type:  diffuseTexture, mapped using: "UVMap"
			processing texture baked1
				texture type:  diffuseTexture, mapped using: "UVMap"
		processing begun of multimaterial:  b_198405.Multimaterial#0
		num positions      :  109
		num normals        :  109
		num tangents       :  0
		num uvs            :  218
		num uvs2           :  0
		num colors         :  0
		num triangles      :  50
	processing begun of mesh:  target
		processing begun of material:  white
		num positions      :  29
		num normals        :  29
		num tangents       :  0
		num uvs            :  58
		num uvs2           :  0
		num colors         :  0
		num triangles      :  12
	processing begun of mesh:  bench
		processing begun of material:  bench
		num positions      :  243
		num normals        :  243
		num tangents       :  0
		num uvs            :  486
		num uvs2           :  0
		num colors         :  0
		num triangles      :  108
	processing begun of mesh:  bench.001
		mesh is an instance of :  bench.  Processing halted.
	processing begun of mesh:  wall
		processing begun of material:  wall
		processing begun of material:  stone
		registered as also a user of material:  wall
		registered as also a user of material:  stone
		processing begun of multimaterial:  b_198405.Multimaterial#1
		num positions      :  58
		num normals        :  58
		num tangents       :  0
		num uvs            :  116
		num uvs2           :  0
		num colors         :  0
		num triangles      :  30
	processing begun of mesh:  floor
		processing begun of material:  floor
		registered as also a user of material:  floor
		num positions      :  4
		num normals        :  4
		num tangents       :  0
		num uvs            :  8
		num uvs2           :  0
		num colors         :  0
		num triangles      :  2
	processing begun of mesh:  ceiling
		processing begun of material:  ceiling
		registered as also a user of material:  ceiling
		num positions      :  4
		num normals        :  4
		num tangents       :  0
		num uvs            :  8
		num uvs2           :  0
		num colors         :  0
		num triangles      :  2
	processing begun of mesh:  pillars
		processing begun of material:  stone
		registered as also a user of material:  stone
		num positions      :  36
		num normals        :  36
		num tangents       :  0
		num uvs            :  72
		num uvs2           :  0
		num colors         :  0
		num triangles      :  16
	processing begun of mesh:  Uni1228
		processing begun of material:  skin
		processing begun of material:  hair
		processing begun of material:  eye_brown
		processing begun of material:  clothes
		processing begun of material:  shoes
			processing texture uni1228_Euro_Male_diff
				texture type:  diffuseTexture, mapped using: "UVMap"
			processing texture short02_diffuse
				texture type:  diffuseTexture, mapped using: "UVMap"
			processing texture brown_eye
				texture type:  diffuseTexture, mapped using: "UVMap"
			processing texture male_casualsuit02_diffuse_04
				texture type:  diffuseTexture, mapped using: "UVMap"
			processing texture shoes01_diffuse
				texture type:  diffuseTexture, mapped using: "UVMap"
		processing begun of multimaterial:  b_198405.Multimaterial#2
		num positions      :  7986
		num normals        :  7986
		num tangents       :  0
		num uvs            :  15972
		num uvs2           :  0
		num colors         :  0
		num triangles      :  12420
		Skeleton stats:  
			Total Influencers:  15860
			Avg # of influencers per vertex:  1.986
			Highest # of influencers observed:  7, num vertices with this:  31
			exported as 7 influencers
			num skeletonWeights and skeletonIndices:  63888
	processing begun of mesh:  screen
		processing begun of material:  screen
		processing begun of material:  signs
			processing texture screen01
				texture type:  diffuseTexture, mapped using: "UVMap"
		registered as also a user of material:  signs
		processing begun of multimaterial:  b_198405.Multimaterial#3
		num positions      :  107
		num normals        :  107
		num tangents       :  0
		num uvs            :  214
		num uvs2           :  0
		num colors         :  0
		num triangles      :  42
	processing begun of mesh:  door00
		processing begun of material:  door
			processing texture aDoor01
				texture type:  diffuseTexture, mapped using: "UVMap"
		num positions      :  4
		num normals        :  4
		num tangents       :  0
		num uvs            :  8
		num uvs2           :  0
		num colors         :  0
		num triangles      :  2
	processing begun of mesh:  door01
		processing begun of material:  door
		registered as also a user of material:  door
		num positions      :  4
		num normals        :  4
		num tangents       :  0
		num uvs            :  8
		num uvs2           :  0
		num colors         :  0
		num triangles      :  2
	processing begun of mesh:  door03
		processing begun of material:  door
		registered as also a user of material:  door
		num positions      :  4
		num normals        :  4
		num tangents       :  0
		num uvs            :  8
		num uvs2           :  0
		num colors         :  0
		num triangles      :  2
	processing begun of mesh:  door01.001
		processing begun of material:  door
		registered as also a user of material:  door
		num positions      :  4
		num normals        :  4
		num tangents       :  0
		num uvs            :  8
		num uvs2           :  0
		num colors         :  0
		num triangles      :  2
	processing begun of mesh:  Button
		processing begun of material:  start
			processing texture start01
				texture type:  diffuseTexture, mapped using: "UVMap"
		num positions      :  4
		num normals        :  4
		num tangents       :  0
		num uvs            :  8
		num uvs2           :  0
		num colors         :  0
		num triangles      :  2
	processing begun of camera (UniversalCamera):  startCam
	processing begun of light (HEMI FROM AREA):  Area_upper
	processing begun of light (HEMI FROM AREA):  Area_under
	processing begun of light (POINT):  Light
========= Writing of JSON file started =========
	writing mesh:  sign00
	writing mesh:  sign00.001
	writing mesh:  sign00.002
	writing mesh:  sign00.003
	writing mesh:  sign00.004
	writing mesh:  sign00.005
	writing mesh:  sign00.006
	writing mesh:  sign00.007
	writing mesh:  room
	writing mesh:  target
	writing mesh:  bench
	writing mesh:  wall
	writing mesh:  floor
	writing mesh:  ceiling
	writing mesh:  pillars
	writing mesh:  Uni1228
	writing mesh:  screen
	writing mesh:  door00
	writing mesh:  door01
	writing mesh:  door03
	writing mesh:  door01.001
	writing mesh:  Button
========= Writing of JSON file completed =========
========= end of processing =========
elapsed time:  0 min, 5.4921 secs
