Exporter version: 6.4.4, Blender version: 2.90.0
========= Conversion from Blender to Babylon.js =========
	Scene settings used :
		Inline textures     :  false
		Material Type       :  PBR
		Positions Precision :  4
		Normals Precision   :  3
		UVs Precision       :  3
		Vert Color Precision:  3
		Mat Weight Precision:  2
		Keep Z-up r-handed  :  no
		Texture directory   :  H:\YDrive\geodome\
	Python World class constructor completed
	processing begun of camera (ArcRotateCamera):  Camera
	processing begun of mesh:  GD_mesh
		processing begun of material:  Material
		processing begun of material:  grass
		processing begun of material:  sand
		processing begun of multimaterial:  geodome01.Multimaterial#0
		num positions      :  568
		num normals        :  568
		num tangents       :  0
		num uvs            :  1136
		num uvs2           :  0
		num colors         :  0
		num triangles      :  676
	processing begun of mesh:  Cube
		WARNING: No materials have been assigned: 
		num positions      :  29
		num normals        :  29
		num tangents       :  0
		num uvs            :  58
		num uvs2           :  0
		num colors         :  0
		num triangles      :  12
	processing begun of mesh:  tunnels
		processing begun of material:  Material
		processing begun of material:  grass
		processing begun of material:  sand
		registered as also a user of material:  Material
		registered as also a user of material:  grass
		registered as also a user of material:  sand
		processing begun of multimaterial:  geodome01.Multimaterial#1
		num positions      :  406
		num normals        :  406
		num tangents       :  0
		num uvs            :  812
		num uvs2           :  0
		num colors         :  0
		num triangles      :  146
	processing begun of light (POINT):  Light
========= Writing of JSON file started =========
	writing mesh:  GD_mesh
	writing mesh:  Cube
	writing mesh:  tunnels
========= Writing of JSON file completed =========
========= end of processing =========
elapsed time:  0 min, 1.0042 secs
