Exporter version: 3.3.1, Blender version: 3.3.1
========= Conversion from Blender to Babylon.js =========
	Scene settings used :
		Inline textures     :  false
		Material Type       :  PBR
		Positions Precision :  4
		Normals Precision   :  3
		UVs Precision       :  3
		Vert Color Precision:  3
		Mat Weight Precision:  2
		Keep Z-up r-handed  :  no
		Texture directory   :  H:\babylon_projects\2mazes_svg\
	Python World class constructor completed
	processing begun of camera (UniversalCamera):  Camera2
	processing begun of mesh:  cam2ball
		WARNING: No materials have been assigned: 
		num positions      :  60
		num normals        :  60
		num tangents       :  0
		num uvs            :  120
		num uvs2           :  0
		num colors         :  0
		num triangles      :  20
	processing begun of camera (ArcRotateCamera):  Camera3
	processing begun of mesh:  Cube
		WARNING: No materials have been assigned: 
		num positions      :  29
		num normals        :  29
		num tangents       :  0
		num uvs            :  58
		num uvs2           :  0
		num colors         :  0
		num triangles      :  12
	processing begun of mesh:  floor03a
		processing begun of material:  floor
			processing texture tiles9_dif
		num positions      :  4
		num normals        :  4
		num tangents       :  0
		num uvs            :  8
		num uvs2           :  0
		num colors         :  0
		num triangles      :  2
	processing begun of mesh:  path03a
		processing begun of material:  path
		num positions      :  808
		num normals        :  808
		num tangents       :  0
		num uvs            :  1616
		num uvs2           :  0
		num colors         :  0
		num triangles      :  336
	processing begun of mesh:  maze03a
		processing begun of material:  stone
			processing texture stone01
		num positions      :  4704
		num normals        :  4704
		num tangents       :  0
		num uvs            :  9408
		num uvs2           :  0
		num colors         :  0
		num triangles      :  1960
	processing begun of node:  Hard
	processing begun of light (HEMI FROM AREA):  Light02
========= Writing of JSON file started =========
	writing mesh:  cam2ball
	writing mesh:  Cube
	writing mesh:  floor03a
	writing mesh:  path03a
	writing mesh:  maze03a
========= Writing of JSON file completed =========
========= end of processing =========
elapsed time:  0 min, 1.1798 secs
