Exporter version: 6.4.4, Blender version: 2.90.0
========= Conversion from Blender to Babylon.js =========
	Scene settings used :
		Inline textures     :  false
		Material Type       :  STD
		Positions Precision :  4
		Normals Precision   :  3
		UVs Precision       :  3
		Vert Color Precision:  3
		Mat Weight Precision:  2
		Keep Z-up r-handed  :  no
		Texture directory   :  H:\babylon_projects\wales castle5\
	Python World class constructor completed
	processing begun of mesh:  dock
		processing begun of material:  StoneWall
		processing begun of material:  Planks
			processing texture bricks_mat_dark03
				texture type:  diffuseTexture, mapped using: "UVMap"
			processing texture planks02_old
				texture type:  diffuseTexture, mapped using: "UVMap"
		processing begun of multimaterial:  towers01.Multimaterial#0
		num positions      :  14
		num normals        :  14
		num tangents       :  0
		num uvs            :  28
		num uvs2           :  0
		num colors         :  0
		num triangles      :  8
	processing begun of mesh:  deepSea
		processing begun of material:  black
		num positions      :  29
		num normals        :  29
		num tangents       :  0
		num uvs            :  58
		num uvs2           :  0
		num colors         :  0
		num triangles      :  12
	processing begun of mesh:  post
		processing begun of material:  doors
			processing texture sky_test01
				texture type:  diffuseTexture, mapped using: "UVMap"
		num positions      :  47
		num normals        :  47
		num tangents       :  0
		num uvs            :  94
		num uvs2           :  0
		num colors         :  0
		num triangles      :  20
	processing begun of camera (ArcRotateCamera):  Camera
	processing begun of mesh:  target
		processing begun of material:  white
		num positions      :  29
		num normals        :  29
		num tangents       :  0
		num uvs            :  58
		num uvs2           :  0
		num colors         :  0
		num triangles      :  12
	processing begun of camera (UniversalCamera):  Camera2
	processing begun of mesh:  camSensor1
		processing begun of material:  white
		registered as also a user of material:  white
		num positions      :  29
		num normals        :  29
		num tangents       :  0
		num uvs            :  58
		num uvs2           :  0
		num colors         :  0
		num triangles      :  12
	processing begun of camera (UniversalCamera):  Camera3
	processing begun of mesh:  camSensor2
		processing begun of material:  white
		registered as also a user of material:  white
		num positions      :  29
		num normals        :  29
		num tangents       :  0
		num uvs            :  58
		num uvs2           :  0
		num colors         :  0
		num triangles      :  12
	processing begun of mesh:  Gate
		processing begun of material:  StoneWall
		processing begun of material:  Planks
		registered as also a user of material:  StoneWall
		registered as also a user of material:  Planks
		processing begun of multimaterial:  towers01.Multimaterial#1
		num positions      :  1728
		num normals        :  1728
		num tangents       :  0
		num uvs            :  3456
		num uvs2           :  0
		num colors         :  0
		num triangles      :  834
	processing begun of mesh:  Portcullis_back
		processing begun of material:  metal_rusty
			processing texture Rusted_Metal
				texture type:  diffuseTexture, mapped using: "UVMap"
		num positions      :  596
		num normals        :  596
		num tangents       :  0
		num uvs            :  1192
		num uvs2           :  0
		num colors         :  0
		num triangles      :  250
	processing begun of mesh:  tower1D_R
		processing begun of material:  StoneWall
		processing begun of material:  Planks
		registered as also a user of material:  StoneWall
		registered as also a user of material:  Planks
		processing begun of multimaterial:  towers01.Multimaterial#2
		num positions      :  2252
		num normals        :  2252
		num tangents       :  0
		num uvs            :  4504
		num uvs2           :  0
		num colors         :  0
		num triangles      :  962
		WARNING: # of 0 area faces found:  4
	processing begun of mesh:  Tower2D_L
		mesh is an instance of :  tower1D_R.  Processing halted.
	processing begun of mesh:  Portcullis_front
		mesh is an instance of :  Portcullis_back.  Processing halted.
	processing begun of mesh:  Gate_room01
		processing begun of material:  StoneWall
		processing begun of material:  Planks
		registered as also a user of material:  StoneWall
		registered as also a user of material:  Planks
		processing begun of multimaterial:  towers01.Multimaterial#3
		num positions      :  98
		num normals        :  98
		num tangents       :  0
		num uvs            :  196
		num uvs2           :  0
		num colors         :  0
		num triangles      :  52
	processing begun of mesh:  tower2_round_L1
		processing begun of material:  StoneWall
		processing begun of material:  Planks
		registered as also a user of material:  StoneWall
		registered as also a user of material:  Planks
		processing begun of multimaterial:  towers01.Multimaterial#4
		num positions      :  2524
		num normals        :  2524
		num tangents       :  0
		num uvs            :  5048
		num uvs2           :  0
		num colors         :  0
		num triangles      :  990
	processing begun of mesh:  tower2_round_mid_Left
		processing begun of material:  StoneWall
		processing begun of material:  Planks
		registered as also a user of material:  StoneWall
		registered as also a user of material:  Planks
		processing begun of multimaterial:  towers01.Multimaterial#5
		num positions      :  2569
		num normals        :  2569
		num tangents       :  0
		num uvs            :  5138
		num uvs2           :  0
		num colors         :  0
		num triangles      :  1010
	processing begun of mesh:  tower2_round_mid_Right
		mesh is an instance of :  tower2_round_mid_Left.  Processing halted.
	processing begun of mesh:  tower2_round_mid_Left.back
		mesh is an instance of :  tower2_round_mid_Left.  Processing halted.
	processing begun of mesh:  tower2_round_mid_Right_back
		mesh is an instance of :  tower2_round_mid_Left.  Processing halted.
	processing begun of mesh:  tower2_round_L1.002
		mesh is an instance of :  tower2_round_L1.  Processing halted.
	processing begun of mesh:  tower2_round_L1.003
		mesh is an instance of :  tower2_round_L1.  Processing halted.
	processing begun of mesh:  tower2_round_L1.004
		mesh is an instance of :  tower2_round_L1.  Processing halted.
	processing begun of mesh:  GateHouse.wall_R
		processing begun of material:  StoneWall
		registered as also a user of material:  StoneWall
		num positions      :  463
		num normals        :  463
		num tangents       :  0
		num uvs            :  926
		num uvs2           :  0
		num colors         :  0
		num triangles      :  196
	processing begun of mesh:  GateHouse.wal_L
		mesh is an instance of :  GateHouse.wall_R.  Processing halted.
	processing begun of mesh:  GtaeHouse_wall_L_side1
		mesh is an instance of :  GateHouse.wall_R.  Processing halted.
	processing begun of mesh:  GateHouse_wall_R_side1
		mesh is an instance of :  GateHouse.wall_R.  Processing halted.
	processing begun of mesh:  GateHouse_wall_R_side2
		mesh is an instance of :  GateHouse.wall_R.  Processing halted.
	processing begun of mesh:  GateHouse_wall_L_side2
		mesh is an instance of :  GateHouse.wall_R.  Processing halted.
	processing begun of mesh:  GateHouse.wal_L._back
		mesh is an instance of :  GateHouse.wall_R.  Processing halted.
	processing begun of mesh:  GateHouse.wall_R_back
		mesh is an instance of :  GateHouse.wall_R.  Processing halted.
	processing begun of mesh:  GateHouse.wall2.short.001
		processing begun of material:  StoneWall
		registered as also a user of material:  StoneWall
		num positions      :  276
		num normals        :  276
		num tangents       :  0
		num uvs            :  552
		num uvs2           :  0
		num colors         :  0
		num triangles      :  116
	processing begun of node:  Empty4
	processing begun of node:  Empty3
	processing begun of node:  Empty2
	processing begun of node:  Empty1
	processing begun of node:  Empty5
	processing begun of node:  Empty0
	processing begun of node:  Empty7
	processing begun of mesh:  door2.00
		processing begun of material:  doors
		registered as also a user of material:  doors
		num positions      :  25
		num normals        :  25
		num tangents       :  0
		num uvs            :  50
		num uvs2           :  0
		num colors         :  0
		num triangles      :  10
	processing begun of mesh:  door2.03
		mesh is an instance of :  door2.00.  Processing halted.
	processing begun of mesh:  door2.01
		mesh is an instance of :  door2.00.  Processing halted.
	processing begun of mesh:  door2.04
		mesh is an instance of :  door2.00.  Processing halted.
	processing begun of mesh:  door2.07
		mesh is an instance of :  door2.00.  Processing halted.
	processing begun of mesh:  door2.02
		mesh is an instance of :  door2.00.  Processing halted.
	processing begun of mesh:  door2.05
		mesh is an instance of :  door2.00.  Processing halted.
	processing begun of node:  Empty8
	processing begun of mesh:  door2.08
		mesh is an instance of :  door2.00.  Processing halted.
	processing begun of node:  Empty9
	processing begun of mesh:  door2.09
		mesh is an instance of :  door2.00.  Processing halted.
	processing begun of mesh:  door2.10
		mesh is an instance of :  door2.00.  Processing halted.
	processing begun of node:  Empty10
	processing begun of node:  Empty11
	processing begun of mesh:  door2.11
		mesh is an instance of :  door2.00.  Processing halted.
	processing begun of mesh:  door2.13
		mesh is an instance of :  door2.00.  Processing halted.
	processing begun of mesh:  door2.12
		mesh is an instance of :  door2.00.  Processing halted.
	processing begun of node:  Empty12
	processing begun of node:  Empty13
	processing begun of mesh:  door2.16
		mesh is an instance of :  door2.00.  Processing halted.
	processing begun of mesh:  door2.15
		mesh is an instance of :  door2.00.  Processing halted.
	processing begun of mesh:  door2.14
		mesh is an instance of :  door2.00.  Processing halted.
	processing begun of node:  Empty14
	processing begun of node:  Empty15
	processing begun of node:  Empty16
	processing begun of mesh:  door2.18
		mesh is an instance of :  door2.00.  Processing halted.
	processing begun of mesh:  door2.17
		mesh is an instance of :  door2.00.  Processing halted.
	processing begun of node:  Empty17
	processing begun of node:  Empty18
	processing begun of mesh:  door2.20
		mesh is an instance of :  door2.00.  Processing halted.
	processing begun of mesh:  door2.19
		mesh is an instance of :  door2.00.  Processing halted.
	processing begun of node:  Empty19
	processing begun of node:  Empty20
	processing begun of mesh:  door2.21
		mesh is an instance of :  door2.00.  Processing halted.
	processing begun of mesh:  door2.22
		mesh is an instance of :  door2.00.  Processing halted.
	processing begun of mesh:  gate_frame_back
		processing begun of material:  doors
		registered as also a user of material:  doors
		num positions      :  154
		num normals        :  154
		num tangents       :  0
		num uvs            :  308
		num uvs2           :  0
		num colors         :  0
		num triangles      :  80
	processing begun of mesh:  gate_frame_front
		mesh is an instance of :  gate_frame_back.  Processing halted.
	processing begun of mesh:  door2.23
		mesh is an instance of :  door2.00.  Processing halted.
	processing begun of mesh:  door2.24
		mesh is an instance of :  door2.00.  Processing halted.
	processing begun of node:  Empty21
	processing begun of node:  Empty22
	processing begun of node:  Empty23
	processing begun of node:  Empty24
	processing begun of mesh:  Landscape1a
		processing begun of material:  white
		registered as also a user of material:  white
		num positions      :  7346
		num normals        :  7346
		num tangents       :  0
		num uvs            :  14692
		num uvs2           :  0
		num colors         :  0
		num triangles      :  12913
	processing begun of mesh:  sky
		processing begun of material:  sky
			processing texture sky_test01
				texture type:  diffuseTexture, mapped using: "UVMap"
		num positions      :  308
		num normals        :  308
		num tangents       :  0
		num uvs            :  616
		num uvs2           :  0
		num colors         :  0
		num triangles      :  480
	processing begun of mesh:  sea
		processing begun of material:  water
			processing texture WaterPlainDark01
				texture type:  diffuseTexture, mapped using: "UVMap"
		num positions      :  4
		num normals        :  4
		num tangents       :  0
		num uvs            :  8
		num uvs2           :  0
		num colors         :  0
		num triangles      :  2
	processing begun of mesh:  Icosphere_3.001
		processing begun of material:  aPainted _rock
			processing texture rock_baked_normalx10
				texture type:  diffuseTexture, mapped using: "UVMap"
		num positions      :  80
		num normals        :  80
		num tangents       :  0
		num uvs            :  160
		num uvs2           :  0
		num colors         :  0
		num triangles      :  80
	processing begun of mesh:  Icosphere_3.002
		mesh is an instance of :  Icosphere_3.001.  Processing halted.
	processing begun of mesh:  Icosphere_3.003
		mesh is an instance of :  Icosphere_3.001.  Processing halted.
	processing begun of mesh:  Icosphere_3.004
		mesh is an instance of :  Icosphere_3.001.  Processing halted.
	processing begun of mesh:  Icosphere_3.005
		mesh is an instance of :  Icosphere_3.001.  Processing halted.
	processing begun of mesh:  Icosphere_3.006
		mesh is an instance of :  Icosphere_3.001.  Processing halted.
	processing begun of mesh:  Icosphere_3.007
		mesh is an instance of :  Icosphere_3.001.  Processing halted.
	processing begun of mesh:  Icosphere_3.008
		mesh is an instance of :  Icosphere_3.001.  Processing halted.
	processing begun of mesh:  Icosphere_3.009
		mesh is an instance of :  Icosphere_3.001.  Processing halted.
	processing begun of mesh:  Icosphere_3.010
		mesh is an instance of :  Icosphere_3.001.  Processing halted.
	processing begun of mesh:  Icosphere_3.011
		mesh is an instance of :  Icosphere_3.001.  Processing halted.
	processing begun of mesh:  Icosphere_3.012
		mesh is an instance of :  Icosphere_3.001.  Processing halted.
	processing begun of mesh:  Icosphere_3.013
		mesh is an instance of :  Icosphere_3.001.  Processing halted.
	processing begun of mesh:  Icosphere_3.014
		mesh is an instance of :  Icosphere_3.001.  Processing halted.
	processing begun of mesh:  Icosphere_3.015
		mesh is an instance of :  Icosphere_3.001.  Processing halted.
	processing begun of mesh:  Icosphere_3.016
		mesh is an instance of :  Icosphere_3.001.  Processing halted.
	processing begun of mesh:  Icosphere_3.017
		mesh is an instance of :  Icosphere_3.001.  Processing halted.
	processing begun of mesh:  Icosphere_3.018
		mesh is an instance of :  Icosphere_3.001.  Processing halted.
	processing begun of mesh:  Icosphere_3.019
		mesh is an instance of :  Icosphere_3.001.  Processing halted.
	processing begun of mesh:  Icosphere_3.020
		mesh is an instance of :  Icosphere_3.001.  Processing halted.
	processing begun of mesh:  Icosphere_3.021
		mesh is an instance of :  Icosphere_3.001.  Processing halted.
	processing begun of mesh:  Icosphere_3.022
		mesh is an instance of :  Icosphere_3.001.  Processing halted.
	processing begun of mesh:  Icosphere_3.023
		mesh is an instance of :  Icosphere_3.001.  Processing halted.
	processing begun of mesh:  Icosphere_3.024
		mesh is an instance of :  Icosphere_3.001.  Processing halted.
	processing begun of mesh:  Icosphere_3.025
		mesh is an instance of :  Icosphere_3.001.  Processing halted.
	processing begun of mesh:  Icosphere_3.026
		mesh is an instance of :  Icosphere_3.001.  Processing halted.
	processing begun of mesh:  Icosphere_3.027
		mesh is an instance of :  Icosphere_3.001.  Processing halted.
	processing begun of mesh:  Icosphere_3.028
		mesh is an instance of :  Icosphere_3.001.  Processing halted.
	processing begun of mesh:  Icosphere_3.029
		mesh is an instance of :  Icosphere_3.001.  Processing halted.
	processing begun of mesh:  Icosphere_3.030
		mesh is an instance of :  Icosphere_3.001.  Processing halted.
	processing begun of mesh:  Icosphere_3.031
		mesh is an instance of :  Icosphere_3.001.  Processing halted.
	processing begun of mesh:  Icosphere_3.032
		mesh is an instance of :  Icosphere_3.001.  Processing halted.
	processing begun of mesh:  Icosphere_3.033
		mesh is an instance of :  Icosphere_3.001.  Processing halted.
	processing begun of mesh:  Icosphere_3.034
		mesh is an instance of :  Icosphere_3.001.  Processing halted.
	processing begun of mesh:  Icosphere_3.035
		mesh is an instance of :  Icosphere_3.001.  Processing halted.
	processing begun of mesh:  Icosphere_3.036
		mesh is an instance of :  Icosphere_3.001.  Processing halted.
	processing begun of mesh:  Icosphere_3.037
		mesh is an instance of :  Icosphere_3.001.  Processing halted.
	processing begun of mesh:  Icosphere_3.038
		mesh is an instance of :  Icosphere_3.001.  Processing halted.
	processing begun of mesh:  Icosphere_3.039
		mesh is an instance of :  Icosphere_3.001.  Processing halted.
	processing begun of mesh:  Icosphere_3.040
		mesh is an instance of :  Icosphere_3.001.  Processing halted.
	processing begun of mesh:  Icosphere_3.041
		mesh is an instance of :  Icosphere_3.001.  Processing halted.
	processing begun of mesh:  Icosphere_3.042
		mesh is an instance of :  Icosphere_3.001.  Processing halted.
	processing begun of mesh:  Icosphere_3.043
		mesh is an instance of :  Icosphere_3.001.  Processing halted.
	processing begun of mesh:  Icosphere_3.044
		mesh is an instance of :  Icosphere_3.001.  Processing halted.
	processing begun of mesh:  Icosphere_3.045
		mesh is an instance of :  Icosphere_3.001.  Processing halted.
	processing begun of mesh:  Icosphere_3.046
		mesh is an instance of :  Icosphere_3.001.  Processing halted.
	processing begun of mesh:  Icosphere_3.047
		mesh is an instance of :  Icosphere_3.001.  Processing halted.
	processing begun of mesh:  Icosphere_3.048
		mesh is an instance of :  Icosphere_3.001.  Processing halted.
	processing begun of mesh:  Icosphere_3.049
		mesh is an instance of :  Icosphere_3.001.  Processing halted.
	processing begun of mesh:  Icosphere_3.050
		mesh is an instance of :  Icosphere_3.001.  Processing halted.
	processing begun of mesh:  Icosphere_3.051
		mesh is an instance of :  Icosphere_3.001.  Processing halted.
	processing begun of mesh:  Icosphere_3.052
		mesh is an instance of :  Icosphere_3.001.  Processing halted.
	processing begun of mesh:  Icosphere_3.053
		mesh is an instance of :  Icosphere_3.001.  Processing halted.
	processing begun of mesh:  Icosphere_3.054
		mesh is an instance of :  Icosphere_3.001.  Processing halted.
	processing begun of mesh:  Icosphere_3.055
		mesh is an instance of :  Icosphere_3.001.  Processing halted.
	processing begun of mesh:  Icosphere_3.056
		mesh is an instance of :  Icosphere_3.001.  Processing halted.
	processing begun of mesh:  Icosphere_3.057
		mesh is an instance of :  Icosphere_3.001.  Processing halted.
	processing begun of mesh:  Icosphere_3.058
		mesh is an instance of :  Icosphere_3.001.  Processing halted.
	processing begun of mesh:  Icosphere_3.059
		mesh is an instance of :  Icosphere_3.001.  Processing halted.
	processing begun of mesh:  Icosphere_3.060
		mesh is an instance of :  Icosphere_3.001.  Processing halted.
	processing begun of mesh:  Icosphere_3
		mesh is an instance of :  Icosphere_3.001.  Processing halted.
	processing begun of light (HEMI FROM AREA):  Light
	processing begun of light (HEMI FROM AREA):  Light.001
========= Writing of JSON file started =========
	writing mesh:  dock
	writing mesh:  deepSea
	writing mesh:  post
	writing mesh:  target
	writing mesh:  camSensor1
	writing mesh:  camSensor2
	writing mesh:  Gate
	writing mesh:  Portcullis_back
	writing mesh:  tower1D_R
	writing mesh:  Gate_room01
	writing mesh:  tower2_round_L1
	writing mesh:  tower2_round_mid_Left
	writing mesh:  GateHouse.wall_R
	writing mesh:  GateHouse.wall2.short.001
	writing mesh:  door2.00
	writing mesh:  gate_frame_back
	writing mesh:  Landscape1a
	writing mesh:  sky
	writing mesh:  sea
	writing mesh:  Icosphere_3.001
========= Writing of JSON file completed =========
========= end of processing =========
elapsed time:  0 min, 2.5711 secs
