Exporter version: 6.4.3, Blender version: 2.82 (sub 7)
========= Conversion from Blender to Babylon.js =========
	Scene settings used :
		Inline textures     :  false
		Material Type       :  STD
		Positions Precision :  4
		Normals Precision   :  3
		UVs Precision       :  3
		Vert Color Precision:  3
		Mat Weight Precision:  2
		Keep Z-up r-handed  :  no
		Texture directory   :  H:\XDrive\EasyPHP-DevServer-14.1VC9\EasyPHP-DevServer-14.1VC9\data\localweb\projects\gruffalo3\
	Python World class constructor completed
	processing begun of mesh:  sky
		processing begun of material:  Material.002
			processing texture blduy_ylbsg
				texture type:  diffuseTexture, mapped using: "UVMap"
		num positions      :  308
		num normals        :  308
		num tangents       :  0
		num uvs            :  616
		num uvs2           :  0
		num colors         :  0
		num triangles      :  480
========= Writing of JSON file started =========
	writing mesh:  sky
========= Writing of JSON file completed =========
========= end of processing =========
elapsed time:  0 min, 0.8463 secs
