Exporter version: 5.4.0, Blender version: 2.76 (sub 0)
========= Conversion from Blender to Babylon.js =========
	Scene settings used:
		selected layers only:  true
		flat shading entire scene:  false
		inline textures:  false
		texture directory:  E:\EasyPHP-DevServer-14.1VC9\data\localweb\webgl\felwithea\
	Python World class constructor completed
	processing begun of mesh:  Plane
		processing begun of Standard material:  ground
		num positions      :  4
		num normals        :  4
		num uvs            :  0
		num uvs2           :  0
		num colors         :  0
		num indices        :  6
	processing begun of mesh:  felwithea.175
		processing begun of Standard material:  Material190
			Diffuse texture found "Kd.096"
				Image texture found, type:  diffuseTexture, mapped using: "UVMap"
			Ambient texture found "Ka.096"
				Image texture found, type:  ambientTexture, mapped using: "UVMap"
			Opacity texture found "D.096"
				Image texture found, type:  opacityTexture, mapped using: "UVMap"
		num positions      :  96
		num normals        :  96
		num uvs            :  192
		num uvs2           :  0
		num colors         :  0
		num indices        :  96
	processing begun of mesh:  felwithea.171
		processing begun of Standard material:  Material110
			Diffuse texture found "Kd.013"
				Image texture found, type:  diffuseTexture, mapped using: "UVMap"
			Ambient texture found "Ka.013"
				Image texture found, type:  ambientTexture, mapped using: "UVMap"
			Opacity texture found "D.013"
				Image texture found, type:  opacityTexture, mapped using: "UVMap"
		num positions      :  192
		num normals        :  192
		num uvs            :  384
		num uvs2           :  0
		num colors         :  0
		num indices        :  192
	processing begun of mesh:  felwithea.161
		processing begun of Standard material:  Material182
			Diffuse texture found "Kd.087"
				Image texture found, type:  diffuseTexture, mapped using: "UVMap"
			Ambient texture found "Ka.087"
				Image texture found, type:  ambientTexture, mapped using: "UVMap"
			Opacity texture found "D.087"
				Image texture found, type:  opacityTexture, mapped using: "UVMap"
		num positions      :  288
		num normals        :  288
		num uvs            :  576
		num uvs2           :  0
		num colors         :  0
		num indices        :  288
	processing begun of mesh:  felwithea.152
		processing begun of Standard material:  Material184
			Diffuse texture found "Kd.089"
				Image texture found, type:  diffuseTexture, mapped using: "UVMap"
			Ambient texture found "Ka.089"
				Image texture found, type:  ambientTexture, mapped using: "UVMap"
			Opacity texture found "D.089"
				Image texture found, type:  opacityTexture, mapped using: "UVMap"
		num positions      :  96
		num normals        :  96
		num uvs            :  192
		num uvs2           :  0
		num colors         :  0
		num indices        :  96
	processing begun of mesh:  felwithea.135
		processing begun of Standard material:  Material109
			Diffuse texture found "Kd.011"
				Image texture found, type:  diffuseTexture, mapped using: "UVMap"
			Ambient texture found "Ka.011"
				Image texture found, type:  ambientTexture, mapped using: "UVMap"
			Opacity texture found "D.011"
				Image texture found, type:  opacityTexture, mapped using: "UVMap"
		num positions      :  288
		num normals        :  288
		num uvs            :  576
		num uvs2           :  0
		num colors         :  0
		num indices        :  288
	processing begun of mesh:  felwithea.104
		processing begun of Standard material:  Material180
			Diffuse texture found "Kd.085"
				Image texture found, type:  diffuseTexture, mapped using: "UVMap"
			Ambient texture found "Ka.085"
				Image texture found, type:  ambientTexture, mapped using: "UVMap"
			Opacity texture found "D.085"
				Image texture found, type:  opacityTexture, mapped using: "UVMap"
		num positions      :  48
		num normals        :  48
		num uvs            :  96
		num uvs2           :  0
		num colors         :  0
		num indices        :  48
	processing begun of mesh:  felwithea.099
		processing begun of Standard material:  Material113
			Diffuse texture found "Kd.016"
				Image texture found, type:  diffuseTexture, mapped using: "UVMap"
			Ambient texture found "Ka.016"
				Image texture found, type:  ambientTexture, mapped using: "UVMap"
			Opacity texture found "D.016"
				Image texture found, type:  opacityTexture, mapped using: "UVMap"
		num positions      :  96
		num normals        :  96
		num uvs            :  192
		num uvs2           :  0
		num colors         :  0
		num indices        :  96
	processing begun of mesh:  felwithea.088
		processing begun of Standard material:  Material186
			Diffuse texture found "Kd.091"
				Image texture found, type:  diffuseTexture, mapped using: "UVMap"
			Ambient texture found "Ka.091"
				Image texture found, type:  ambientTexture, mapped using: "UVMap"
			Opacity texture found "D.091"
				Image texture found, type:  opacityTexture, mapped using: "UVMap"
		num positions      :  72
		num normals        :  72
		num uvs            :  144
		num uvs2           :  0
		num colors         :  0
		num indices        :  72
	processing begun of mesh:  felwithea.056
		processing begun of Standard material:  Material162
			Diffuse texture found "Kd.065"
				Image texture found, type:  diffuseTexture, mapped using: "UVMap"
			Ambient texture found "Ka.065"
				Image texture found, type:  ambientTexture, mapped using: "UVMap"
			Opacity texture found "D.065"
				Image texture found, type:  opacityTexture, mapped using: "UVMap"
		num positions      :  48
		num normals        :  48
		num uvs            :  96
		num uvs2           :  0
		num colors         :  0
		num indices        :  48
	processing begun of mesh:  felwithea.046
		processing begun of Standard material:  Material164
			Diffuse texture found "Kd.067"
				Image texture found, type:  diffuseTexture, mapped using: "UVMap"
			Ambient texture found "Ka.067"
				Image texture found, type:  ambientTexture, mapped using: "UVMap"
			Opacity texture found "D.067"
				Image texture found, type:  opacityTexture, mapped using: "UVMap"
		num positions      :  48
		num normals        :  48
		num uvs            :  96
		num uvs2           :  0
		num colors         :  0
		num indices        :  48
	processing begun of mesh:  felwithea.041
		processing begun of Standard material:  Material188
			Diffuse texture found "Kd.093"
				Image texture found, type:  diffuseTexture, mapped using: "UVMap"
			Ambient texture found "Ka.093"
				Image texture found, type:  ambientTexture, mapped using: "UVMap"
			Opacity texture found "D.093"
				Image texture found, type:  opacityTexture, mapped using: "UVMap"
		num positions      :  336
		num normals        :  336
		num uvs            :  672
		num uvs2           :  0
		num colors         :  0
		num indices        :  336
	processing begun of camera (UniversalCamera):  Camera
	processing begun of light (HEMI):  Hemi
========= Writing of scene file started =========
========= Writing of scene file completed =========
========= end of processing =========
elapsed time:  0 min, 0.2969 secs
