Exporter version: 6.3.1, Blender version: 2.82 (sub 7)
========= Conversion from Blender to Babylon.js =========
	Scene settings used :
		Inline textures     :  false
		Material Type       :  STD
		Positions Precision :  4
		Normals Precision   :  3
		UVs Precision       :  3
		Vert Color Precision:  3
		Mat Weight Precision:  2
		Keep Z-up r-handed  :  no
		Texture directory   :  H:\XDrive\EasyPHP-DevServer-14.1VC9\EasyPHP-DevServer-14.1VC9\data\localweb\projects\office02\
	Python World class constructor completed
	processing begun of camera (UniversalCamera):  Camera
	processing begun of mesh:  backdrop
		processing begun of material:  back_wall
			processing texture bricks_mat_smoothness
				texture type:  diffuseTexture, mapped using: "UVMap"
		num positions      :  4
		num normals        :  4
		num tangents       :  0
		num uvs            :  8
		num uvs2           :  0
		num colors         :  0
		num indices        :  6
	processing begun of mesh:  show
		processing begun of material:  Material.003
		num positions      :  409
		num normals        :  409
		num tangents       :  0
		num uvs            :  818
		num uvs2           :  0
		num colors         :  0
		num indices        :  1209
	processing begun of mesh:  show.001
		processing begun of material:  Material.003
		registered as also a user of material:  Material.003
		num positions      :  409
		num normals        :  409
		num tangents       :  0
		num uvs            :  818
		num uvs2           :  0
		num colors         :  0
		num indices        :  1209
	processing begun of mesh:  window
		processing begun of material:  Material.001
		processing begun of material:  the_window
			processing texture my_window01a
				texture type:  diffuseTexture, mapped using: "UVMap"
		processing begun of multimaterial:  office1a.Multimaterial#0
		num positions      :  12
		num normals        :  12
		num tangents       :  0
		num uvs            :  24
		num uvs2           :  0
		num colors         :  0
		num indices        :  24
	processing begun of mesh:  hatrack
		processing begun of material:  desk_base
			processing texture woods2_1024_leather2_knob1
				texture type:  diffuseTexture, mapped using: "UVMap"
		num positions      :  225
		num normals        :  225
		num tangents       :  0
		num uvs            :  450
		num uvs2           :  0
		num colors         :  0
		num indices        :  306
	processing begun of mesh:  hook
		processing begun of material:  Material.005
		num positions      :  12
		num normals        :  12
		num tangents       :  0
		num uvs            :  24
		num uvs2           :  0
		num colors         :  0
		num indices        :  60
	processing begun of mesh:  Fedora:Fedora
		processing begun of material:  Fedora:Fedora:Fedoramaterial
			processing texture fedora_normal512
				texture type:  bumpTexture, mapped using: "UVMap"
			processing texture fedora_diff_512
				texture type:  diffuseTexture, mapped using: "UVMap"
		num positions      :  810
		num normals        :  810
		num tangents       :  0
		num uvs            :  1620
		num uvs2           :  0
		num colors         :  0
		num indices        :  3732
	processing begun of node:  rackHats
	processing begun of mesh:  hook.001
		mesh is an instance of :  hook.  Processing halted.
	processing begun of mesh:  hook.002
		mesh is an instance of :  hook.  Processing halted.
	processing begun of mesh:  hook.003
		mesh is an instance of :  hook.  Processing halted.
	processing begun of mesh:  hook.004
		mesh is an instance of :  hook.  Processing halted.
	processing begun of mesh:  hook.005
		mesh is an instance of :  hook.  Processing halted.
	processing begun of mesh:  office.door
		processing begun of material:  Material.001
		processing begun of material:  the_window
		processing begun of material:  floor
		registered as also a user of material:  the_window
			processing texture finewood512
				texture type:  diffuseTexture, mapped using: "UVMap"
		processing begun of multimaterial:  office1a.Multimaterial#1
		num positions      :  4
		num normals        :  4
		num tangents       :  0
		num uvs            :  8
		num uvs2           :  0
		num colors         :  0
		num indices        :  6
	processing begun of mesh:  office_outer
		processing begun of material:  Material.001
		processing begun of material:  the_window
		processing begun of material:  floor
		registered as also a user of material:  the_window
		registered as also a user of material:  floor
		processing begun of multimaterial:  office1a.Multimaterial#2
		num positions      :  112
		num normals        :  112
		num tangents       :  0
		num uvs            :  224
		num uvs2           :  0
		num colors         :  0
		num indices        :  186
	processing begun of mesh:  office_wallsF
		processing begun of material:  officewall
		processing begun of material:  the_window
		processing begun of material:  floor
			processing texture brick1024
				texture type:  diffuseTexture, mapped using: "UVMap"
		registered as also a user of material:  the_window
		registered as also a user of material:  floor
		processing begun of multimaterial:  office1a.Multimaterial#3
		num positions      :  8
		num normals        :  8
		num tangents       :  0
		num uvs            :  16
		num uvs2           :  0
		num colors         :  0
		num indices        :  24
	processing begun of mesh:  Plant_Pot
		processing begun of material:  pot
			processing texture pot03
				texture type:  diffuseTexture, mapped using: "Bake"
		num positions      :  508
		num normals        :  508
		num tangents       :  0
		num uvs            :  1016
		num uvs2           :  0
		num colors         :  0
		num indices        :  2148
	processing begun of mesh:  Plant_lower
		processing begun of material:  leaves
			processing texture leaf01
				texture type:  diffuseTexture, mapped using: "UVMap"
		num positions      :  210
		num normals        :  210
		num tangents       :  0
		num uvs            :  420
		num uvs2           :  0
		num colors         :  0
		num indices        :  480
	processing begun of mesh:  Plant_upper
		processing begun of material:  leaves
		registered as also a user of material:  leaves
		num positions      :  117
		num normals        :  117
		num tangents       :  0
		num uvs            :  234
		num uvs2           :  0
		num colors         :  0
		num indices        :  378
	processing begun of node:  Plant01
	processing begun of mesh:  Plant_Pot01
		mesh is an instance of :  Plant_Pot.  Processing halted.
	processing begun of mesh:  Plant_lower01
		mesh is an instance of :  Plant_lower.  Processing halted.
	processing begun of mesh:  Plant_upper01
		mesh is an instance of :  Plant_upper.  Processing halted.
	processing begun of node:  Plant02
	processing begun of mesh:  noticeboard
		processing begun of material:  desk_base
		registered as also a user of material:  desk_base
		num positions      :  24
		num normals        :  24
		num tangents       :  0
		num uvs            :  48
		num uvs2           :  0
		num colors         :  0
		num indices        :  30
	processing begun of node:  adesk
	processing begun of mesh:  desk_base
		processing begun of material:  desk_base
		registered as also a user of material:  desk_base
		num positions      :  628
		num normals        :  628
		num tangents       :  0
		num uvs            :  1256
		num uvs2           :  0
		num colors         :  0
		num indices        :  984
	processing begun of mesh:  desk_top
		processing begun of material:  desk_base
		registered as also a user of material:  desk_base
		num positions      :  43
		num normals        :  43
		num tangents       :  0
		num uvs            :  86
		num uvs2           :  0
		num colors         :  0
		num indices        :  204
	processing begun of mesh:  L_cupboard
		animation processing begun
			processing action Action:  in[0 - 60], out[0 - 60]
		processing begun of material:  desk_base
		registered as also a user of material:  desk_base
		num positions      :  124
		num normals        :  124
		num tangents       :  0
		num uvs            :  248
		num uvs2           :  0
		num colors         :  0
		num indices        :  348
	processing begun of mesh:  L_drawer
		animation processing begun
			processing action Action:  in[1 - 60], out[0 - 60]
		processing begun of material:  desk_base
		registered as also a user of material:  desk_base
		num positions      :  223
		num normals        :  223
		num tangents       :  0
		num uvs            :  446
		num uvs2           :  0
		num colors         :  0
		num indices        :  486
	processing begun of mesh:  M_drawer
		animation processing begun
			processing action Action:  in[1 - 60], out[0 - 60]
		processing begun of material:  desk_base
		registered as also a user of material:  desk_base
		num positions      :  408
		num normals        :  408
		num tangents       :  0
		num uvs            :  816
		num uvs2           :  0
		num colors         :  0
		num indices        :  486
	processing begun of mesh:  R_cupboard
		animation processing begun
			processing action Action:  in[1 - 60], out[0 - 60]
		processing begun of material:  desk_base
		registered as also a user of material:  desk_base
		num positions      :  124
		num normals        :  124
		num tangents       :  0
		num uvs            :  248
		num uvs2           :  0
		num colors         :  0
		num indices        :  348
	processing begun of mesh:  R_drawer
		animation processing begun
			processing action Action:  in[1 - 60], out[0 - 60]
		processing begun of material:  desk_base
		registered as also a user of material:  desk_base
		num positions      :  407
		num normals        :  407
		num tangents       :  0
		num uvs            :  814
		num uvs2           :  0
		num colors         :  0
		num indices        :  486
	processing begun of mesh:  Pistol
		processing begun of material:  DarkWood
		processing begun of material:  DarkMetal
		processing begun of material:  Metal
		processing begun of material:  Black
		processing begun of material:  Black2
		processing begun of multimaterial:  office1a.Multimaterial#4
		num positions      :  632
		num normals        :  632
		num tangents       :  2528
		num uvs            :  0
		num uvs2           :  0
		num colors         :  0
		num indices        :  3120
		WARNING: # of 0 area faces found:  4
	processing begun of mesh:  shade
		processing begun of material:  lamp
		num positions      :  80
		num normals        :  80
		num tangents       :  0
		num uvs            :  160
		num uvs2           :  0
		num colors         :  0
		num indices        :  420
	processing begun of mesh:  bulb
		processing begun of material:  lamp
		processing begun of material:  bulb
		processing begun of multimaterial:  office1a.Multimaterial#5
		num positions      :  92
		num normals        :  92
		num tangents       :  0
		num uvs            :  184
		num uvs2           :  0
		num colors         :  0
		num indices        :  336
	processing begun of mesh:  stand
		processing begun of material:  lamp
		registered as also a user of material:  lamp
		num positions      :  84
		num normals        :  84
		num tangents       :  0
		num uvs            :  168
		num uvs2           :  0
		num colors         :  0
		num indices        :  336
	processing begun of mesh:  base
		processing begun of material:  lamp
		registered as also a user of material:  lamp
		num positions      :  22
		num normals        :  22
		num tangents       :  0
		num uvs            :  44
		num uvs2           :  0
		num colors         :  0
		num indices        :  66
	processing begun of node:  theLamp
	processing begun of mesh:  seat
		processing begun of material:  desk_base
		registered as also a user of material:  desk_base
		num positions      :  2729
		num normals        :  2729
		num tangents       :  0
		num uvs            :  5458
		num uvs2           :  0
		num colors         :  0
		num indices        :  9792
	processing begun of mesh:  aMug
		processing begun of material:  desk_base
		registered as also a user of material:  desk_base
		num positions      :  109
		num normals        :  109
		num tangents       :  0
		num uvs            :  218
		num uvs2           :  0
		num colors         :  0
		num indices        :  216
	processing begun of mesh:  seat.001
		mesh is an instance of :  seat.  Processing halted.
	processing begun of mesh:  a_keyboard
		processing begun of material:  desk_base
		registered as also a user of material:  desk_base
		num positions      :  31
		num normals        :  31
		num tangents       :  0
		num uvs            :  62
		num uvs2           :  0
		num colors         :  0
		num indices        :  36
	processing begun of mesh:  monitor
		processing begun of material:  desk_base
		registered as also a user of material:  desk_base
		num positions      :  198
		num normals        :  198
		num tangents       :  0
		num uvs            :  396
		num uvs2           :  0
		num colors         :  0
		num indices        :  216
	processing begun of mesh:  ashtray
		processing begun of material:  Material.002
			processing texture woods2_1024_leather2_knob1
				texture type:  diffuseTexture, mapped using: "UVMap"
		num positions      :  222
		num normals        :  222
		num tangents       :  0
		num uvs            :  444
		num uvs2           :  0
		num colors         :  0
		num indices        :  378
	processing begun of mesh:  cigarette
		processing begun of material:  desk_base
		registered as also a user of material:  desk_base
		num positions      :  419
		num normals        :  419
		num tangents       :  0
		num uvs            :  838
		num uvs2           :  0
		num colors         :  0
		num indices        :  576
	processing begun of mesh:  smoke
		WARNING: No materials have been assigned: 
		num positions      :  29
		num normals        :  29
		num tangents       :  0
		num uvs            :  58
		num uvs2           :  0
		num colors         :  0
		num indices        :  36
	processing begun of mesh:  office_wallsB
		processing begun of material:  back_wall
		processing begun of material:  the_window
		processing begun of material:  floor
		processing begun of material:  back_wall
		processing begun of material:  officewall
			processing texture bricks_mat_smoothness
				texture type:  diffuseTexture, mapped using: "UVMap"
		registered as also a user of material:  the_window
		registered as also a user of material:  floor
		registered as also a user of material:  back_wall
			processing texture brick1024
				texture type:  diffuseTexture, mapped using: "UVMap"
		processing begun of multimaterial:  office1a.Multimaterial#6
		num positions      :  4
		num normals        :  4
		num tangents       :  0
		num uvs            :  8
		num uvs2           :  0
		num colors         :  0
		num indices        :  6
	processing begun of mesh:  floor
		processing begun of material:  Material.001
		processing begun of material:  the_window
		processing begun of material:  floor
		registered as also a user of material:  the_window
		registered as also a user of material:  floor
		processing begun of multimaterial:  office1a.Multimaterial#7
		num positions      :  5
		num normals        :  5
		num tangents       :  0
		num uvs            :  10
		num uvs2           :  0
		num colors         :  0
		num indices        :  9
	processing begun of mesh:  phone
		processing begun of material:  phonebody
		processing begun of material:  phonescreen
			processing texture woods2_1024_leather2_knob1
				texture type:  diffuseTexture, mapped using: "UVMap"
		processing begun of multimaterial:  office1a.Multimaterial#8
		num positions      :  183
		num normals        :  183
		num tangents       :  0
		num uvs            :  366
		num uvs2           :  0
		num colors         :  0
		num indices        :  564
	processing begun of mesh:  surround
		processing begun of material:  Material
		num positions      :  8
		num normals        :  8
		num tangents       :  0
		num uvs            :  16
		num uvs2           :  0
		num colors         :  0
		num indices        :  24
	processing begun of mesh:  Text.004
		processing begun of material:  Material.003
		registered as also a user of material:  Material.003
		num positions      :  210
		num normals        :  210
		num tangents       :  0
		num uvs            :  420
		num uvs2           :  0
		num colors         :  0
		num indices        :  552
	processing begun of mesh:  Text.005
		processing begun of material:  Material
		registered as also a user of material:  Material
		num positions      :  318
		num normals        :  318
		num tangents       :  0
		num uvs            :  636
		num uvs2           :  0
		num colors         :  0
		num indices        :  930
	processing begun of mesh:  Text.006
		processing begun of material:  Material
		registered as also a user of material:  Material
		num positions      :  320
		num normals        :  320
		num tangents       :  0
		num uvs            :  640
		num uvs2           :  0
		num colors         :  0
		num indices        :  930
	processing begun of mesh:  1bookcase
		processing begun of material:  desk_base
		registered as also a user of material:  desk_base
		num positions      :  245
		num normals        :  245
		num tangents       :  0
		num uvs            :  490
		num uvs2           :  0
		num colors         :  0
		num indices        :  318
	processing begun of mesh:  file01
		processing begun of material:  desk_base
		registered as also a user of material:  desk_base
		num positions      :  19
		num normals        :  19
		num tangents       :  0
		num uvs            :  38
		num uvs2           :  0
		num colors         :  0
		num indices        :  24
	processing begun of mesh:  file02
		processing begun of material:  desk_base
		registered as also a user of material:  desk_base
		num positions      :  19
		num normals        :  19
		num tangents       :  0
		num uvs            :  38
		num uvs2           :  0
		num colors         :  0
		num indices        :  24
	processing begun of mesh:  box01
		processing begun of material:  desk_base
		registered as also a user of material:  desk_base
		num positions      :  19
		num normals        :  19
		num tangents       :  0
		num uvs            :  38
		num uvs2           :  0
		num colors         :  0
		num indices        :  24
	processing begun of mesh:  box02
		mesh is an instance of :  box01.  Processing halted.
	processing begun of mesh:  box03
		mesh is an instance of :  box01.  Processing halted.
	processing begun of mesh:  box04
		mesh is an instance of :  box01.  Processing halted.
	processing begun of mesh:  box05
		processing begun of material:  desk_base
		registered as also a user of material:  desk_base
		num positions      :  19
		num normals        :  19
		num tangents       :  0
		num uvs            :  38
		num uvs2           :  0
		num colors         :  0
		num indices        :  24
	processing begun of mesh:  box06
		mesh is an instance of :  box05.  Processing halted.
	processing begun of node:  boxes1
	processing begun of node:  boxes2
	processing begun of mesh:  book_base_orig.001
		processing begun of material:  books.001
		num positions      :  242
		num normals        :  242
		num tangents       :  0
		num uvs            :  484
		num uvs2           :  0
		num colors         :  0
		num indices        :  300
	processing begun of mesh:  1book_base_54t
		processing begun of material:  books
		num positions      :  129
		num normals        :  129
		num tangents       :  0
		num uvs            :  258
		num uvs2           :  0
		num colors         :  0
		num indices        :  168
	processing begun of node:  bookcase
	processing begun of mesh:  office_wallsR.
		processing begun of material:  officewall
		processing begun of material:  the_window
		processing begun of material:  floor
			processing texture brick1024
				texture type:  diffuseTexture, mapped using: "UVMap"
		registered as also a user of material:  the_window
		registered as also a user of material:  floor
		processing begun of multimaterial:  office1a.Multimaterial#9
		num positions      :  4
		num normals        :  4
		num tangents       :  0
		num uvs            :  8
		num uvs2           :  0
		num colors         :  0
		num indices        :  6
	processing begun of mesh:  bracket.L
		processing begun of material:  Black
		registered as also a user of material:  Black
		num positions      :  72
		num normals        :  72
		num tangents       :  0
		num uvs            :  144
		num uvs2           :  0
		num colors         :  0
		num indices        :  102
	processing begun of mesh:  ceiling.L
		processing begun of material:  officewall
		processing begun of material:  the_window
		processing begun of material:  floor
		processing begun of material:  ceiling
			processing texture brick1024
				texture type:  diffuseTexture, mapped using: "UVMap"
		registered as also a user of material:  the_window
		registered as also a user of material:  floor
			processing texture TexturesCom_ConcreteStucco0173_1_seamless_S
				texture type:  diffuseTexture, mapped using: "UVMap"
		processing begun of multimaterial:  office1a.Multimaterial#10
		num positions      :  4
		num normals        :  4
		num tangents       :  0
		num uvs            :  8
		num uvs2           :  0
		num colors         :  0
		num indices        :  6
	processing begun of mesh:  lamp.L
		processing begun of material:  bulb
		registered as also a user of material:  bulb
		num positions      :  319
		num normals        :  319
		num tangents       :  0
		num uvs            :  638
		num uvs2           :  0
		num colors         :  0
		num indices        :  360
	processing begun of node:  Light.L
	processing begun of mesh:  box07
		mesh is an instance of :  box05.  Processing halted.
	processing begun of mesh:  box07.001
		mesh is an instance of :  box05.  Processing halted.
	processing begun of mesh:  bracket.R
		mesh is an instance of :  bracket.L.  Processing halted.
	processing begun of mesh:  ceiling.R
		processing begun of material:  officewall
		processing begun of material:  the_window
		processing begun of material:  floor
		processing begun of material:  ceiling
			processing texture brick1024
				texture type:  diffuseTexture, mapped using: "UVMap"
		registered as also a user of material:  the_window
		registered as also a user of material:  floor
		registered as also a user of material:  ceiling
		processing begun of multimaterial:  office1a.Multimaterial#11
		num positions      :  4
		num normals        :  4
		num tangents       :  0
		num uvs            :  8
		num uvs2           :  0
		num colors         :  0
		num indices        :  6
	processing begun of mesh:  lamp.R
		mesh is an instance of :  lamp.L.  Processing halted.
	processing begun of node:  Light.R
	processing begun of mesh:  office_wallsL
		processing begun of material:  officewall
		processing begun of material:  the_window
		processing begun of material:  floor
		processing begun of material:  desk_base
			processing texture brick1024
				texture type:  diffuseTexture, mapped using: "UVMap"
		registered as also a user of material:  the_window
		registered as also a user of material:  floor
		registered as also a user of material:  desk_base
		processing begun of multimaterial:  office1a.Multimaterial#12
		num positions      :  75
		num normals        :  75
		num tangents       :  0
		num uvs            :  150
		num uvs2           :  0
		num colors         :  0
		num indices        :  102
	processing begun of mesh:  office_door
		processing begun of material:  officewall
		processing begun of material:  the_window
		processing begun of material:  floor
		processing begun of material:  desk_base
			processing texture brick1024
				texture type:  diffuseTexture, mapped using: "UVMap"
		registered as also a user of material:  the_window
		registered as also a user of material:  floor
		registered as also a user of material:  desk_base
		processing begun of multimaterial:  office1a.Multimaterial#13
		num positions      :  4
		num normals        :  4
		num tangents       :  0
		num uvs            :  8
		num uvs2           :  0
		num colors         :  0
		num indices        :  6
	processing begun of light (POINT):  point_back01
	processing begun of light (POINT):  point_back02
	processing begun of light (HEMI FROM AREA):  Light
	processing begun of light (POINT):  Point
	processing begun of light (POINT):  Point.L
	processing begun of light (POINT):  Point.R
========= Writing of JSON file started =========
	writing mesh:  backdrop
	writing mesh:  show
	writing mesh:  show.001
	writing mesh:  window
	writing mesh:  hatrack
	writing mesh:  hook
	writing mesh:  Fedora:Fedora
	writing mesh:  office.door
	writing mesh:  office_outer
	writing mesh:  office_wallsF
	writing mesh:  Plant_Pot
	writing mesh:  Plant_lower
	writing mesh:  Plant_upper
	writing mesh:  noticeboard
	writing mesh:  desk_base
	writing mesh:  desk_top
	writing mesh:  L_cupboard
	writing mesh:  L_drawer
	writing mesh:  M_drawer
	writing mesh:  R_cupboard
	writing mesh:  R_drawer
	writing mesh:  Pistol
	writing mesh:  shade
	writing mesh:  bulb
	writing mesh:  stand
	writing mesh:  base
	writing mesh:  seat
	writing mesh:  aMug
	writing mesh:  a_keyboard
	writing mesh:  monitor
	writing mesh:  ashtray
	writing mesh:  cigarette
	writing mesh:  smoke
	writing mesh:  office_wallsB
	writing mesh:  floor
	writing mesh:  phone
	writing mesh:  surround
	writing mesh:  Text.004
	writing mesh:  Text.005
	writing mesh:  Text.006
	writing mesh:  1bookcase
	writing mesh:  file01
	writing mesh:  file02
	writing mesh:  box01
	writing mesh:  box05
	writing mesh:  book_base_orig.001
	writing mesh:  1book_base_54t
	writing mesh:  office_wallsR.
	writing mesh:  bracket.L
	writing mesh:  ceiling.L
	writing mesh:  lamp.L
	writing mesh:  ceiling.R
	writing mesh:  office_wallsL
	writing mesh:  office_door
========= Writing of JSON file completed =========
========= end of processing =========
elapsed time:  0 min, 1.5292 secs
