Exporter version: 2.93.4, Blender version: 2.93.4
========= Conversion from Blender to Babylon.js =========
	Scene settings used :
		Inline textures     :  false
		Material Type       :  PBR
		Positions Precision :  4
		Normals Precision   :  3
		UVs Precision       :  3
		Vert Color Precision:  3
		Mat Weight Precision:  2
		Keep Z-up r-handed  :  no
		Texture directory   :  H:\babylon_projects\a_weapon\phase1\
	Python World class constructor completed
	processing begun of skeleton:  base_clothes, id:  0
		processing begun of bone:  hips, index:  0
		processing begun of bone:  thigh.L, index:  1
		processing begun of bone:  shin.L, index:  2
		processing begun of bone:  foot.L, index:  3
		processing begun of bone:  toe.L, index:  4
		processing begun of bone:  thigh.R, index:  5
		processing begun of bone:  shin.R, index:  6
		processing begun of bone:  foot.R, index:  7
		processing begun of bone:  toe.R, index:  8
		processing begun of bone:  spine, index:  9
		processing begun of bone:  chest, index:  10
		processing begun of bone:  clavicle.R, index:  11
		processing begun of bone:  upper_arm.R, index:  12
		processing begun of bone:  forearm.R, index:  13
		processing begun of bone:  hand.R, index:  14
		processing begun of bone:  thumb.02.R, index:  15
		processing begun of bone:  thumb.03.R, index:  16
		processing begun of bone:  f_ring.01.R, index:  17
		processing begun of bone:  f_index.01.R, index:  18
		processing begun of bone:  doll.R, index:  19
		processing begun of bone:  clavicle.L, index:  20
		processing begun of bone:  upper_arm.L, index:  21
		processing begun of bone:  forearm.L, index:  22
		processing begun of bone:  hand.L, index:  23
		processing begun of bone:  thumb.02.L, index:  24
		processing begun of bone:  thumb.03.L, index:  25
		processing begun of bone:  f_ring.01.L, index:  26
		processing begun of bone:  f_index.01.L, index:  27
		processing begun of bone:  neck, index:  28
		processing begun of bone:  head, index:  29
		processing begun of bone:  jaw, index:  30
		processing begun of bone:  eye.R, index:  31
		processing begun of bone:  eye.L, index:  32
		processing action standAction:  in[1 - 30], out[0 - 30]
		processing action waveAction:  in[1 - 30], out[40 - 70]
	processing begun of camera (ArcRotateCamera):  Camera
	processing begun of mesh:  base_clothes:Body
		processing begun of material:  base_clothes:Skin
		num positions      :  10181
		num normals        :  10181
		num tangents       :  0
		num uvs            :  20362
		num uvs2           :  0
		num colors         :  0
		num triangles      :  15998
		Skeleton stats:  
			Total Influencers:  13875
			Avg # of influencers per vertex:  1.3628
			Highest # of influencers observed:  3, num vertices with this:  449
			exported as 3 influencers
			num skeletonWeights and skeletonIndices:  40724
	processing begun of mesh:  base_clothes:jeans01
		processing begun of material:  base_clothes:jeans01:jeans01Material
		num positions      :  1059
		num normals        :  1059
		num tangents       :  0
		num uvs            :  2118
		num uvs2           :  0
		num colors         :  0
		num triangles      :  1712
		Skeleton stats:  
			Total Influencers:  1865
			Avg # of influencers per vertex:  1.7611
			Highest # of influencers observed:  3, num vertices with this:  92
			exported as 3 influencers
			num skeletonWeights and skeletonIndices:  4236
	processing begun of mesh:  base_clothes:Low-Poly
		processing begun of material:  base_clothes:Low-Poly:Eye_brown
		num positions      :  96
		num normals        :  96
		num tangents       :  0
		num uvs            :  192
		num uvs2           :  0
		num colors         :  0
		num triangles      :  172
		Skeleton stats:  
			Total Influencers:  104
			Avg # of influencers per vertex:  1.0833
			Highest # of influencers observed:  2, num vertices with this:  8
			exported as 2 influencers
			num skeletonWeights and skeletonIndices:  384
	processing begun of mesh:  base_clothes:mhair02
		processing begun of material:  base_clothes:mhair02:mhair02black
		num positions      :  2420
		num normals        :  2420
		num tangents       :  0
		num uvs            :  4840
		num uvs2           :  0
		num colors         :  0
		num triangles      :  3460
		Skeleton stats:  
			Total Influencers:  2738
			Avg # of influencers per vertex:  1.1314
			Highest # of influencers observed:  4, num vertices with this:  11
			exported as 4 influencers
			num skeletonWeights and skeletonIndices:  9680
	processing begun of mesh:  base_clothes:shoes02
		processing begun of material:  base_clothes:shoes02:SportShoes
		num positions      :  1655
		num normals        :  1655
		num tangents       :  0
		num uvs            :  3310
		num uvs2           :  0
		num colors         :  0
		num triangles      :  2560
		Skeleton stats:  
			Total Influencers:  1655
			Avg # of influencers per vertex:  1
			Highest # of influencers observed:  1, num vertices with this:  1655
			exported as 1 influencers
			num skeletonWeights and skeletonIndices:  6620
	processing begun of mesh:  base_clothes:Tshirt01
		processing begun of material:  base_clothes:Tshirt01:TShirtWhite
		num positions      :  1421
		num normals        :  1421
		num tangents       :  0
		num uvs            :  2842
		num uvs2           :  0
		num colors         :  0
		num triangles      :  2208
		Skeleton stats:  
			Total Influencers:  2808
			Avg # of influencers per vertex:  1.9761
			Highest # of influencers observed:  4, num vertices with this:  12
			exported as 4 influencers
			num skeletonWeights and skeletonIndices:  5684
	processing begun of mesh:  Cube
		WARNING: No materials have been assigned: 
		num positions      :  29
		num normals        :  29
		num tangents       :  0
		num uvs            :  58
		num uvs2           :  0
		num colors         :  0
		num triangles      :  12
	processing begun of mesh:  theDoll_norig
		WARNING: No skeleton with name "Small_doll" found skeleton ignored.
		processing begun of material:  Small_doll:Uni1228:Defaultskin
		num positions      :  2027
		num normals        :  2027
		num tangents       :  0
		num uvs            :  4054
		num uvs2           :  0
		num colors         :  0
		num triangles      :  2440
	processing begun of mesh:  theDoll_norig.001
		WARNING: No skeleton with name "Small_doll" found skeleton ignored.
		processing begun of material:  Small_doll:Uni1228:Defaultskin
		registered as also a user of material:  Small_doll:Uni1228:Defaultskin
		num positions      :  2031
		num normals        :  2031
		num tangents       :  0
		num uvs            :  4062
		num uvs2           :  0
		num colors         :  0
		num triangles      :  2440
	processing begun of light (HEMI FROM AREA):  Light
========= Writing of JSON file started =========
	writing mesh:  base_clothes:Body
	writing mesh:  base_clothes:jeans01
	writing mesh:  base_clothes:Low-Poly
	writing mesh:  base_clothes:mhair02
	writing mesh:  base_clothes:shoes02
	writing mesh:  base_clothes:Tshirt01
	writing mesh:  Cube
	writing mesh:  theDoll_norig
	writing mesh:  theDoll_norig.001
========= Writing of JSON file completed =========
========= end of processing =========
elapsed time:  0 min, 5.2824 secs
