Exporter version: 2.93.4, Blender version: 2.93.4
========= Conversion from Blender to Babylon.js =========
	Scene settings used :
		Inline textures     :  false
		Material Type       :  PBR
		Positions Precision :  4
		Normals Precision   :  3
		UVs Precision       :  3
		Vert Color Precision:  3
		Mat Weight Precision:  2
		Keep Z-up r-handed  :  no
		Texture directory   :  H:\babylon_projects\midsomer02\2boxes\
	Python World class constructor completed
	processing begun of mesh:  box_big
		animation processing begun
			processing action bBoxAction:  in[1 - 60], out[0 - 60]
		processing begun of material:  Material
		num positions      :  30
		num normals        :  30
		num tangents       :  0
		num uvs            :  60
		num uvs2           :  0
		num colors         :  0
		num triangles      :  12
	processing begun of camera (UniversalCamera):  Camera
	processing begun of mesh:  box_small
		animation processing begun
			processing action sboxAction:  in[1 - 60], out[0 - 60]
		processing begun of material:  blue
		num positions      :  30
		num normals        :  30
		num tangents       :  0
		num uvs            :  60
		num uvs2           :  0
		num colors         :  0
		num triangles      :  12
	processing begun of light (HEMI FROM AREA):  Light
========= Writing of JSON file started =========
	writing mesh:  box_big
	writing mesh:  box_small
========= Writing of JSON file completed =========
========= end of processing =========
elapsed time:  0 min, 0.7829 secs
