Exporter version: 3.3.1, Blender version: 3.3.1
========= Conversion from Blender to Babylon.js =========
	Scene settings used :
		Inline textures     :  false
		Material Type       :  PBR
		Positions Precision :  4
		Normals Precision   :  3
		UVs Precision       :  3
		Vert Color Precision:  3
		Mat Weight Precision:  2
		Keep Z-up r-handed  :  no
		Texture directory   :  H:\babylon_projects\geonodes_maze\
	Python World class constructor completed
	processing begun of camera (UniversalCamera):  Camera2
	processing begun of camera (ArcRotateCamera):  Camera3
	processing begun of mesh:  Cube
		processing begun of material:  white
		num positions      :  29
		num normals        :  29
		num tangents       :  0
		num uvs            :  58
		num uvs2           :  0
		num colors         :  0
		num triangles      :  12
	processing begun of mesh:  cam2ball
		processing begun of material:  white
		registered as also a user of material:  white
		num positions      :  60
		num normals        :  60
		num tangents       :  0
		num uvs            :  120
		num uvs2           :  0
		num colors         :  0
		num triangles      :  20
	processing begun of node:  maze02
	processing begun of mesh:  Wall02
		processing begun of material:  wall
			processing texture stone01
		num positions      :  654
		num normals        :  654
		num tangents       :  0
		num uvs            :  1308
		num uvs2           :  0
		num colors         :  0
		num triangles      :  282
	processing begun of light (HEMI FROM AREA):  Light
========= Writing of JSON file started =========
	writing mesh:  Cube
	writing mesh:  cam2ball
	writing mesh:  Wall02
========= Writing of JSON file completed =========
========= end of processing =========
elapsed time:  0 min, 1.0191 secs
