Exporter version: 3.3.1, Blender version: 3.3.1
========= Conversion from Blender to Babylon.js =========
	Scene settings used :
		Inline textures     :  false
		Material Type       :  STD
		Positions Precision :  4
		Normals Precision   :  3
		UVs Precision       :  3
		Vert Color Precision:  3
		Mat Weight Precision:  2
		Keep Z-up r-handed  :  no
		Texture directory   :  H:\babylon_projects\scene_dispose\scene01\scene01/textures
	Python World class constructor completed
	processing begun of skeleton:  Monk01, id:  0
		processing begun of bone:  Hips, index:  0
		processing begun of bone:  LHipJoint, index:  1
		processing begun of bone:  LeftUpLeg, index:  2
		processing begun of bone:  LeftLeg, index:  3
		processing begun of bone:  LeftFoot, index:  4
		processing begun of bone:  LeftToeBase, index:  5
		processing begun of bone:  LowerBack, index:  6
		processing begun of bone:  Spine, index:  7
		processing begun of bone:  Spine1, index:  8
		processing begun of bone:  LeftShoulder, index:  9
		processing begun of bone:  LeftArm, index:  10
		processing begun of bone:  LeftForeArm, index:  11
		processing begun of bone:  LeftHand, index:  12
		processing begun of bone:  LThumb, index:  13
		processing begun of bone:  LeftFingerBase, index:  14
		processing begun of bone:  LeftHandFinger1, index:  15
		processing begun of bone:  Neck, index:  16
		processing begun of bone:  Neck1, index:  17
		processing begun of bone:  Head, index:  18
		processing begun of bone:  RightShoulder, index:  19
		processing begun of bone:  RightArm, index:  20
		processing begun of bone:  RightForeArm, index:  21
		processing begun of bone:  RightHand, index:  22
		processing begun of bone:  RThumb, index:  23
		processing begun of bone:  RightFingerBase, index:  24
		processing begun of bone:  RightHandFinger1, index:  25
		processing begun of bone:  RHipJoint, index:  26
		processing begun of bone:  RightUpLeg, index:  27
		processing begun of bone:  RightLeg, index:  28
		processing begun of bone:  RightFoot, index:  29
		processing begun of bone:  RightToeBase, index:  30
		Ignoring IK bone:  LLeg.IK
		Ignoring IK bone:  RLeg.IK
		Ignoring IK bone:  LKnee.IK
		Ignoring IK bone:  RKnee.IK
		Ignoring IK bone:  LElbow.IK
		Ignoring IK bone:  RElbow.IK
		Ignoring IK bone:  LHand.IK
		Ignoring IK bone:  RHand.IK
		processing action monk2Action:  in[1 - 5], out[0 - 5]
		processing action wand_action:  in[1 - 40], out[10 - 50]
	processing begun of mesh:  skin_Uni1228
		animation processing begun
			processing action wand_action:  in[1 - 40], out[0 - 40]
		processing begun of material:  Monk01:Uni1228:Defaultskin
		processing begun of material:  Material
			processing texture unn1221_newface
		processing begun of multimaterial:  monk06.Multimaterial#0
		num positions      :  1548
		num normals        :  1548
		num tangents       :  0
		num uvs            :  3096
		num uvs2           :  0
		num colors         :  0
		num triangles      :  1660
		Skeleton stats:  
			Total Influencers:  3914
			Avg # of influencers per vertex:  2.5284
			Highest # of influencers observed:  6, num vertices with this:  9
			exported as 6 influencers
			num skeletonWeights and skeletonIndices:  12384
	processing begun of mesh:  Low-poly-eyes
		processing begun of material:  Monk01:Low-poly:Eye_brown
			processing texture brown_eye
		num positions      :  96
		num normals        :  96
		num tangents       :  0
		num uvs            :  192
		num uvs2           :  0
		num colors         :  0
		num triangles      :  172
		Skeleton stats:  
			Total Influencers:  96
			Avg # of influencers per vertex:  1
			Highest # of influencers observed:  1, num vertices with this:  96
			exported as 1 influencers
			num skeletonWeights and skeletonIndices:  384
	processing begun of mesh:  robe2
		animation processing begun
			processing action wand_action:  in[1 - 40], out[0 - 40]
		processing begun of material:  theRobe
		num positions      :  745
		num normals        :  745
		num tangents       :  0
		num uvs            :  1490
		num uvs2           :  0
		num colors         :  0
		num triangles      :  1044
		Skeleton stats:  
			Total Influencers:  2394
			Avg # of influencers per vertex:  3.2134
			Highest # of influencers observed:  7, num vertices with this:  27
			exported as 7 influencers
			num skeletonWeights and skeletonIndices:  5960
	processing begun of mesh:  hood2
		processing begun of material:  theRobe
		registered as also a user of material:  theRobe
		num positions      :  716
		num normals        :  716
		num tangents       :  0
		num uvs            :  1432
		num uvs2           :  0
		num colors         :  0
		num triangles      :  1088
		Skeleton stats:  
			Total Influencers:  3045
			Avg # of influencers per vertex:  4.2528
			Highest # of influencers observed:  7, num vertices with this:  18
			exported as 7 influencers
			num skeletonWeights and skeletonIndices:  5728
	processing begun of mesh:  staff
		processing begun of material:  staff
		processing begun of material:  jewel
		processing begun of multimaterial:  monk06.Multimaterial#1
		num positions      :  150
		num normals        :  150
		num tangents       :  0
		num uvs            :  300
		num uvs2           :  0
		num colors         :  0
		num triangles      :  110
		Skeleton stats:  
			Total Influencers:  150
			Avg # of influencers per vertex:  1
			Highest # of influencers observed:  1, num vertices with this:  150
			exported as 1 influencers
			num skeletonWeights and skeletonIndices:  600
	processing begun of mesh:  chair
		processing begun of material:  chair
			processing texture fine_woods02_1024
		num positions      :  306
		num normals        :  306
		num tangents       :  0
		num uvs            :  612
		num uvs2           :  0
		num colors         :  0
		num triangles      :  140
	WARNING: The following camera not visible in scene thus ignored: Camera
	processing begun of light (HEMI FROM AREA):  Light
========= Writing of JSON file started =========
	writing mesh:  skin_Uni1228
	writing mesh:  Low-poly-eyes
	writing mesh:  robe2
	writing mesh:  hood2
	writing mesh:  staff
	writing mesh:  chair
========= Writing of JSON file completed =========
========= end of processing =========
elapsed time:  0 min, 2.5575 secs
