Exporter version: 6.2.4, Blender version: 2.81 (sub 16)
========= Conversion from Blender to Babylon.js =========
	Scene settings used :
		inline textures     :  false
		Material Type       :  PBR
		Positions Precision :  4
		Normals Precision   :  3
		UVs Precision       :  3
		Vert Color Precision:  3
		Mat Weight Precision:  2
		texture directory   :  H:\XDrive\EasyPHP-DevServer-14.1VC9\EasyPHP-DevServer-14.1VC9\data\localweb\projects\1984\
	Python World class constructor completed
	processing begun of skeleton:  Sitting01, id:  0
		processing begun of bone:  Hips, index:  0
		processing begun of bone:  LHipJoint, index:  1
		processing begun of bone:  LeftUpLeg, index:  2
		processing begun of bone:  LeftLeg, index:  3
		processing begun of bone:  LeftFoot, index:  4
		processing begun of bone:  LeftToeBase, index:  5
		processing begun of bone:  LowerBack, index:  6
		processing begun of bone:  Spine, index:  7
		processing begun of bone:  Spine1, index:  8
		processing begun of bone:  LeftShoulder, index:  9
		processing begun of bone:  LeftArm, index:  10
		processing begun of bone:  LeftForeArm, index:  11
		processing begun of bone:  LeftHand, index:  12
		processing begun of bone:  LThumb, index:  13
		processing begun of bone:  LeftFingerBase, index:  14
		processing begun of bone:  LeftHandFinger1, index:  15
		processing begun of bone:  Neck, index:  16
		processing begun of bone:  Neck1, index:  17
		processing begun of bone:  Head, index:  18
		processing begun of bone:  RightShoulder, index:  19
		processing begun of bone:  RightArm, index:  20
		processing begun of bone:  RightForeArm, index:  21
		processing begun of bone:  RightHand, index:  22
		processing begun of bone:  RThumb, index:  23
		processing begun of bone:  RightFingerBase, index:  24
		processing begun of bone:  RightHandFinger1, index:  25
		processing begun of bone:  RHipJoint, index:  26
		processing begun of bone:  RightUpLeg, index:  27
		processing begun of bone:  RightLeg, index:  28
		processing begun of bone:  RightFoot, index:  29
		processing begun of bone:  RightToeBase, index:  30
	processing begun of mesh:  Sitting01:Uni1228
		processing begun of material:  Sitting01:Uni1228:Defaultskin
		num positions      :  2029
		num normals        :  2029
		num tangents       :  0
		num uvs            :  4058
		num uvs2           :  0
		num colors         :  0
		num indices        :  7320
		Skeleton stats:  
			Total Influencers:  4378
			Avg # of influencers per vertex:  2.1577
			Highest # of influencers observed:  7, num vertices with this:  12
			exported as 7 influencers
			num skeletonWeights and skeletonIndices:  16232
	processing begun of mesh:  Sitting01:Low-poly
		processing begun of material:  Sitting01:Low-poly:Eye_brown
			processing texture brown_eye
				texture type:  diffuseTexture, mapped using: "UVMap"
		num positions      :  96
		num normals        :  96
		num tangents       :  0
		num uvs            :  192
		num uvs2           :  0
		num colors         :  0
		num indices        :  516
		Skeleton stats:  
			Total Influencers:  96
			Avg # of influencers per vertex:  1
			Highest # of influencers observed:  1, num vertices with this:  96
			exported as 1 influencers
			num skeletonWeights and skeletonIndices:  384
	processing begun of camera (UniversalCamera):  Camera_1
	processing begun of mesh:  Plane
		WARNING: No materials have been assigned: 
		num positions      :  4
		num normals        :  4
		num tangents       :  0
		num uvs            :  8
		num uvs2           :  0
		num colors         :  0
		num indices        :  6
	processing begun of light (HEMI FROM AREA):  Light
========= Writing of JSON file started =========
	writing mesh:  Sitting01:Uni1228
	writing mesh:  Sitting01:Low-poly
	writing mesh:  Plane
========= Writing of JSON file completed =========
========= end of processing =========
elapsed time:  0 min, 1.6706 secs
