Exporter version: 3.3.1, Blender version: 3.3.1
========= Conversion from Blender to Babylon.js =========
	Scene settings used :
		Inline textures     :  false
		Material Type       :  STD
		Positions Precision :  4
		Normals Precision   :  3
		UVs Precision       :  3
		Vert Color Precision:  3
		Mat Weight Precision:  2
		Keep Z-up r-handed  :  no
		Texture directory   :  H:\babylon_projects\script_maze\
	Python World class constructor completed
	processing begun of camera (UniversalCamera):  Camera
	processing begun of mesh:  camSphere
		WARNING: No materials have been assigned: 
		num positions      :  60
		num normals        :  60
		num tangents       :  0
		num uvs            :  120
		num uvs2           :  0
		num colors         :  0
		num triangles      :  20
	processing begun of mesh:  endMaze
		processing begun of material:  red
		num positions      :  60
		num normals        :  60
		num tangents       :  0
		num uvs            :  120
		num uvs2           :  0
		num colors         :  0
		num triangles      :  20
	processing begun of mesh:  wallv_text
		processing begun of material:  arch_mat
			processing texture stone1x512
		num positions      :  8
		num normals        :  8
		num tangents       :  0
		num uvs            :  16
		num uvs2           :  0
		num colors         :  0
		num triangles      :  4
	processing begun of mesh:  wallh_text
		processing begun of material:  arch_mat
		registered as also a user of material:  arch_mat
		num positions      :  8
		num normals        :  8
		num tangents       :  0
		num uvs            :  16
		num uvs2           :  0
		num colors         :  0
		num triangles      :  4
	processing begun of mesh:  arch_v
		processing begun of material:  arch_mat
		registered as also a user of material:  arch_mat
		num positions      :  41
		num normals        :  41
		num tangents       :  0
		num uvs            :  82
		num uvs2           :  0
		num colors         :  0
		num triangles      :  26
	processing begun of mesh:  arch_h
		processing begun of material:  arch_mat
		registered as also a user of material:  arch_mat
		num positions      :  41
		num normals        :  41
		num tangents       :  0
		num uvs            :  82
		num uvs2           :  0
		num colors         :  0
		num triangles      :  26
	processing begun of mesh:  vdoor
		processing begun of material:  door
			processing texture steeldoor01norm
			processing texture steeldoor01
		num positions      :  31
		num normals        :  31
		num tangents       :  0
		num uvs            :  62
		num uvs2           :  0
		num colors         :  0
		num triangles      :  12
	processing begun of mesh:  hdoor
		processing begun of material:  door
		registered as also a user of material:  door
		num positions      :  31
		num normals        :  31
		num tangents       :  0
		num uvs            :  62
		num uvs2           :  0
		num colors         :  0
		num triangles      :  12
	processing begun of mesh:  roof
		processing begun of material:  roof
			processing texture roof1
		num positions      :  4
		num normals        :  4
		num tangents       :  0
		num uvs            :  8
		num uvs2           :  0
		num colors         :  0
		num triangles      :  2
	processing begun of mesh:  floor
		processing begun of material:  ground
			processing texture tiles9_dif
		num positions      :  4
		num normals        :  4
		num tangents       :  0
		num uvs            :  8
		num uvs2           :  0
		num colors         :  0
		num triangles      :  2
	processing begun of light (HEMI FROM AREA):  Light
	processing begun of light (HEMI FROM AREA):  Light2
	processing begun of light (POINT):  Point
========= Writing of JSON file started =========
	writing mesh:  camSphere
	writing mesh:  endMaze
	writing mesh:  wallv_text
	writing mesh:  wallh_text
	writing mesh:  arch_v
	writing mesh:  arch_h
	writing mesh:  vdoor
	writing mesh:  hdoor
	writing mesh:  roof
	writing mesh:  floor
========= Writing of JSON file completed =========
========= end of processing =========
elapsed time:  0 min, 0.86 secs
