Exporter version: 6.4.4, Blender version: 2.90.0
========= Conversion from Blender to Babylon.js =========
	Scene settings used :
		Inline textures     :  false
		Material Type       :  STD
		Positions Precision :  4
		Normals Precision   :  3
		UVs Precision       :  3
		Vert Color Precision:  3
		Mat Weight Precision:  2
		Keep Z-up r-handed  :  no
		Texture directory   :  H:\XDrive\EasyPHP-DevServer-14.1VC9\EasyPHP-DevServer-14.1VC9\data\localweb\projects\island2\
	Python World class constructor completed
	processing begun of skeleton:  Armature, id:  0
		processing begun of bone:  hip, index:  0
		processing begun of bone:  spine01, index:  1
		processing begun of bone:  spine02, index:  2
		processing begun of bone:  neck, index:  3
		processing begun of bone:  head_bone, index:  4
		processing begun of bone:  UpperLeg.L, index:  5
		processing begun of bone:  LowerLeg.L, index:  6
		processing begun of bone:  Foot.L, index:  7
		processing begun of bone:  Toes.L, index:  8
		processing begun of bone:  shoulder.L, index:  9
		processing begun of bone:  upperArm.L, index:  10
		processing begun of bone:  lowerArm.L, index:  11
		processing begun of bone:  hand.L, index:  12
		processing begun of bone:  fingers.L, index:  13
		processing begun of bone:  jaw_bone, index:  14
		processing begun of bone:  thumb.L, index:  15
		processing begun of bone:  shoulder.R, index:  16
		processing begun of bone:  upperArm.R, index:  17
		processing begun of bone:  lowerArm.R, index:  18
		processing begun of bone:  hand.R, index:  19
		processing begun of bone:  fingers.R, index:  20
		processing begun of bone:  thumb.R, index:  21
		processing begun of bone:  UpperLeg.R, index:  22
		processing begun of bone:  LowerLeg.R, index:  23
		processing begun of bone:  Foot.R, index:  24
		processing begun of bone:  Toes.R, index:  25
		processing begun of bone:  leg.L.IK, index:  26
		processing begun of bone:  leg.R.IK, index:  27
		processing begun of bone:  arm.L.IK, index:  28
		processing begun of bone:  arm.R.IK, index:  29
		processing action mouthAction:  in[1 - 30], out[0 - 30]
	processing begun of mesh:  gruffalo_claws_footL
		processing begun of material:  claws
		num positions      :  172
		num normals        :  172
		num tangents       :  688
		num uvs            :  0
		num uvs2           :  0
		num colors         :  0
		num triangles      :  304
		Skeleton stats:  
			Total Influencers:  402
			Avg # of influencers per vertex:  2.3372
			Highest # of influencers observed:  4, num vertices with this:  8
			exported as 4 influencers
			num skeletonWeights and skeletonIndices:  688
	processing begun of mesh:  gruffalo_claws_footR
		processing begun of material:  claws
		registered as also a user of material:  claws
		num positions      :  148
		num normals        :  148
		num tangents       :  592
		num uvs            :  0
		num uvs2           :  0
		num colors         :  0
		num triangles      :  264
		Skeleton stats:  
			Total Influencers:  304
			Avg # of influencers per vertex:  2.0541
			Highest # of influencers observed:  3, num vertices with this:  48
			exported as 3 influencers
			num skeletonWeights and skeletonIndices:  592
	processing begun of mesh:  gruffalo_claws_pawL
		processing begun of material:  claws
		registered as also a user of material:  claws
		num positions      :  97
		num normals        :  97
		num tangents       :  388
		num uvs            :  0
		num uvs2           :  0
		num colors         :  0
		num triangles      :  182
		Skeleton stats:  
			Total Influencers:  138
			Avg # of influencers per vertex:  1.4227
			Highest # of influencers observed:  2, num vertices with this:  41
			exported as 2 influencers
			num skeletonWeights and skeletonIndices:  388
	processing begun of mesh:  gruffalo_claws_pawR
		processing begun of material:  claws
		registered as also a user of material:  claws
		num positions      :  105
		num normals        :  105
		num tangents       :  420
		num uvs            :  0
		num uvs2           :  0
		num colors         :  0
		num triangles      :  194
		Skeleton stats:  
			Total Influencers:  120
			Avg # of influencers per vertex:  1.1429
			Highest # of influencers observed:  2, num vertices with this:  15
			exported as 2 influencers
			num skeletonWeights and skeletonIndices:  420
	processing begun of mesh:  gruffalo_claws_thumbL.
		processing begun of material:  claws
		registered as also a user of material:  claws
		num positions      :  30
		num normals        :  30
		num tangents       :  120
		num uvs            :  0
		num uvs2           :  0
		num colors         :  0
		num triangles      :  56
		Skeleton stats:  
			Total Influencers:  30
			Avg # of influencers per vertex:  1
			Highest # of influencers observed:  1, num vertices with this:  30
			exported as 1 influencers
			num skeletonWeights and skeletonIndices:  120
	processing begun of mesh:  gruffalo_claws_thumbR
		processing begun of material:  claws
		registered as also a user of material:  claws
		num positions      :  20
		num normals        :  20
		num tangents       :  80
		num uvs            :  0
		num uvs2           :  0
		num colors         :  0
		num triangles      :  36
		Skeleton stats:  
			Total Influencers:  20
			Avg # of influencers per vertex:  1
			Highest # of influencers observed:  1, num vertices with this:  20
			exported as 1 influencers
			num skeletonWeights and skeletonIndices:  80
	processing begun of mesh:  gruffalo_LP_eyes
		processing begun of material:  eyes
		processing begun of material:  iris
		processing begun of multimaterial:  island01c.Multimaterial#0
		num positions      :  360
		num normals        :  360
		num tangents       :  0
		num uvs            :  720
		num uvs2           :  0
		num colors         :  0
		num triangles      :  448
		Skeleton stats:  
			Total Influencers:  720
			Avg # of influencers per vertex:  2
			Highest # of influencers observed:  2, num vertices with this:  360
			exported as 2 influencers
			num skeletonWeights and skeletonIndices:  1440
	processing begun of mesh:  gruffalo_teeth_big
		processing begun of material:  teeth_big
		num positions      :  340
		num normals        :  340
		num tangents       :  1360
		num uvs            :  0
		num uvs2           :  0
		num colors         :  0
		num triangles      :  672
		Skeleton stats:  
			Total Influencers:  1208
			Avg # of influencers per vertex:  3.5529
			Highest # of influencers observed:  4, num vertices with this:  188
			exported as 4 influencers
			num skeletonWeights and skeletonIndices:  1360
	processing begun of mesh:  gruffalo_teeth_small
		processing begun of material:  teeth_big
		registered as also a user of material:  teeth_big
		num positions      :  67
		num normals        :  67
		num tangents       :  268
		num uvs            :  0
		num uvs2           :  0
		num colors         :  0
		num triangles      :  102
		Skeleton stats:  
			Total Influencers:  67
			Avg # of influencers per vertex:  1
			Highest # of influencers observed:  1, num vertices with this:  67
			exported as 1 influencers
			num skeletonWeights and skeletonIndices:  268
	processing begun of mesh:  tree_log
		processing begun of material:  wood
			processing texture darkwood01
				texture type:  diffuseTexture, mapped using: "UVMap"
		num positions      :  257
		num normals        :  257
		num tangents       :  0
		num uvs            :  514
		num uvs2           :  0
		num colors         :  0
		num triangles      :  128
	processing begun of mesh:  bridge
		processing begun of material:  planks
			processing texture brown_planks_512
				texture type:  diffuseTexture, mapped using: "UVMap"
		num positions      :  289
		num normals        :  289
		num tangents       :  0
		num uvs            :  578
		num uvs2           :  0
		num colors         :  0
		num triangles      :  116
	processing begun of camera (ArcRotateCamera):  Camera
	processing begun of mesh:  target
		processing begun of material:  horns
		num positions      :  29
		num normals        :  29
		num tangents       :  0
		num uvs            :  58
		num uvs2           :  0
		num colors         :  0
		num triangles      :  12
	processing begun of mesh:  terrain01
		processing begun of material:  Material
			processing texture terrain_map
				texture type:  diffuseTexture, mapped using: "UVMap"
		num positions      :  590
		num normals        :  590
		num tangents       :  0
		num uvs            :  1180
		num uvs2           :  0
		num colors         :  0
		num triangles      :  768
	processing begun of mesh:  terrain01.001
		mesh is an instance of :  terrain01.  Processing halted.
	processing begun of mesh:  gruffalo_5k
		processing begun of material:  skin
			processing texture base_text02
				texture type:  diffuseTexture, mapped using: "UVMap"
		num positions      :  10589
		num normals        :  10589
		num tangents       :  0
		num uvs            :  21178
		num uvs2           :  0
		num colors         :  0
		num triangles      :  17360
		Skeleton stats:  
			WARNING: Maximum # of influencers exceeded for 4 vertices, extras ignored
			Total Influencers:  36485
			Avg # of influencers per vertex:  3.4456
			Highest # of influencers observed:  9, num vertices with this:  4
			exported as 8 influencers
			num skeletonWeights and skeletonIndices:  84712
	processing begun of mesh:  gruffalo_horns
		animation processing begun
			processing action mouthAction:  in[1 - 30], out[0 - 30]
		processing begun of material:  horns
		registered as also a user of material:  horns
		num positions      :  668
		num normals        :  668
		num tangents       :  2672
		num uvs            :  0
		num uvs2           :  0
		num colors         :  0
		num triangles      :  1312
		Skeleton stats:  
			Total Influencers:  668
			Avg # of influencers per vertex:  1
			Highest # of influencers observed:  1, num vertices with this:  668
			exported as 1 influencers
			num skeletonWeights and skeletonIndices:  2672
	processing begun of mesh:  tree01
		processing begun of material:  trunk01
		processing begun of material:  leaves01
			processing texture darkwood01
				texture type:  diffuseTexture, mapped using: "UVMap"
			processing texture new_mixed01
				texture type:  diffuseTexture, mapped using: "UVMap"
		processing begun of multimaterial:  island01c.Multimaterial#1
		num positions      :  294
		num normals        :  294
		num tangents       :  0
		num uvs            :  588
		num uvs2           :  0
		num colors         :  0
		num triangles      :  164
	processing begun of mesh:  tree02
		mesh is an instance of :  tree01.  Processing halted.
	processing begun of mesh:  tree01.001
		mesh is an instance of :  tree01.  Processing halted.
	processing begun of mesh:  tree01.002
		mesh is an instance of :  tree01.  Processing halted.
	processing begun of mesh:  rock01
		processing begun of material:  Material.002
			processing texture baked3g
				texture type:  diffuseTexture, mapped using: "UVMap"
		num positions      :  80
		num normals        :  80
		num tangents       :  0
		num uvs            :  160
		num uvs2           :  0
		num colors         :  0
		num triangles      :  80
	processing begun of mesh:  rock02
		mesh is an instance of :  rock01.  Processing halted.
	processing begun of mesh:  rock03
		mesh is an instance of :  rock01.  Processing halted.
	processing begun of mesh:  rock04
		mesh is an instance of :  rock01.  Processing halted.
	processing begun of mesh:  rock05
		mesh is an instance of :  rock01.  Processing halted.
	processing begun of mesh:  rock02.001
		processing begun of material:  Material.002
		registered as also a user of material:  Material.002
		num positions      :  80
		num normals        :  80
		num tangents       :  0
		num uvs            :  160
		num uvs2           :  0
		num colors         :  0
		num triangles      :  80
	processing begun of mesh:  rock04.001
		mesh is an instance of :  rock01.  Processing halted.
	processing begun of light (HEMI FROM AREA):  Light
	processing begun of light (HEMI FROM AREA):  Light.001
========= Writing of JSON file started =========
	writing mesh:  gruffalo_claws_footL
	writing mesh:  gruffalo_claws_footR
	writing mesh:  gruffalo_claws_pawL
	writing mesh:  gruffalo_claws_pawR
	writing mesh:  gruffalo_claws_thumbL.
	writing mesh:  gruffalo_claws_thumbR
	writing mesh:  gruffalo_LP_eyes
	writing mesh:  gruffalo_teeth_big
	writing mesh:  gruffalo_teeth_small
	writing mesh:  tree_log
	writing mesh:  bridge
	writing mesh:  target
	writing mesh:  terrain01
	writing mesh:  gruffalo_5k
	writing mesh:  gruffalo_horns
	writing mesh:  tree01
	writing mesh:  rock01
	writing mesh:  rock02.001
========= Writing of JSON file completed =========
========= end of processing =========
elapsed time:  0 min, 9.078 secs
