Exporter version: 3.3.1, Blender version: 3.3.1
========= Conversion from Blender to Babylon.js =========
	Scene settings used :
		Inline textures     :  false
		Material Type       :  STD
		Positions Precision :  4
		Normals Precision   :  3
		UVs Precision       :  3
		Vert Color Precision:  3
		Mat Weight Precision:  2
		Keep Z-up r-handed  :  no
		Texture directory   :  H:\babylon_projects\scene_dispose\scene02\scene02/textures
	Python World class constructor completed
	processing begun of mesh:  altar
		processing begun of material:  stone
			processing texture TexturesCom_Rock_CaveWall_A_2_5x2_5_1K_normal
			processing texture new_rock2BW
		num positions      :  848
		num normals        :  848
		num tangents       :  0
		num uvs            :  1696
		num uvs2           :  0
		num colors         :  0
		num triangles      :  286
	processing begun of mesh:  anEnd.005
		processing begun of material:  stone
		processing begun of material:  stonefloor
		registered as also a user of material:  stone
			processing texture cave_floor_normal
			processing texture new_rock3
		processing begun of multimaterial:  myTunnels.Multimaterial#0
		num positions      :  95
		num normals        :  95
		num tangents       :  0
		num uvs            :  190
		num uvs2           :  0
		num colors         :  0
		num triangles      :  44
	processing begun of mesh:  anEnd.008
		mesh is an instance of :  anEnd.005.  Processing halted.
	processing begun of mesh:  anEnd.009
		mesh is an instance of :  anEnd.005.  Processing halted.
	processing begun of mesh:  anEnd.010
		mesh is an instance of :  anEnd.005.  Processing halted.
	processing begun of mesh:  door_wall1
		processing begun of material:  stone
		processing begun of material:  stonefloor
		registered as also a user of material:  stone
		registered as also a user of material:  stonefloor
		processing begun of multimaterial:  myTunnels.Multimaterial#1
		num positions      :  140
		num normals        :  140
		num tangents       :  0
		num uvs            :  280
		num uvs2           :  0
		num colors         :  0
		num triangles      :  64
	processing begun of mesh:  aDoor1
		animation processing begun
			processing action aDoor1_Action:  in[1 - 40], out[0 - 40]
		processing begun of material:  bench
			processing texture old_door02
		num positions      :  25
		num normals        :  25
		num tangents       :  0
		num uvs            :  50
		num uvs2           :  0
		num colors         :  0
		num triangles      :  10
	processing begun of node:  Empty
	processing begun of mesh:  aDoor2
		animation processing begun
			processing action aDoor2Action:  in[1 - 40], out[0 - 40]
		processing begun of material:  bench
		registered as also a user of material:  bench
		num positions      :  25
		num normals        :  25
		num tangents       :  0
		num uvs            :  50
		num uvs2           :  0
		num colors         :  0
		num triangles      :  10
	processing begun of mesh:  door_wall2
		mesh is an instance of :  door_wall1.  Processing halted.
	processing begun of mesh:  aDoor3
		animation processing begun
			processing action aDoor3_Action:  in[1 - 40], out[0 - 40]
		processing begun of material:  bench
		registered as also a user of material:  bench
		num positions      :  25
		num normals        :  25
		num tangents       :  0
		num uvs            :  50
		num uvs2           :  0
		num colors         :  0
		num triangles      :  10
	processing begun of mesh:  door_wall3
		mesh is an instance of :  door_wall1.  Processing halted.
	processing begun of node:  Empty.001
	processing begun of mesh:  door_wall4
		mesh is an instance of :  door_wall1.  Processing halted.
	processing begun of node:  Empty.002
	processing begun of mesh:  aDoor4
		animation processing begun
			processing action Doore4_Action:  in[1 - 40], out[0 - 40]
		processing begun of material:  bench
		registered as also a user of material:  bench
		num positions      :  25
		num normals        :  25
		num tangents       :  0
		num uvs            :  50
		num uvs2           :  0
		num colors         :  0
		num triangles      :  10
	processing begun of mesh:  aDoor5
		animation processing begun
			processing action aDoor5_Action:  in[1 - 40], out[0 - 40]
		processing begun of material:  bench
		registered as also a user of material:  bench
		num positions      :  26
		num normals        :  26
		num tangents       :  0
		num uvs            :  52
		num uvs2           :  0
		num colors         :  0
		num triangles      :  10
	processing begun of mesh:  door_wall5
		processing begun of material:  stone
		processing begun of material:  stonefloor
		registered as also a user of material:  stone
		registered as also a user of material:  stonefloor
		processing begun of multimaterial:  myTunnels.Multimaterial#2
		num positions      :  65
		num normals        :  65
		num tangents       :  0
		num uvs            :  130
		num uvs2           :  0
		num colors         :  0
		num triangles      :  34
	processing begun of mesh:  walls_door5
		animation processing begun
			processing action walls_door5_Action:  in[1 - 40], out[0 - 40]
		processing begun of material:  stone
		processing begun of material:  stonefloor
		registered as also a user of material:  stone
		registered as also a user of material:  stonefloor
		processing begun of multimaterial:  myTunnels.Multimaterial#3
		num positions      :  21
		num normals        :  21
		num tangents       :  0
		num uvs            :  42
		num uvs2           :  0
		num colors         :  0
		num triangles      :  12
	processing begun of mesh:  newScene
		processing begun of material:  tunnels
			processing texture exit_screen01
		num positions      :  67
		num normals        :  67
		num tangents       :  0
		num uvs            :  134
		num uvs2           :  0
		num colors         :  0
		num triangles      :  24
	processing begun of mesh:  6_curve_S._noise
		processing begun of material:  stone
		processing begun of material:  stonefloor
		registered as also a user of material:  stone
		registered as also a user of material:  stonefloor
		processing begun of multimaterial:  myTunnels.Multimaterial#4
		num positions      :  254
		num normals        :  254
		num tangents       :  0
		num uvs            :  508
		num uvs2           :  0
		num colors         :  0
		num triangles      :  288
	processing begun of mesh:  6_curve_02.002
		processing begun of material:  stone
		processing begun of material:  stonefloor
		registered as also a user of material:  stone
		registered as also a user of material:  stonefloor
		processing begun of multimaterial:  myTunnels.Multimaterial#5
		num positions      :  120
		num normals        :  120
		num tangents       :  0
		num uvs            :  240
		num uvs2           :  0
		num colors         :  0
		num triangles      :  144
	processing begun of mesh:  6_curve_02.004
		mesh is an instance of :  6_curve_02.002.  Processing halted.
	processing begun of mesh:  6_curve_02.005
		mesh is an instance of :  6_curve_02.002.  Processing halted.
	processing begun of mesh:  6_curve_S._noise.001
		mesh is an instance of :  6_curve_S._noise.  Processing halted.
	processing begun of mesh:  X_Joint_UV_noise
		processing begun of material:  stone
		processing begun of material:  stonefloor
		registered as also a user of material:  stone
		registered as also a user of material:  stonefloor
		processing begun of multimaterial:  myTunnels.Multimaterial#6
		num positions      :  397
		num normals        :  397
		num tangents       :  0
		num uvs            :  794
		num uvs2           :  0
		num colors         :  0
		num triangles      :  400
	processing begun of mesh:  T_Joint_UV_noise
		processing begun of material:  stone
		processing begun of material:  stonefloor
		registered as also a user of material:  stone
		registered as also a user of material:  stonefloor
		processing begun of multimaterial:  myTunnels.Multimaterial#7
		num positions      :  320
		num normals        :  320
		num tangents       :  0
		num uvs            :  640
		num uvs2           :  0
		num colors         :  0
		num triangles      :  320
	processing begun of mesh:  T_Joint_UV_noise.001
		mesh is an instance of :  T_Joint_UV_noise.  Processing halted.
	processing begun of mesh:  Straight_base._90.noise
		processing begun of material:  stone
		processing begun of material:  stonefloor
		registered as also a user of material:  stone
		registered as also a user of material:  stonefloor
		processing begun of multimaterial:  myTunnels.Multimaterial#8
		num positions      :  417
		num normals        :  417
		num tangents       :  0
		num uvs            :  834
		num uvs2           :  0
		num colors         :  0
		num triangles      :  144
	processing begun of mesh:  Straight_base._90.noise.001
		mesh is an instance of :  Straight_base._90.noise.  Processing halted.
	processing begun of mesh:  Straight_base._90_short
		processing begun of material:  stone
		processing begun of material:  stonefloor
		registered as also a user of material:  stone
		registered as also a user of material:  stonefloor
		processing begun of multimaterial:  myTunnels.Multimaterial#9
		num positions      :  401
		num normals        :  401
		num tangents       :  0
		num uvs            :  802
		num uvs2           :  0
		num colors         :  0
		num triangles      :  144
	processing begun of mesh:  Straight_room01
		processing begun of material:  stone
		processing begun of material:  stonefloor
		registered as also a user of material:  stone
		registered as also a user of material:  stonefloor
		processing begun of multimaterial:  myTunnels.Multimaterial#10
		num positions      :  431
		num normals        :  431
		num tangents       :  0
		num uvs            :  862
		num uvs2           :  0
		num colors         :  0
		num triangles      :  144
	processing begun of mesh:  Stairs
		processing begun of material:  stairs
			processing texture TexturesCom_Wall_Stone5_5x2_5_1K_albedo
		num positions      :  196
		num normals        :  196
		num tangents       :  0
		num uvs            :  392
		num uvs2           :  0
		num colors         :  0
		num triangles      :  80
	processing begun of mesh:  Stairs_90
		processing begun of material:  stairs.001
			processing texture TexturesCom_Wall_Stone5_5x2_5_1K_albedo
		num positions      :  196
		num normals        :  196
		num tangents       :  0
		num uvs            :  392
		num uvs2           :  0
		num colors         :  0
		num triangles      :  80
	processing begun of mesh:  Straight_base._90_slant
		processing begun of material:  stone
		processing begun of material:  stonefloor
		registered as also a user of material:  stone
		registered as also a user of material:  stonefloor
		processing begun of multimaterial:  myTunnels.Multimaterial#11
		num positions      :  425
		num normals        :  425
		num tangents       :  0
		num uvs            :  850
		num uvs2           :  0
		num colors         :  0
		num triangles      :  144
	processing begun of mesh:  Straight_base._90_slant.003
		mesh is an instance of :  Straight_base._90_slant.  Processing halted.
	processing begun of camera (UniversalCamera):  Camera
	processing begun of mesh:  aLamp
		processing begun of material:  aLantern
		processing begun of material:  stick
		processing begun of multimaterial:  myTunnels.Multimaterial#12
		num positions      :  127
		num normals        :  127
		num tangents       :  0
		num uvs            :  254
		num uvs2           :  0
		num colors         :  0
		num triangles      :  52
	processing begun of mesh:  glass
		processing begun of material:  glass1
		num positions      :  12
		num normals        :  12
		num tangents       :  0
		num uvs            :  24
		num uvs2           :  0
		num colors         :  0
		num triangles      :  6
	processing begun of camera (UniversalCamera):  test_Camera
	processing begun of camera (UniversalCamera):  Camera.002
	processing begun of mesh:  newRock01.021
		processing begun of material:  newRock01
			processing texture new_rock2BW
		num positions      :  51
		num normals        :  51
		num tangents       :  0
		num uvs            :  102
		num uvs2           :  0
		num colors         :  0
		num triangles      :  28
	processing begun of mesh:  newRock01.010
		mesh is an instance of :  newRock01.021.  Processing halted.
	processing begun of mesh:  newRock01.011
		mesh is an instance of :  newRock01.021.  Processing halted.
	processing begun of mesh:  newRock01.012
		mesh is an instance of :  newRock01.021.  Processing halted.
	processing begun of mesh:  newRock01.013
		mesh is an instance of :  newRock01.021.  Processing halted.
	processing begun of mesh:  newRock01.014
		mesh is an instance of :  newRock01.021.  Processing halted.
	processing begun of mesh:  newRock01.017
		mesh is an instance of :  newRock01.021.  Processing halted.
	processing begun of mesh:  newRock01.016
		mesh is an instance of :  newRock01.021.  Processing halted.
	processing begun of mesh:  rock_import1.016
		processing begun of material:  stone
		registered as also a user of material:  stone
		Custom split normals with tangents being used
		num positions      :  54
		num normals        :  54
		num tangents       :  216
		num uvs            :  108
		num uvs2           :  0
		num colors         :  0
		num triangles      :  54
	processing begun of mesh:  rock_import1.001
		mesh is an instance of :  rock_import1.016.  Processing halted.
	processing begun of mesh:  rock_import1.002
		mesh is an instance of :  rock_import1.016.  Processing halted.
	processing begun of mesh:  rock_import1.003
		mesh is an instance of :  rock_import1.016.  Processing halted.
	processing begun of mesh:  rock_import1.004
		mesh is an instance of :  rock_import1.016.  Processing halted.
	processing begun of mesh:  rock_import1.005
		mesh is an instance of :  rock_import1.016.  Processing halted.
	processing begun of mesh:  rock_import1.006
		mesh is an instance of :  rock_import1.016.  Processing halted.
	processing begun of mesh:  rock_import1.007
		mesh is an instance of :  rock_import1.016.  Processing halted.
	processing begun of mesh:  rock_import1.008
		mesh is an instance of :  rock_import1.016.  Processing halted.
	processing begun of mesh:  rock_import1.009
		mesh is an instance of :  rock_import1.016.  Processing halted.
	processing begun of mesh:  rock_import1.010
		mesh is an instance of :  rock_import1.016.  Processing halted.
	processing begun of mesh:  rock_import1.011
		mesh is an instance of :  rock_import1.016.  Processing halted.
	processing begun of mesh:  rock_import1.012
		mesh is an instance of :  rock_import1.016.  Processing halted.
	processing begun of mesh:  rock_import1.013
		mesh is an instance of :  rock_import1.016.  Processing halted.
	processing begun of mesh:  rock_import1.014
		mesh is an instance of :  rock_import1.016.  Processing halted.
	processing begun of mesh:  rock_import1.015
		mesh is an instance of :  rock_import1.016.  Processing halted.
	processing begun of mesh:  rock_import1.017
		mesh is an instance of :  rock_import1.016.  Processing halted.
	processing begun of mesh:  rock_import1.018
		mesh is an instance of :  rock_import1.016.  Processing halted.
	processing begun of mesh:  upper_arms_decimate.001
		processing begun of material:  skeleton
			processing texture bakedx3_blend01
		num positions      :  298
		num normals        :  298
		num tangents       :  0
		num uvs            :  596
		num uvs2           :  0
		num colors         :  0
		num triangles      :  234
	processing begun of mesh:  skull_decimate.002
		processing begun of material:  skeleton
		registered as also a user of material:  skeleton
		num positions      :  588
		num normals        :  588
		num tangents       :  0
		num uvs            :  1176
		num uvs2           :  0
		num colors         :  0
		num triangles      :  592
	processing begun of mesh:  ribs_decimated
		processing begun of material:  skeleton
		registered as also a user of material:  skeleton
		num positions      :  849
		num normals        :  849
		num tangents       :  0
		num uvs            :  1698
		num uvs2           :  0
		num colors         :  0
		num triangles      :  283
	processing begun of mesh:  neck_decimated.001
		processing begun of material:  skeleton
		registered as also a user of material:  skeleton
		num positions      :  601
		num normals        :  601
		num tangents       :  0
		num uvs            :  1202
		num uvs2           :  0
		num colors         :  0
		num triangles      :  286
	processing begun of mesh:  lower_arms_decimate.001
		processing begun of material:  skeleton
		registered as also a user of material:  skeleton
		num positions      :  696
		num normals        :  696
		num tangents       :  0
		num uvs            :  1392
		num uvs2           :  0
		num colors         :  0
		num triangles      :  232
	processing begun of mesh:  hands_decimated
		processing begun of material:  skeleton
		registered as also a user of material:  skeleton
		num positions      :  1078
		num normals        :  1078
		num tangents       :  0
		num uvs            :  2156
		num uvs2           :  0
		num colors         :  0
		num triangles      :  446
	processing begun of mesh:  key00
		processing begun of material:  keyBaked
			processing texture key_baked02
		num positions      :  200
		num normals        :  200
		num tangents       :  0
		num uvs            :  400
		num uvs2           :  0
		num colors         :  0
		num triangles      :  82
	processing begun of mesh:  newRock01.026
		mesh is an instance of :  newRock01.021.  Processing halted.
	processing begun of mesh:  key01
		processing begun of material:  keyBaked
		registered as also a user of material:  keyBaked
		num positions      :  200
		num normals        :  200
		num tangents       :  0
		num uvs            :  400
		num uvs2           :  0
		num colors         :  0
		num triangles      :  82
	processing begun of mesh:  key02
		mesh is an instance of :  key01.  Processing halted.
	processing begun of mesh:  key03
		mesh is an instance of :  key01.  Processing halted.
	processing begun of mesh:  item00
		processing begun of material:  item
			processing texture iconsQ3
		num positions      :  4
		num normals        :  4
		num tangents       :  0
		num uvs            :  8
		num uvs2           :  0
		num colors         :  0
		num triangles      :  2
	processing begun of mesh:  item01
		processing begun of material:  item
		registered as also a user of material:  item
		num positions      :  4
		num normals        :  4
		num tangents       :  0
		num uvs            :  8
		num uvs2           :  0
		num colors         :  0
		num triangles      :  2
	processing begun of mesh:  item02
		processing begun of material:  item
		registered as also a user of material:  item
		num positions      :  4
		num normals        :  4
		num tangents       :  0
		num uvs            :  8
		num uvs2           :  0
		num colors         :  0
		num triangles      :  2
	processing begun of mesh:  item03
		processing begun of material:  item
		registered as also a user of material:  item
		num positions      :  4
		num normals        :  4
		num tangents       :  0
		num uvs            :  8
		num uvs2           :  0
		num colors         :  0
		num triangles      :  2
	processing begun of mesh:  item04
		processing begun of material:  item
		registered as also a user of material:  item
		num positions      :  4
		num normals        :  4
		num tangents       :  0
		num uvs            :  8
		num uvs2           :  0
		num colors         :  0
		num triangles      :  2
	processing begun of mesh:  item05
		processing begun of material:  item
		registered as also a user of material:  item
		num positions      :  4
		num normals        :  4
		num tangents       :  0
		num uvs            :  8
		num uvs2           :  0
		num colors         :  0
		num triangles      :  2
	processing begun of mesh:  item06
		processing begun of material:  item
		registered as also a user of material:  item
		num positions      :  4
		num normals        :  4
		num tangents       :  0
		num uvs            :  8
		num uvs2           :  0
		num colors         :  0
		num triangles      :  2
	processing begun of mesh:  item07
		processing begun of material:  item
		registered as also a user of material:  item
		num positions      :  4
		num normals        :  4
		num tangents       :  0
		num uvs            :  8
		num uvs2           :  0
		num colors         :  0
		num triangles      :  2
	processing begun of mesh:  backpack
		processing begun of material:  backpack
			processing texture iconsQ3
		num positions      :  4
		num normals        :  4
		num tangents       :  0
		num uvs            :  8
		num uvs2           :  0
		num colors         :  0
		num triangles      :  2
	processing begun of mesh:  bpack00
		processing begun of material:  backpack
		registered as also a user of material:  backpack
		num positions      :  4
		num normals        :  4
		num tangents       :  0
		num uvs            :  8
		num uvs2           :  0
		num colors         :  0
		num triangles      :  2
	processing begun of mesh:  bpack01
		processing begun of material:  backpack
		registered as also a user of material:  backpack
		num positions      :  4
		num normals        :  4
		num tangents       :  0
		num uvs            :  8
		num uvs2           :  0
		num colors         :  0
		num triangles      :  2
	processing begun of node:  allitems
	processing begun of node:  background
	processing begun of mesh:  item08
		processing begun of material:  map
			processing texture map01
		num positions      :  4
		num normals        :  4
		num tangents       :  0
		num uvs            :  8
		num uvs2           :  0
		num colors         :  0
		num triangles      :  2
	processing begun of mesh:  leverBox
		processing begun of material:  white
		processing begun of material:  white
			processing texture leverBox_gold02_norm
			processing texture leverBox_gold02
		registered as also a user of material:  white
		processing begun of multimaterial:  myTunnels.Multimaterial#13
		num positions      :  375
		num normals        :  375
		num tangents       :  0
		num uvs            :  750
		num uvs2           :  0
		num colors         :  0
		num triangles      :  196
	processing begun of mesh:  handle
		animation processing begun
			processing action Action:  in[1 - 45], out[0 - 45]
		processing begun of material:  backpack
		processing begun of material:  black
		registered as also a user of material:  backpack
		processing begun of multimaterial:  myTunnels.Multimaterial#14
		num positions      :  748
		num normals        :  748
		num tangents       :  0
		num uvs            :  1496
		num uvs2           :  0
		num colors         :  0
		num triangles      :  936
	processing begun of mesh:  keys01
		processing begun of material:  keyBaked
		registered as also a user of material:  keyBaked
		num positions      :  103
		num normals        :  103
		num tangents       :  0
		num uvs            :  206
		num uvs2           :  0
		num colors         :  0
		num triangles      :  42
	processing begun of mesh:  keys02
		mesh is an instance of :  keys01.  Processing halted.
	processing begun of mesh:  keys03
		mesh is an instance of :  keys01.  Processing halted.
	processing begun of mesh:  keys04
		mesh is an instance of :  keys01.  Processing halted.
	processing begun of node:  allKeys
	processing begun of mesh:  aMap
		processing begun of material:  map
		registered as also a user of material:  map
		num positions      :  10
		num normals        :  10
		num tangents       :  0
		num uvs            :  20
		num uvs2           :  0
		num colors         :  0
		num triangles      :  4
	processing begun of light (HEMI FROM AREA):  Light00
	processing begun of light (HEMI FROM AREA):  Light01
	processing begun of light (POINT):  Point00
========= Writing of JSON file started =========
	writing mesh:  altar
	writing mesh:  anEnd.005
	writing mesh:  door_wall1
	writing mesh:  aDoor1
	writing mesh:  aDoor2
	writing mesh:  aDoor3
	writing mesh:  aDoor4
	writing mesh:  aDoor5
	writing mesh:  door_wall5
	writing mesh:  walls_door5
	writing mesh:  newScene
	writing mesh:  6_curve_S._noise
	writing mesh:  6_curve_02.002
	writing mesh:  X_Joint_UV_noise
	writing mesh:  T_Joint_UV_noise
	writing mesh:  Straight_base._90.noise
	writing mesh:  Straight_base._90_short
	writing mesh:  Straight_room01
	writing mesh:  Stairs
	writing mesh:  Stairs_90
	writing mesh:  Straight_base._90_slant
	writing mesh:  aLamp
	writing mesh:  glass
	writing mesh:  newRock01.021
	writing mesh:  rock_import1.016
	writing mesh:  upper_arms_decimate.001
	writing mesh:  skull_decimate.002
	writing mesh:  ribs_decimated
	writing mesh:  neck_decimated.001
	writing mesh:  lower_arms_decimate.001
	writing mesh:  hands_decimated
	writing mesh:  key00
	writing mesh:  key01
	writing mesh:  item00
	writing mesh:  item01
	writing mesh:  item02
	writing mesh:  item03
	writing mesh:  item04
	writing mesh:  item05
	writing mesh:  item06
	writing mesh:  item07
	writing mesh:  backpack
	writing mesh:  bpack00
	writing mesh:  bpack01
	writing mesh:  item08
	writing mesh:  leverBox
	writing mesh:  handle
	writing mesh:  keys01
	writing mesh:  aMap
========= Writing of JSON file completed =========
========= end of processing =========
elapsed time:  0 min, 1.6907 secs
