	Babylon.js Exporter version: 1.8.0, Blender version: 2.71 (sub 0)
========= Conversion from Blender to Babylon.js =========
	Python World class constructor completed
	processing begun of material:  lm1g2014_10k.airloc_mat
	Diffuse texture found
Error encountered processing image file:  E:\EasyPHP-DevServer-14.1VC9\data\localweb\webgl\logicmaze3\airlock3.png, Error:  'E:\\EasyPHP-DevServer-14.1VC9\\data\\localweb\\webgl\\temech_test\\..\\logicmaze3\\airlock3.png' and 'E:\\EasyPHP-DevServer-14.1VC9\\data\\localweb\\webgl\\logicmaze3\\airlock3.png' are the same file
	processing begun of material:  lm1g2014_10k.arch__ceiling_panel1_png
	Diffuse texture found
	processing begun of material:  lm1g2014_10k.blue_gate
	processing begun of material:  lm1g2014_10k.ceiling_h
	Diffuse texture found
	processing begun of material:  lm1g2014_10k.ceiling_v
	Diffuse texture found
	processing begun of material:  lm1g2014_10k.control_mat
	Diffuse texture found
Error encountered processing image file:  E:\EasyPHP-DevServer-14.1VC9\data\localweb\webgl\logicmaze3\control-copy.png, Error:  'E:\\EasyPHP-DevServer-14.1VC9\\data\\localweb\\webgl\\temech_test\\..\\logicmaze3\\control-copy.png' and 'E:\\EasyPHP-DevServer-14.1VC9\\data\\localweb\\webgl\\logicmaze3\\control-copy.png' are the same file
	processing begun of material:  lm1g2014_10k.floor_h
	Diffuse texture found
	processing begun of material:  lm1g2014_10k.floor_v
	Diffuse texture found
	processing begun of material:  lm1g2014_10k.green
	processing begun of material:  lm1g2014_10k.red_gate
	processing begun of material:  lm1g2014_10k.walls_h
	Diffuse texture found
	processing begun of material:  lm1g2014_10k.walls_v
	Diffuse texture found
	processing begun of camera (TouchCamera):  Camera1
	processing begun of mesh:  winbox
		num positions      :  8
		num normals        :  8
		num uvs            :  0
		num uvs2           :  0
		num colors         :  0
		num indices        :  36
	processing begun of mesh:  red_gate
		num positions      :  8
		num normals        :  8
		num uvs            :  0
		num uvs2           :  0
		num colors         :  0
		num indices        :  30
	processing begun of mesh:  blue_gate
		num positions      :  8
		num normals        :  8
		num uvs            :  0
		num uvs2           :  0
		num colors         :  0
		num indices        :  30
	processing begun of node:  Arches
	processing begun of mesh:  Arch15
		num positions      :  139
		num normals        :  139
		num uvs            :  278
		num uvs2           :  0
		num colors         :  0
		num indices        :  270
	processing begun of mesh:  Arch14
		num positions      :  139
		num normals        :  139
		num uvs            :  278
		num uvs2           :  0
		num colors         :  0
		num indices        :  270
	processing begun of mesh:  Arch13
		num positions      :  139
		num normals        :  139
		num uvs            :  278
		num uvs2           :  0
		num colors         :  0
		num indices        :  270
	processing begun of mesh:  Arch12
		num positions      :  139
		num normals        :  139
		num uvs            :  278
		num uvs2           :  0
		num colors         :  0
		num indices        :  270
	processing begun of mesh:  Arch11
		num positions      :  139
		num normals        :  139
		num uvs            :  278
		num uvs2           :  0
		num colors         :  0
		num indices        :  270
	processing begun of mesh:  Arch10
		num positions      :  139
		num normals        :  139
		num uvs            :  278
		num uvs2           :  0
		num colors         :  0
		num indices        :  270
	processing begun of mesh:  Arch09
		num positions      :  139
		num normals        :  139
		num uvs            :  278
		num uvs2           :  0
		num colors         :  0
		num indices        :  270
	processing begun of mesh:  Arch08
		num positions      :  139
		num normals        :  139
		num uvs            :  278
		num uvs2           :  0
		num colors         :  0
		num indices        :  270
	processing begun of mesh:  Arch07
		num positions      :  139
		num normals        :  139
		num uvs            :  278
		num uvs2           :  0
		num colors         :  0
		num indices        :  270
	processing begun of mesh:  Arch06
		num positions      :  139
		num normals        :  139
		num uvs            :  278
		num uvs2           :  0
		num colors         :  0
		num indices        :  270
	processing begun of mesh:  Arch05
		num positions      :  139
		num normals        :  139
		num uvs            :  278
		num uvs2           :  0
		num colors         :  0
		num indices        :  270
	processing begun of mesh:  Arch04
		num positions      :  139
		num normals        :  139
		num uvs            :  278
		num uvs2           :  0
		num colors         :  0
		num indices        :  270
	processing begun of mesh:  Arch03
		num positions      :  139
		num normals        :  139
		num uvs            :  278
		num uvs2           :  0
		num colors         :  0
		num indices        :  270
	processing begun of mesh:  Arch02
		num positions      :  139
		num normals        :  139
		num uvs            :  278
		num uvs2           :  0
		num colors         :  0
		num indices        :  270
	processing begun of mesh:  Arch01
		num positions      :  139
		num normals        :  139
		num uvs            :  278
		num uvs2           :  0
		num colors         :  0
		num indices        :  270
	processing begun of mesh:  control
		num positions      :  16
		num normals        :  16
		num uvs            :  32
		num uvs2           :  0
		num colors         :  0
		num indices        :  30
	processing begun of mesh:  airlock
		num positions      :  14
		num normals        :  14
		num uvs            :  28
		num uvs2           :  0
		num colors         :  0
		num indices        :  30
	processing begun of mesh:  logic_maze
		processing begun of multimaterial:  lm1g2014_10k.Multimaterial#0
		num positions      :  1910
		num normals        :  1910
		num uvs            :  3820
		num uvs2           :  0
		num colors         :  0
		num indices        :  3744
	processing begun of camera (FreeCamera):  Camera
	processing begun of light (HEMI):  Hemi1
	processing begun of light (HEMI):  Hemi
========= Writing of scene file started =========
========= Writing of scene file completed =========
========= end of processing =========
