	Babylon.js Exporter version: 1.8.0, Blender version: 2.71 (sub 0)
========= Conversion from Blender to Babylon.js =========
	Python World class constructor completed
	processing begun of material:  sword_anim2c.base_clothes:jeans01:jeans01Material
	Diffuse texture found
	Bump texture found
	processing begun of material:  sword_anim2c.base_clothes:Low-Poly:Eye_brown
	Diffuse texture found
	processing begun of material:  sword_anim2c.base_clothes:mhair02:mhair02black
	Diffuse texture found
	processing begun of material:  sword_anim2c.base_clothes:shoes02:SportShoes
	Diffuse texture found
	processing begun of material:  sword_anim2c.base_clothes:Skin
	processing begun of material:  sword_anim2c.base_clothes:Tshirt01:TShirtWhite
	Diffuse texture found
	Bump texture found
	processing begun of material:  sword_anim2c.green
	processing begun of material:  sword_anim2c.Material
	processing begun of material:  sword_anim2c.top
	processing begun of mesh:  swordx1
		num positions      :  8
		num normals        :  8
		num uvs            :  0
		num uvs2           :  0
		num colors         :  0
		num indices        :  36
	processing begun of mesh:  swordz
		num positions      :  8
		num normals        :  8
		num uvs            :  0
		num uvs2           :  0
		num colors         :  0
		num indices        :  36
	processing begun of mesh:  swordx
		processing begun of multimaterial:  sword_anim2c.Multimaterial#0
		num positions      :  16
		num normals        :  16
		num uvs            :  0
		num uvs2           :  0
		num colors         :  0
		num indices        :  36
	processing begun of mesh:  swordy
		num positions      :  8
		num normals        :  8
		num uvs            :  0
		num uvs2           :  0
		num colors         :  0
		num indices        :  36
	processing begun of skeleton:  base_clothes, id:  0
	processing begun of bone:  hips, index:  0
	animation begun of bone:  hips
	processing begun of bone:  thigh.L, index:  1
	animation begun of bone:  thigh.L
	processing begun of bone:  shin.L, index:  2
	animation begun of bone:  shin.L
	processing begun of bone:  foot.L, index:  3
	animation begun of bone:  foot.L
	processing begun of bone:  toe.L, index:  4
	animation begun of bone:  toe.L
	processing begun of bone:  thigh.R, index:  5
	animation begun of bone:  thigh.R
	processing begun of bone:  shin.R, index:  6
	animation begun of bone:  shin.R
	processing begun of bone:  foot.R, index:  7
	animation begun of bone:  foot.R
	processing begun of bone:  toe.R, index:  8
	animation begun of bone:  toe.R
	processing begun of bone:  spine, index:  9
	animation begun of bone:  spine
	processing begun of bone:  chest, index:  10
	animation begun of bone:  chest
	processing begun of bone:  clavicle.R, index:  11
	animation begun of bone:  clavicle.R
	processing begun of bone:  upper_arm.R, index:  12
	animation begun of bone:  upper_arm.R
	processing begun of bone:  forearm.R, index:  13
	animation begun of bone:  forearm.R
	processing begun of bone:  hand.R, index:  14
	animation begun of bone:  hand.R
	processing begun of bone:  thumb.02.R, index:  15
	animation begun of bone:  thumb.02.R
	processing begun of bone:  thumb.03.R, index:  16
	animation begun of bone:  thumb.03.R
	processing begun of bone:  f_ring.01.R, index:  17
	animation begun of bone:  f_ring.01.R
	processing begun of bone:  f_index.01.R, index:  18
	animation begun of bone:  f_index.01.R
	processing begun of bone:  clavicle.L, index:  19
	animation begun of bone:  clavicle.L
	processing begun of bone:  upper_arm.L, index:  20
	animation begun of bone:  upper_arm.L
	processing begun of bone:  forearm.L, index:  21
	animation begun of bone:  forearm.L
	processing begun of bone:  hand.L, index:  22
	animation begun of bone:  hand.L
	processing begun of bone:  thumb.02.L, index:  23
	animation begun of bone:  thumb.02.L
	processing begun of bone:  thumb.03.L, index:  24
	animation begun of bone:  thumb.03.L
	processing begun of bone:  f_ring.01.L, index:  25
	animation begun of bone:  f_ring.01.L
	processing begun of bone:  f_index.01.L, index:  26
	animation begun of bone:  f_index.01.L
	processing begun of bone:  neck, index:  27
	animation begun of bone:  neck
	processing begun of bone:  head, index:  28
	animation begun of bone:  head
	processing begun of bone:  jaw, index:  29
	animation begun of bone:  jaw
	processing begun of bone:  eye.R, index:  30
	animation begun of bone:  eye.R
	processing begun of bone:  eye.L, index:  31
	animation begun of bone:  eye.L
	processing complete of skeleton:  base_clothes
	processing begun of mesh:  base_clothes:Low-Poly
		num positions      :  516
		num normals        :  516
		num uvs            :  1032
		num uvs2           :  0
		num colors         :  0
		num indices        :  516
		num skeletonWeights:  2064
		num skeletonIndices:  2064
	processing begun of mesh:  base_clothes:mhair02
		num positions      :  10380
		num normals        :  10380
		num uvs            :  20760
		num uvs2           :  0
		num colors         :  0
		num indices        :  10380
		num skeletonWeights:  41520
		num skeletonIndices:  41520
	processing begun of mesh:  base_clothes:Tshirt01
		num positions      :  6624
		num normals        :  6624
		num uvs            :  13248
		num uvs2           :  0
		num colors         :  0
		num indices        :  6624
		num skeletonWeights:  26496
		num skeletonIndices:  26496
	processing begun of mesh:  base_clothes:jeans01
		num positions      :  5136
		num normals        :  5136
		num uvs            :  10272
		num uvs2           :  0
		num colors         :  0
		num indices        :  5136
		num skeletonWeights:  20544
		num skeletonIndices:  20544
	processing begun of mesh:  base_clothes:shoes02
		num positions      :  7680
		num normals        :  7680
		num uvs            :  15360
		num uvs2           :  0
		num colors         :  0
		num indices        :  7680
		num skeletonWeights:  30720
		num skeletonIndices:  30720
	processing begun of mesh:  base_clothes:Body
		num positions      :  47994
		num normals        :  47994
		num uvs            :  95988
		num uvs2           :  0
		num colors         :  0
		num indices        :  47994
		num skeletonWeights:  191976
		num skeletonIndices:  191976
	processing begun of camera (FreeCamera):  Camera
	processing begun of light (HEMI):  Hemi
========= Writing of scene file started =========
========= Writing of scene file completed =========
========= end of processing =========
