Exporter version: 6.4.4, Blender version: 2.90.0
========= Conversion from Blender to Babylon.js =========
	Scene settings used :
		Inline textures     :  false
		Material Type       :  PBR
		Positions Precision :  4
		Normals Precision   :  3
		UVs Precision       :  3
		Vert Color Precision:  3
		Mat Weight Precision:  2
		Keep Z-up r-handed  :  no
		Texture directory   :  H:\XDrive\text\
	Python World class constructor completed
	processing begun of camera (ArcRotateCamera):  Camera
	processing begun of mesh:  target
		WARNING: No materials have been assigned: 
		num positions      :  29
		num normals        :  29
		num tangents       :  0
		num uvs            :  58
		num uvs2           :  0
		num colors         :  0
		num triangles      :  12
	processing begun of mesh:  Text.001
		processing begun of material:  Material.003
			processing texture baked03
				texture type:  diffuseTexture, mapped using: "UVMap"
		num positions      :  306
		num normals        :  306
		num tangents       :  0
		num uvs            :  612
		num uvs2           :  0
		num colors         :  0
		num triangles      :  278
	processing begun of mesh:  Cube
		processing begun of material:  Material.003
		registered as also a user of material:  Material.003
		num positions      :  29
		num normals        :  29
		num tangents       :  0
		num uvs            :  58
		num uvs2           :  0
		num colors         :  0
		num triangles      :  12
	processing begun of mesh:  Sphere
		processing begun of material:  Material.003
		registered as also a user of material:  Material.003
		num positions      :  588
		num normals        :  588
		num tangents       :  0
		num uvs            :  1176
		num uvs2           :  0
		num colors         :  0
		num triangles      :  960
	processing begun of light (HEMI FROM AREA):  Light
========= Writing of JSON file started =========
	writing mesh:  target
	writing mesh:  Text.001
	writing mesh:  Cube
	writing mesh:  Sphere
========= Writing of JSON file completed =========
========= end of processing =========
elapsed time:  0 min, 1.0145 secs
