Exporter version: 2.93.4, Blender version: 2.93.4
========= Conversion from Blender to Babylon.js =========
	Scene settings used :
		Inline textures     :  false
		Material Type       :  PBR
		Positions Precision :  4
		Normals Precision   :  3
		UVs Precision       :  3
		Vert Color Precision:  3
		Mat Weight Precision:  2
		Keep Z-up r-handed  :  no
		Texture directory   :  H:\YDrive\textures_proc\stone_rough\
	Python World class constructor completed
	processing begun of camera (ArcRotateCamera):  Camera
	processing begun of mesh:  Plane
		processing begun of material:  Material
			processing texture stone03_normal
				texture type:  bumpTexture, mapped using: "UVMap"
			processing texture stone03_diffuseOriginal
				texture type:  diffuseTexture, mapped using: "UVMap"
		num positions      :  4
		num normals        :  4
		num tangents       :  0
		num uvs            :  8
		num uvs2           :  0
		num colors         :  0
		num triangles      :  2
	processing begun of mesh:  Sphere
		processing begun of material:  Material
		registered as also a user of material:  Material
		num positions      :  588
		num normals        :  588
		num tangents       :  0
		num uvs            :  1176
		num uvs2           :  0
		num colors         :  0
		num triangles      :  960
	processing begun of mesh:  target
		WARNING: No materials have been assigned: 
		num positions      :  29
		num normals        :  29
		num tangents       :  0
		num uvs            :  58
		num uvs2           :  0
		num colors         :  0
		num triangles      :  12
	processing begun of mesh:  Asteroid
		processing begun of material:  Material
		registered as also a user of material:  Material
		num positions      :  588
		num normals        :  588
		num tangents       :  0
		num uvs            :  1176
		num uvs2           :  0
		num colors         :  0
		num triangles      :  960
	processing begun of light (HEMI FROM AREA):  Light
========= Writing of JSON file started =========
	writing mesh:  Plane
	writing mesh:  Sphere
	writing mesh:  target
	writing mesh:  Asteroid
========= Writing of JSON file completed =========
========= end of processing =========
elapsed time:  0 min, 1.3854 secs
