Exporter version: 6.4.4, Blender version: 2.90.0
========= Conversion from Blender to Babylon.js =========
	Scene settings used :
		Inline textures     :  false
		Material Type       :  PBR
		Positions Precision :  4
		Normals Precision   :  3
		UVs Precision       :  3
		Vert Color Precision:  3
		Mat Weight Precision:  2
		Keep Z-up r-handed  :  no
		Texture directory   :  H:\XDrive\drawcalls\
	Python World class constructor completed
	processing begun of camera (ArcRotateCamera):  Camera
	processing begun of mesh:  Cube
		processing begun of material:  white
		num positions      :  29
		num normals        :  29
		num tangents       :  0
		num uvs            :  58
		num uvs2           :  0
		num colors         :  0
		num triangles      :  12
	processing begun of mesh:  Cube.001
		processing begun of material:  Material
		num positions      :  32
		num normals        :  32
		num tangents       :  0
		num uvs            :  64
		num uvs2           :  0
		num colors         :  0
		num triangles      :  12
	processing begun of mesh:  Cube.002
		mesh is an instance of :  Cube.001.  Processing halted.
	processing begun of mesh:  Cube.003
		mesh is an instance of :  Cube.001.  Processing halted.
	processing begun of mesh:  Cube.004
		mesh is an instance of :  Cube.001.  Processing halted.
	processing begun of light (HEMI FROM AREA):  Light
========= Writing of JSON file started =========
	writing mesh:  Cube
	writing mesh:  Cube.001
========= Writing of JSON file completed =========
========= end of processing =========
elapsed time:  0 min, 0.7822 secs
