Exporter version: 5.4.0, Blender version: 2.76 (sub 0)
========= Conversion from Blender to Babylon.js =========
	Scene settings used:
		selected layers only:  true
		flat shading entire scene:  false
		inline textures:  false
		texture directory:  E:\EasyPHP-DevServer-14.1VC9\data\localweb\webgl\whitechapel03\
	Python World class constructor completed
	processing begun of mesh:  miller_t_door.001
		processing begun of Standard material:  doors
			Diffuse texture found "doors"
				Image texture found, type:  diffuseTexture, mapped using: "UVMap"
		num positions      :  4
		num normals        :  4
		num uvs            :  8
		num uvs2           :  0
		num colors         :  0
		num indices        :  6
	processing begun of mesh:  brew_gate.2
		processing begun of Standard material:  windows
			Diffuse texture found "gate"
				Image texture found, type:  diffuseTexture, mapped using: "UVMap"
		num positions      :  4
		num normals        :  4
		num uvs            :  8
		num uvs2           :  0
		num colors         :  0
		num indices        :  6
	processing begun of mesh:  wall_post04
		processing begun of Standard material:  lampost
		num positions      :  24
		num normals        :  24
		num uvs            :  0
		num uvs2           :  0
		num colors         :  0
		num indices        :  84
	processing begun of mesh:  wall_light04
		processing begun of Standard material:  objects
			Diffuse texture found "bottle"
				Image texture found, type:  diffuseTexture, mapped using: "UVMap"
		num positions      :  19
		num normals        :  19
		num uvs            :  38
		num uvs2           :  0
		num colors         :  0
		num indices        :  24
	processing begun of mesh:  wall_lamp04
		registered as also a user of material:  lampost
		num positions      :  25
		num normals        :  25
		num uvs            :  0
		num uvs2           :  0
		num colors         :  0
		num indices        :  120
	processing begun of mesh:  wall_post03
		registered as also a user of material:  lampost
		num positions      :  24
		num normals        :  24
		num uvs            :  0
		num uvs2           :  0
		num colors         :  0
		num indices        :  84
	processing begun of mesh:  wall_light03
		processing begun of Standard material:  publight
		num positions      :  8
		num normals        :  8
		num uvs            :  0
		num uvs2           :  0
		num colors         :  0
		num indices        :  24
	processing begun of mesh:  wall_lamp03
		registered as also a user of material:  lampost
		num positions      :  25
		num normals        :  25
		num uvs            :  0
		num uvs2           :  0
		num colors         :  0
		num indices        :  120
	processing begun of mesh:  wall_post02
		registered as also a user of material:  lampost
		num positions      :  24
		num normals        :  24
		num uvs            :  0
		num uvs2           :  0
		num colors         :  0
		num indices        :  84
	processing begun of mesh:  wall_light02
		registered as also a user of material:  publight
		num positions      :  8
		num normals        :  8
		num uvs            :  0
		num uvs2           :  0
		num colors         :  0
		num indices        :  24
	processing begun of mesh:  wall_lamp02
		registered as also a user of material:  lampost
		num positions      :  25
		num normals        :  25
		num uvs            :  0
		num uvs2           :  0
		num colors         :  0
		num indices        :  120
	processing begun of mesh:  streetFD
		processing begun of Standard material:  street
			Diffuse texture found "cobbles"
				Image texture found, type:  diffuseTexture, mapped using: "UVMap"
		num positions      :  30
		num normals        :  30
		num uvs            :  60
		num uvs2           :  0
		num colors         :  0
		num indices        :  120
	processing begun of node:  signs
	processing begun of mesh:  object10
		registered as also a user of material:  objects
		num positions      :  26
		num normals        :  26
		num uvs            :  52
		num uvs2           :  0
		num colors         :  0
		num indices        :  30
	processing begun of mesh:  object09
		registered as also a user of material:  objects
		num positions      :  26
		num normals        :  26
		num uvs            :  52
		num uvs2           :  0
		num colors         :  0
		num indices        :  30
	processing begun of mesh:  object08
		registered as also a user of material:  objects
		num positions      :  26
		num normals        :  26
		num uvs            :  52
		num uvs2           :  0
		num colors         :  0
		num indices        :  30
	processing begun of mesh:  object07
		processing begun of Standard material:  factory wall
			Diffuse texture found "factory wall"
				Image texture found, type:  diffuseTexture, mapped using: "UVMap"
		num positions      :  24
		num normals        :  24
		num uvs            :  48
		num uvs2           :  0
		num colors         :  0
		num indices        :  30
	processing begun of mesh:  object01
		registered as also a user of material:  objects
		num positions      :  25
		num normals        :  25
		num uvs            :  50
		num uvs2           :  0
		num colors         :  0
		num indices        :  30
	processing begun of mesh:  object03
		registered as also a user of material:  objects
		num positions      :  26
		num normals        :  26
		num uvs            :  52
		num uvs2           :  0
		num colors         :  0
		num indices        :  30
	processing begun of mesh:  object05
		registered as also a user of material:  objects
		num positions      :  4
		num normals        :  4
		num uvs            :  8
		num uvs2           :  0
		num colors         :  0
		num indices        :  6
	processing begun of mesh:  object06
		registered as also a user of material:  objects
		num positions      :  68
		num normals        :  68
		num uvs            :  136
		num uvs2           :  0
		num colors         :  0
		num indices        :  288
	processing begun of mesh:  object04
		registered as also a user of material:  doors
		num positions      :  16
		num normals        :  16
		num uvs            :  32
		num uvs2           :  0
		num colors         :  0
		num indices        :  24
	processing begun of mesh:  street_10b
		registered as also a user of material:  street
		num positions      :  9
		num normals        :  9
		num uvs            :  18
		num uvs2           :  0
		num colors         :  0
		num indices        :  24
	processing begun of node:  Triggers
	processing begun of mesh:  Trigger02
		registered as also a user of material:  lampost
		num positions      :  8
		num normals        :  8
		num uvs            :  0
		num uvs2           :  0
		num colors         :  0
		num indices        :  36
	processing begun of mesh:  Trigger01
		registered as also a user of material:  lampost
		num positions      :  8
		num normals        :  8
		num uvs            :  0
		num uvs2           :  0
		num colors         :  0
		num indices        :  36
	processing begun of mesh:  street.mitre
		registered as also a user of material:  street
		num positions      :  30
		num normals        :  30
		num uvs            :  60
		num uvs2           :  0
		num colors         :  0
		num indices        :  120
	processing begun of mesh:  street.work.lights
		registered as also a user of material:  street
		num positions      :  15
		num normals        :  15
		num uvs            :  30
		num uvs2           :  0
		num colors         :  0
		num indices        :  48
	processing begun of node:  merrick
	processing begun of mesh:  merrick_hat
		processing begun of Standard material:  roof
		num positions      :  233
		num normals        :  233
		num uvs            :  0
		num uvs2           :  0
		num colors         :  0
		num indices        :  1164
	processing begun of mesh:  merrick_hood
		processing begun of Standard material:  hood
		num positions      :  88
		num normals        :  88
		num uvs            :  0
		num uvs2           :  0
		num colors         :  0
		num indices        :  372
	processing begun of mesh:  merrick_body
		registered as also a user of material:  factory wall
		num positions      :  880
		num normals        :  880
		num uvs            :  1760
		num uvs2           :  0
		num colors         :  0
		num indices        :  2685
	processing begun of mesh:  workhouse_lamppost02
		registered as also a user of material:  lampost
		num positions      :  81
		num normals        :  81
		num uvs            :  0
		num uvs2           :  0
		num colors         :  0
		num indices        :  408
	processing begun of mesh:  workhouse_lamp_glass02
		registered as also a user of material:  publight
		num positions      :  8
		num normals        :  8
		num uvs            :  0
		num uvs2           :  0
		num colors         :  0
		num indices        :  24
	processing begun of mesh:  workhouse_lamp_glass01
		registered as also a user of material:  publight
		num positions      :  8
		num normals        :  8
		num uvs            :  0
		num uvs2           :  0
		num colors         :  0
		num indices        :  24
	processing begun of mesh:  workhouse_lamppost01
		registered as also a user of material:  lampost
		num positions      :  81
		num normals        :  81
		num uvs            :  0
		num uvs2           :  0
		num colors         :  0
		num indices        :  408
	processing begun of mesh:  doorsFD
		registered as also a user of material:  doors
		num positions      :  506
		num normals        :  506
		num uvs            :  1012
		num uvs2           :  0
		num colors         :  0
		num indices        :  642
	processing begun of mesh:  flowerDeanSteps1
		processing begun of Standard material:  brick
			Diffuse texture found "brick"
				Image texture found, type:  diffuseTexture, mapped using: "UVMap"
		num positions      :  49
		num normals        :  49
		num uvs            :  98
		num uvs2           :  0
		num colors         :  0
		num indices        :  72
	processing begun of mesh:  windowsFD1
		registered as also a user of material:  windows
		num positions      :  711
		num normals        :  711
		num uvs            :  1422
		num uvs2           :  0
		num colors         :  0
		num indices        :  948
	processing begun of mesh:  windowsFD2
		processing begun of Standard material:  market
			Diffuse texture found "market"
				Image texture found, type:  diffuseTexture, mapped using: "UVMap"
		num positions      :  45
		num normals        :  45
		num uvs            :  90
		num uvs2           :  0
		num colors         :  0
		num indices        :  69
	processing begun of mesh:  flowerDeanTunnels
		processing begun of Standard material:  tunnel
		num positions      :  42
		num normals        :  42
		num uvs            :  0
		num uvs2           :  0
		num colors         :  0
		num indices        :  108
	processing begun of mesh:  flowerDeanRoof
		registered as also a user of material:  roof
		num positions      :  28
		num normals        :  28
		num uvs            :  0
		num uvs2           :  0
		num colors         :  0
		num indices        :  105
	processing begun of mesh:  flowerDeanSteps2
		registered as also a user of material:  brick
		num positions      :  53
		num normals        :  53
		num uvs            :  106
		num uvs2           :  0
		num colors         :  0
		num indices        :  72
	processing begun of mesh:  FDWalls02
		processing begun of Standard material:  brick2
			Diffuse texture found "brick2"
				Image texture found, type:  diffuseTexture, mapped using: "UVMap"
		num positions      :  275
		num normals        :  275
		num uvs            :  550
		num uvs2           :  0
		num colors         :  0
		num indices        :  603
	processing begun of mesh:  flowDeanLedges
		processing begun of Standard material:  win_ledge
			Diffuse texture found "window_ledge"
				Image texture found, type:  diffuseTexture, mapped using: "UVMap"
		num positions      :  2402
		num normals        :  2402
		num uvs            :  4804
		num uvs2           :  0
		num colors         :  0
		num indices        :  2874
	processing begun of mesh:  FDWalls01
		registered as also a user of material:  brick
		num positions      :  772
		num normals        :  772
		num uvs            :  1544
		num uvs2           :  0
		num colors         :  0
		num indices        :  1827
	processing begun of camera (UniversalCamera):  Camera
	processing begun of mesh:  10bells_pub
		registered as also a user of material:  brick
		num positions      :  211
		num normals        :  211
		num uvs            :  422
		num uvs2           :  0
		num colors         :  0
		num indices        :  402
	processing begun of mesh:  roof00
		registered as also a user of material:  roof
		num positions      :  6
		num normals        :  6
		num uvs            :  0
		num uvs2           :  0
		num colors         :  0
		num indices        :  18
	processing begun of mesh:  roof01
		registered as also a user of material:  roof
		num positions      :  10
		num normals        :  10
		num uvs            :  0
		num uvs2           :  0
		num colors         :  0
		num indices        :  33
	processing begun of mesh:  small build
		registered as also a user of material:  brick2
		num positions      :  153
		num normals        :  153
		num uvs            :  306
		num uvs2           :  0
		num colors         :  0
		num indices        :  294
	processing begun of mesh:  windows01
		registered as also a user of material:  windows
		num positions      :  127
		num normals        :  127
		num uvs            :  254
		num uvs2           :  0
		num colors         :  0
		num indices        :  162
	processing begun of mesh:  windows02
		registered as also a user of material:  windows
		num positions      :  114
		num normals        :  114
		num uvs            :  228
		num uvs2           :  0
		num colors         :  0
		num indices        :  150
	processing begun of mesh:  doorway
		processing begun of Standard material:  pub_door
			Diffuse texture found "pub_door"
				Image texture found, type:  diffuseTexture, mapped using: "UVMap"
		num positions      :  9
		num normals        :  9
		num uvs            :  18
		num uvs2           :  0
		num colors         :  0
		num indices        :  12
	processing begun of mesh:  doors
		registered as also a user of material:  doors
		num positions      :  12
		num normals        :  12
		num uvs            :  24
		num uvs2           :  0
		num colors         :  0
		num indices        :  18
	processing begun of mesh:  pub_pillars
		registered as also a user of material:  pub_door
		num positions      :  32
		num normals        :  32
		num uvs            :  64
		num uvs2           :  0
		num colors         :  0
		num indices        :  72
	processing begun of mesh:  pub_sign
		registered as also a user of material:  pub_door
		num positions      :  60
		num normals        :  60
		num uvs            :  120
		num uvs2           :  0
		num colors         :  0
		num indices        :  72
	processing begun of mesh:  pub_window
		registered as also a user of material:  pub_door
		num positions      :  43
		num normals        :  43
		num uvs            :  86
		num uvs2           :  0
		num colors         :  0
		num indices        :  60
	processing begun of mesh:  pub_lamp
		registered as also a user of material:  lampost
		num positions      :  25
		num normals        :  25
		num uvs            :  0
		num uvs2           :  0
		num colors         :  0
		num indices        :  120
	processing begun of mesh:  pub_lampost
		registered as also a user of material:  lampost
		num positions      :  56
		num normals        :  56
		num uvs            :  0
		num uvs2           :  0
		num colors         :  0
		num indices        :  288
	processing begun of mesh:  pub_light
		registered as also a user of material:  publight
		num positions      :  8
		num normals        :  8
		num uvs            :  0
		num uvs2           :  0
		num colors         :  0
		num indices        :  24
	processing begun of mesh:  shop01
		processing begun of Standard material:  shops
			Diffuse texture found "shops"
				Image texture found, type:  diffuseTexture, mapped using: "UVMap"
		num positions      :  5
		num normals        :  5
		num uvs            :  10
		num uvs2           :  0
		num colors         :  0
		num indices        :  9
	processing begun of mesh:  shop02
		registered as also a user of material:  shops
		num positions      :  24
		num normals        :  24
		num uvs            :  48
		num uvs2           :  0
		num colors         :  0
		num indices        :  30
	processing begun of mesh:  street
		registered as also a user of material:  street
		num positions      :  249
		num normals        :  249
		num uvs            :  498
		num uvs2           :  0
		num colors         :  0
		num indices        :  1170
	processing begun of mesh:  wall01.L
		processing begun of Standard material:  buildings02
			Diffuse texture found "build_text"
				Image texture found, type:  diffuseTexture, mapped using: "UVMap"
		num positions      :  61
		num normals        :  61
		num uvs            :  122
		num uvs2           :  0
		num colors         :  0
		num indices        :  96
	processing begun of mesh:  wall01.R
		registered as also a user of material:  buildings02
		num positions      :  59
		num normals        :  59
		num uvs            :  118
		num uvs2           :  0
		num colors         :  0
		num indices        :  96
	processing begun of mesh:  wall01.T
		registered as also a user of material:  buildings02
		num positions      :  60
		num normals        :  60
		num uvs            :  120
		num uvs2           :  0
		num colors         :  0
		num indices        :  96
	processing begun of mesh:  wall02.L
		registered as also a user of material:  buildings02
		num positions      :  13
		num normals        :  13
		num uvs            :  26
		num uvs2           :  0
		num colors         :  0
		num indices        :  18
	processing begun of mesh:  wall02.R
		registered as also a user of material:  buildings02
		num positions      :  103
		num normals        :  103
		num uvs            :  206
		num uvs2           :  0
		num colors         :  0
		num indices        :  168
	processing begun of mesh:  wall03.L
		registered as also a user of material:  buildings02
		num positions      :  10
		num normals        :  10
		num uvs            :  20
		num uvs2           :  0
		num colors         :  0
		num indices        :  24
	processing begun of mesh:  bin
		registered as also a user of material:  buildings02
		num positions      :  13
		num normals        :  13
		num uvs            :  26
		num uvs2           :  0
		num colors         :  0
		num indices        :  18
	processing begun of mesh:  bin lid
		processing begun of Standard material:  buildings
		num positions      :  8
		num normals        :  8
		num uvs            :  0
		num uvs2           :  0
		num colors         :  0
		num indices        :  30
	processing begun of mesh:  build01.T
		registered as also a user of material:  buildings02
		num positions      :  39
		num normals        :  39
		num uvs            :  78
		num uvs2           :  0
		num colors         :  0
		num indices        :  54
	processing begun of mesh:  build02.T
		registered as also a user of material:  buildings02
		num positions      :  94
		num normals        :  94
		num uvs            :  188
		num uvs2           :  0
		num colors         :  0
		num indices        :  132
	processing begun of mesh:  build03.T
		registered as also a user of material:  buildings02
		num positions      :  4
		num normals        :  4
		num uvs            :  8
		num uvs2           :  0
		num colors         :  0
		num indices        :  6
	processing begun of mesh:  dark_builds1
		registered as also a user of material:  buildings
		num positions      :  30
		num normals        :  30
		num uvs            :  0
		num uvs2           :  0
		num colors         :  0
		num indices        :  45
	processing begun of mesh:  dark_builds2
		registered as also a user of material:  buildings
		num positions      :  42
		num normals        :  42
		num uvs            :  0
		num uvs2           :  0
		num colors         :  0
		num indices        :  63
	processing begun of mesh:  dock
		registered as also a user of material:  buildings02
		num positions      :  20
		num normals        :  20
		num uvs            :  40
		num uvs2           :  0
		num colors         :  0
		num indices        :  24
	processing begun of mesh:  barrels
		registered as also a user of material:  factory wall
		num positions      :  499
		num normals        :  499
		num uvs            :  998
		num uvs2           :  0
		num colors         :  0
		num indices        :  1386
	processing begun of mesh:  boxes01
		registered as also a user of material:  factory wall
		num positions      :  78
		num normals        :  78
		num uvs            :  156
		num uvs2           :  0
		num colors         :  0
		num indices        :  96
	processing begun of mesh:  boxes02
		registered as also a user of material:  factory wall
		num positions      :  49
		num normals        :  49
		num uvs            :  98
		num uvs2           :  0
		num colors         :  0
		num indices        :  60
	processing begun of mesh:  brew_gate1
		registered as also a user of material:  windows
		num positions      :  4
		num normals        :  4
		num uvs            :  8
		num uvs2           :  0
		num colors         :  0
		num indices        :  6
	processing begun of mesh:  brew_sign
		processing begun of Standard material:  brewery
			Diffuse texture found "brew_text"
				Image texture found, type:  diffuseTexture, mapped using: "UVMap"
		num positions      :  17
		num normals        :  17
		num uvs            :  34
		num uvs2           :  0
		num colors         :  0
		num indices        :  36
	processing begun of mesh:  brewery
		registered as also a user of material:  brewery
		num positions      :  23
		num normals        :  23
		num uvs            :  46
		num uvs2           :  0
		num colors         :  0
		num indices        :  42
	processing begun of mesh:  han_gate_post_bk
		registered as also a user of material:  windows
		num positions      :  8
		num normals        :  8
		num uvs            :  16
		num uvs2           :  0
		num colors         :  0
		num indices        :  24
	processing begun of mesh:  han_gate_post_fr
		registered as also a user of material:  windows
		num positions      :  8
		num normals        :  8
		num uvs            :  16
		num uvs2           :  0
		num colors         :  0
		num indices        :  24
	processing begun of mesh:  han_roof
		registered as also a user of material:  roof
		num positions      :  6
		num normals        :  6
		num uvs            :  0
		num uvs2           :  0
		num colors         :  0
		num indices        :  12
	processing begun of mesh:  han_st_back walls
		processing begun of Standard material:  backwall
			Diffuse texture found "backwall"
				Image texture found, type:  diffuseTexture, mapped using: "UVMap"
		num positions      :  101
		num normals        :  101
		num uvs            :  202
		num uvs2           :  0
		num colors         :  0
		num indices        :  168
	processing begun of mesh:  han_st_doors
		registered as also a user of material:  doors
		num positions      :  72
		num normals        :  72
		num uvs            :  144
		num uvs2           :  0
		num colors         :  0
		num indices        :  114
	processing begun of mesh:  han_st_gate_bk
		registered as also a user of material:  windows
		num positions      :  8
		num normals        :  8
		num uvs            :  16
		num uvs2           :  0
		num colors         :  0
		num indices        :  30
	processing begun of mesh:  han_st_gate_fr
		registered as also a user of material:  windows
		num positions      :  8
		num normals        :  8
		num uvs            :  16
		num uvs2           :  0
		num colors         :  0
		num indices        :  30
	processing begun of mesh:  han_st_ledges
		registered as also a user of material:  win_ledge
		num positions      :  658
		num normals        :  658
		num uvs            :  1316
		num uvs2           :  0
		num colors         :  0
		num indices        :  810
	processing begun of mesh:  han_st_shops
		registered as also a user of material:  shops
		num positions      :  29
		num normals        :  29
		num uvs            :  58
		num uvs2           :  0
		num colors         :  0
		num indices        :  36
	processing begun of mesh:  han_st_walls
		registered as also a user of material:  brick
		num positions      :  324
		num normals        :  324
		num uvs            :  648
		num uvs2           :  0
		num colors         :  0
		num indices        :  732
	processing begun of mesh:  han_st_windows
		registered as also a user of material:  windows
		num positions      :  223
		num normals        :  223
		num uvs            :  446
		num uvs2           :  0
		num colors         :  0
		num indices        :  300
	processing begun of mesh:  dock02
		registered as also a user of material:  brick
		num positions      :  55
		num normals        :  55
		num uvs            :  110
		num uvs2           :  0
		num colors         :  0
		num indices        :  108
	processing begun of mesh:  fancy doors
		registered as also a user of material:  market
		num positions      :  77
		num normals        :  77
		num uvs            :  154
		num uvs2           :  0
		num colors         :  0
		num indices        :  102
	processing begun of mesh:  inside_back_floor
		registered as also a user of material:  win_ledge
		num positions      :  8
		num normals        :  8
		num uvs            :  16
		num uvs2           :  0
		num colors         :  0
		num indices        :  12
	processing begun of mesh:  inside_back_wall
		registered as also a user of material:  brick
		num positions      :  9
		num normals        :  9
		num uvs            :  18
		num uvs2           :  0
		num colors         :  0
		num indices        :  12
	processing begun of mesh:  market floor_kerb
		registered as also a user of material:  win_ledge
		num positions      :  105
		num normals        :  105
		num uvs            :  210
		num uvs2           :  0
		num colors         :  0
		num indices        :  168
	processing begun of mesh:  market old doors
		registered as also a user of material:  doors
		num positions      :  18
		num normals        :  18
		num uvs            :  36
		num uvs2           :  0
		num colors         :  0
		num indices        :  24
	processing begun of mesh:  market roof
		registered as also a user of material:  roof
		num positions      :  14
		num normals        :  14
		num uvs            :  0
		num uvs2           :  0
		num colors         :  0
		num indices        :  54
	processing begun of mesh:  market walls
		registered as also a user of material:  brick
		num positions      :  269
		num normals        :  269
		num uvs            :  538
		num uvs2           :  0
		num colors         :  0
		num indices        :  573
	processing begun of mesh:  market_boxes
		registered as also a user of material:  factory wall
		num positions      :  179
		num normals        :  179
		num uvs            :  358
		num uvs2           :  0
		num colors         :  0
		num indices        :  216
	processing begun of mesh:  market_windows
		registered as also a user of material:  market
		num positions      :  44
		num normals        :  44
		num uvs            :  88
		num uvs2           :  0
		num colors         :  0
		num indices        :  66
	processing begun of mesh:  market_windows_fancy
		registered as also a user of material:  market
		num positions      :  121
		num normals        :  121
		num uvs            :  242
		num uvs2           :  0
		num colors         :  0
		num indices        :  156
	processing begun of mesh:  shops3
		registered as also a user of material:  shops
		num positions      :  52
		num normals        :  52
		num uvs            :  104
		num uvs2           :  0
		num colors         :  0
		num indices        :  75
	processing begun of mesh:  market_floor
		registered as also a user of material:  win_ledge
		num positions      :  10
		num normals        :  10
		num uvs            :  20
		num uvs2           :  0
		num colors         :  0
		num indices        :  24
	processing begun of mesh:  mitre_back_roof
		registered as also a user of material:  roof
		num positions      :  6
		num normals        :  6
		num uvs            :  0
		num uvs2           :  0
		num colors         :  0
		num indices        :  12
	processing begun of mesh:  mitre_big_door
		registered as also a user of material:  doors
		num positions      :  7
		num normals        :  7
		num uvs            :  14
		num uvs2           :  0
		num colors         :  0
		num indices        :  12
	processing begun of mesh:  mitre_door1
		registered as also a user of material:  doors
		num positions      :  4
		num normals        :  4
		num uvs            :  8
		num uvs2           :  0
		num colors         :  0
		num indices        :  6
	processing begun of mesh:  mitre_house_roof
		registered as also a user of material:  roof
		num positions      :  6
		num normals        :  6
		num uvs            :  0
		num uvs2           :  0
		num colors         :  0
		num indices        :  24
	processing begun of mesh:  mitre_house_wall02
		processing begun of Standard material:  pub2
			Diffuse texture found "pub2"
				Image texture found, type:  diffuseTexture, mapped using: "UVMap"
		num positions      :  8
		num normals        :  8
		num uvs            :  16
		num uvs2           :  0
		num colors         :  0
		num indices        :  12
	processing begun of mesh:  mitre_house_walls
		registered as also a user of material:  brick2
		num positions      :  112
		num normals        :  112
		num uvs            :  224
		num uvs2           :  0
		num colors         :  0
		num indices        :  210
	processing begun of mesh:  mitre_lamp2
		registered as also a user of material:  lampost
		num positions      :  49
		num normals        :  49
		num uvs            :  0
		num uvs2           :  0
		num colors         :  0
		num indices        :  228
	processing begun of mesh:  mitre_lamp_glass1
		registered as also a user of material:  publight
		num positions      :  8
		num normals        :  8
		num uvs            :  0
		num uvs2           :  0
		num colors         :  0
		num indices        :  24
	processing begun of mesh:  mitre_lamp_glass2
		registered as also a user of material:  publight
		num positions      :  8
		num normals        :  8
		num uvs            :  0
		num uvs2           :  0
		num colors         :  0
		num indices        :  24
	processing begun of mesh:  mitre_lamppost
		registered as also a user of material:  lampost
		num positions      :  81
		num normals        :  81
		num uvs            :  0
		num uvs2           :  0
		num colors         :  0
		num indices        :  408
	processing begun of mesh:  mitre_ledges
		registered as also a user of material:  win_ledge
		num positions      :  222
		num normals        :  222
		num uvs            :  444
		num uvs2           :  0
		num colors         :  0
		num indices        :  270
	processing begun of mesh:  mitre_pavement
		registered as also a user of material:  win_ledge
		num positions      :  22
		num normals        :  22
		num uvs            :  44
		num uvs2           :  0
		num colors         :  0
		num indices        :  60
	processing begun of mesh:  mitre_roof01
		registered as also a user of material:  roof
		num positions      :  6
		num normals        :  6
		num uvs            :  0
		num uvs2           :  0
		num colors         :  0
		num indices        :  24
	processing begun of mesh:  mitre_tunnel
		registered as also a user of material:  backwall
		num positions      :  125
		num normals        :  125
		num uvs            :  250
		num uvs2           :  0
		num colors         :  0
		num indices        :  222
	processing begun of mesh:  mitre_walls1
		registered as also a user of material:  factory wall
		num positions      :  246
		num normals        :  246
		num uvs            :  492
		num uvs2           :  0
		num colors         :  0
		num indices        :  312
	processing begun of mesh:  mitre_walls2
		registered as also a user of material:  factory wall
		num positions      :  34
		num normals        :  34
		num uvs            :  68
		num uvs2           :  0
		num colors         :  0
		num indices        :  48
	processing begun of mesh:  mitre_windows1
		registered as also a user of material:  windows
		num positions      :  70
		num normals        :  70
		num uvs            :  140
		num uvs2           :  0
		num colors         :  0
		num indices        :  90
	processing begun of mesh:  pub2
		registered as also a user of material:  pub2
		num positions      :  219
		num normals        :  219
		num uvs            :  438
		num uvs2           :  0
		num colors         :  0
		num indices        :  513
	processing begun of mesh:  pub2_back door
		registered as also a user of material:  doors
		num positions      :  19
		num normals        :  19
		num uvs            :  38
		num uvs2           :  0
		num colors         :  0
		num indices        :  24
	processing begun of mesh:  pub2_doors.L1
		registered as also a user of material:  doors
		num positions      :  8
		num normals        :  8
		num uvs            :  16
		num uvs2           :  0
		num colors         :  0
		num indices        :  12
	processing begun of mesh:  pub2_doors.L2
		registered as also a user of material:  doors
		num positions      :  9
		num normals        :  9
		num uvs            :  18
		num uvs2           :  0
		num colors         :  0
		num indices        :  12
	processing begun of mesh:  pub2_windows.L1
		registered as also a user of material:  windows
		num positions      :  86
		num normals        :  86
		num uvs            :  172
		num uvs2           :  0
		num colors         :  0
		num indices        :  108
	processing begun of mesh:  pub2_windows.L2
		registered as also a user of material:  windows
		num positions      :  50
		num normals        :  50
		num uvs            :  100
		num uvs2           :  0
		num colors         :  0
		num indices        :  60
	processing begun of mesh:  pub2_windows
		registered as also a user of material:  windows
		num positions      :  200
		num normals        :  200
		num uvs            :  400
		num uvs2           :  0
		num colors         :  0
		num indices        :  240
	processing begun of mesh:  pub_door
		processing begun of Standard material:  workhouse
			Diffuse texture found "workhouse"
				Image texture found, type:  diffuseTexture, mapped using: "UVMap"
		num positions      :  16
		num normals        :  16
		num uvs            :  32
		num uvs2           :  0
		num colors         :  0
		num indices        :  24
	processing begun of mesh:  pub_small window
		registered as also a user of material:  windows
		num positions      :  25
		num normals        :  25
		num uvs            :  50
		num uvs2           :  0
		num colors         :  0
		num indices        :  30
	processing begun of mesh:  pub_tunnel
		registered as also a user of material:  pub2
		num positions      :  176
		num normals        :  176
		num uvs            :  352
		num uvs2           :  0
		num colors         :  0
		num indices        :  270
	processing begun of mesh:  roof07
		registered as also a user of material:  roof
		num positions      :  10
		num normals        :  10
		num uvs            :  0
		num uvs2           :  0
		num colors         :  0
		num indices        :  36
	processing begun of mesh:  roof02
		registered as also a user of material:  roof
		num positions      :  6
		num normals        :  6
		num uvs            :  0
		num uvs2           :  0
		num colors         :  0
		num indices        :  24
	processing begun of mesh:  roof03
		registered as also a user of material:  roof
		num positions      :  6
		num normals        :  6
		num uvs            :  0
		num uvs2           :  0
		num colors         :  0
		num indices        :  24
	processing begun of mesh:  roof04
		registered as also a user of material:  roof
		num positions      :  6
		num normals        :  6
		num uvs            :  0
		num uvs2           :  0
		num colors         :  0
		num indices        :  21
	processing begun of mesh:  roof05
		registered as also a user of material:  roof
		num positions      :  9
		num normals        :  9
		num uvs            :  0
		num uvs2           :  0
		num colors         :  0
		num indices        :  39
	processing begun of mesh:  roof06
		registered as also a user of material:  roof
		num positions      :  13
		num normals        :  13
		num uvs            :  0
		num uvs2           :  0
		num colors         :  0
		num indices        :  63
	processing begun of mesh:  tarr01
		processing begun of Standard material:  tarr_office
			Diffuse texture found "tarr_office"
				Image texture found, type:  diffuseTexture, mapped using: "UVMap"
		num positions      :  170
		num normals        :  170
		num uvs            :  340
		num uvs2           :  0
		num colors         :  0
		num indices        :  459
	processing begun of mesh:  tarr01_windows
		registered as also a user of material:  tarr_office
		num positions      :  202
		num normals        :  202
		num uvs            :  404
		num uvs2           :  0
		num colors         :  0
		num indices        :  240
	processing begun of mesh:  tarr02_windows
		registered as also a user of material:  tarr_office
		num positions      :  151
		num normals        :  151
		num uvs            :  302
		num uvs2           :  0
		num colors         :  0
		num indices        :  180
	processing begun of mesh:  tarr_door
		registered as also a user of material:  tarr_office
		num positions      :  6
		num normals        :  6
		num uvs            :  12
		num uvs2           :  0
		num colors         :  0
		num indices        :  12
	processing begun of mesh:  tarr_door_plate
		registered as also a user of material:  tarr_office
		num positions      :  19
		num normals        :  19
		num uvs            :  38
		num uvs2           :  0
		num colors         :  0
		num indices        :  24
	processing begun of mesh:  tarr_entry_top
		registered as also a user of material:  tarr_office
		num positions      :  114
		num normals        :  114
		num uvs            :  228
		num uvs2           :  0
		num colors         :  0
		num indices        :  252
	processing begun of mesh:  tarr_entry_walls
		registered as also a user of material:  tarr_office
		num positions      :  64
		num normals        :  64
		num uvs            :  128
		num uvs2           :  0
		num colors         :  0
		num indices        :  168
	processing begun of mesh:  tarr_office_beam
		registered as also a user of material:  tarr_office
		num positions      :  49
		num normals        :  49
		num uvs            :  98
		num uvs2           :  0
		num colors         :  0
		num indices        :  66
	processing begun of mesh:  tarr_office_Fwall
		registered as also a user of material:  backwall
		num positions      :  4
		num normals        :  4
		num uvs            :  8
		num uvs2           :  0
		num colors         :  0
		num indices        :  6
	processing begun of mesh:  tarr_office_pillar
		registered as also a user of material:  tarr_office
		num positions      :  36
		num normals        :  36
		num uvs            :  72
		num uvs2           :  0
		num colors         :  0
		num indices        :  96
	processing begun of mesh:  tarr_office_steps
		registered as also a user of material:  tarr_office
		num positions      :  35
		num normals        :  35
		num uvs            :  70
		num uvs2           :  0
		num colors         :  0
		num indices        :  48
	processing begun of mesh:  tarr_office_walls
		registered as also a user of material:  backwall
		num positions      :  22
		num normals        :  22
		num uvs            :  44
		num uvs2           :  0
		num colors         :  0
		num indices        :  36
	processing begun of mesh:  tarr_office_windows
		registered as also a user of material:  windows
		num positions      :  50
		num normals        :  50
		num uvs            :  100
		num uvs2           :  0
		num colors         :  0
		num indices        :  60
	processing begun of mesh:  tarr_step_pillar
		registered as also a user of material:  tarr_office
		num positions      :  49
		num normals        :  49
		num uvs            :  98
		num uvs2           :  0
		num colors         :  0
		num indices        :  60
	processing begun of mesh:  tarr_wall_posts
		registered as also a user of material:  roof
		num positions      :  16
		num normals        :  16
		num uvs            :  0
		num uvs2           :  0
		num colors         :  0
		num indices        :  60
	processing begun of mesh:  upper_window arch
		registered as also a user of material:  windows
		num positions      :  24
		num normals        :  24
		num uvs            :  48
		num uvs2           :  0
		num colors         :  0
		num indices        :  30
	processing begun of mesh:  warehouse
		processing begun of Standard material:  warehouse
			Diffuse texture found "warehouse"
				Image texture found, type:  diffuseTexture, mapped using: "UVMap"
		num positions      :  13
		num normals        :  13
		num uvs            :  26
		num uvs2           :  0
		num colors         :  0
		num indices        :  24
	processing begun of mesh:  workhouse.F
		registered as also a user of material:  workhouse
		num positions      :  279
		num normals        :  279
		num uvs            :  558
		num uvs2           :  0
		num colors         :  0
		num indices        :  579
	processing begun of mesh:  workhouse.L
		registered as also a user of material:  workhouse
		num positions      :  214
		num normals        :  214
		num uvs            :  428
		num uvs2           :  0
		num colors         :  0
		num indices        :  417
	processing begun of mesh:  workhouse.R
		registered as also a user of material:  workhouse
		num positions      :  100
		num normals        :  100
		num uvs            :  200
		num uvs2           :  0
		num colors         :  0
		num indices        :  177
	processing begun of mesh:  workhouse_door
		registered as also a user of material:  workhouse
		num positions      :  42
		num normals        :  42
		num uvs            :  84
		num uvs2           :  0
		num colors         :  0
		num indices        :  66
	processing begun of mesh:  workhouse_door_outer
		registered as also a user of material:  roof
		num positions      :  40
		num normals        :  40
		num uvs            :  0
		num uvs2           :  0
		num colors         :  0
		num indices        :  168
	processing begun of mesh:  workhouse_L_doors
		registered as also a user of material:  workhouse
		num positions      :  34
		num normals        :  34
		num uvs            :  68
		num uvs2           :  0
		num colors         :  0
		num indices        :  48
	processing begun of mesh:  workhouse_R_doors
		registered as also a user of material:  workhouse
		num positions      :  9
		num normals        :  9
		num uvs            :  18
		num uvs2           :  0
		num colors         :  0
		num indices        :  12
	processing begun of mesh:  workhouse_roof
		registered as also a user of material:  roof
		num positions      :  16
		num normals        :  16
		num uvs            :  0
		num uvs2           :  0
		num colors         :  0
		num indices        :  84
	processing begun of mesh:  workhouse_windows.R
		registered as also a user of material:  windows
		num positions      :  277
		num normals        :  277
		num uvs            :  554
		num uvs2           :  0
		num colors         :  0
		num indices        :  330
	processing begun of mesh:  wotkhouse_windows.L
		registered as also a user of material:  windows
		num positions      :  427
		num normals        :  427
		num uvs            :  854
		num uvs2           :  0
		num colors         :  0
		num indices        :  510
	processing begun of mesh:  inner_wall01
		registered as also a user of material:  brick2
		num positions      :  312
		num normals        :  312
		num uvs            :  624
		num uvs2           :  0
		num colors         :  0
		num indices        :  756
	processing begun of mesh:  inner_wall02
		registered as also a user of material:  brick2
		num positions      :  376
		num normals        :  376
		num uvs            :  752
		num uvs2           :  0
		num colors         :  0
		num indices        :  918
	processing begun of mesh:  miller_bath
		registered as also a user of material:  brick2
		num positions      :  224
		num normals        :  224
		num uvs            :  448
		num uvs2           :  0
		num colors         :  0
		num indices        :  564
	processing begun of mesh:  miller_bin
		registered as also a user of material:  factory wall
		num positions      :  17
		num normals        :  17
		num uvs            :  34
		num uvs2           :  0
		num colors         :  0
		num indices        :  24
	processing begun of mesh:  miller_doors01
		registered as also a user of material:  doors
		num positions      :  175
		num normals        :  175
		num uvs            :  350
		num uvs2           :  0
		num colors         :  0
		num indices        :  240
	processing begun of mesh:  miller_doors02
		registered as also a user of material:  doors
		num positions      :  131
		num normals        :  131
		num uvs            :  262
		num uvs2           :  0
		num colors         :  0
		num indices        :  174
	processing begun of mesh:  miller_end_walls
		registered as also a user of material:  brick2
		num positions      :  33
		num normals        :  33
		num uvs            :  66
		num uvs2           :  0
		num colors         :  0
		num indices        :  48
	processing begun of mesh:  miller_handle
		registered as also a user of material:  roof
		num positions      :  8
		num normals        :  8
		num uvs            :  0
		num uvs2           :  0
		num colors         :  0
		num indices        :  30
	processing begun of mesh:  miller_roof10
		registered as also a user of material:  roof
		num positions      :  29
		num normals        :  29
		num uvs            :  0
		num uvs2           :  0
		num colors         :  0
		num indices        :  108
	processing begun of mesh:  miller_t_door
		registered as also a user of material:  doors
		num positions      :  4
		num normals        :  4
		num uvs            :  8
		num uvs2           :  0
		num colors         :  0
		num indices        :  6
	processing begun of mesh:  miller_t_roof
		registered as also a user of material:  roof
		num positions      :  8
		num normals        :  8
		num uvs            :  0
		num uvs2           :  0
		num colors         :  0
		num indices        :  30
	processing begun of mesh:  miller_t_seat
		registered as also a user of material:  market
		num positions      :  22
		num normals        :  22
		num uvs            :  44
		num uvs2           :  0
		num colors         :  0
		num indices        :  42
	processing begun of mesh:  miller_tap
		registered as also a user of material:  roof
		num positions      :  105
		num normals        :  105
		num uvs            :  0
		num uvs2           :  0
		num colors         :  0
		num indices        :  582
	processing begun of mesh:  miller_toilet
		registered as also a user of material:  market
		num positions      :  18
		num normals        :  18
		num uvs            :  36
		num uvs2           :  0
		num colors         :  0
		num indices        :  30
	processing begun of mesh:  miller_tunnel02
		registered as also a user of material:  brick2
		num positions      :  38
		num normals        :  38
		num uvs            :  76
		num uvs2           :  0
		num colors         :  0
		num indices        :  72
	processing begun of mesh:  miller_windows01
		registered as also a user of material:  windows
		num positions      :  409
		num normals        :  409
		num uvs            :  818
		num uvs2           :  0
		num colors         :  0
		num indices        :  510
	processing begun of mesh:  miller_windows01a
		registered as also a user of material:  windows
		num positions      :  465
		num normals        :  465
		num uvs            :  930
		num uvs2           :  0
		num colors         :  0
		num indices        :  570
	processing begun of mesh:  miller_windows02
		registered as also a user of material:  market
		num positions      :  20
		num normals        :  20
		num uvs            :  40
		num uvs2           :  0
		num colors         :  0
		num indices        :  30
	processing begun of mesh:  miller_windows02a
		registered as also a user of material:  market
		num positions      :  32
		num normals        :  32
		num uvs            :  64
		num uvs2           :  0
		num colors         :  0
		num indices        :  48
	processing begun of mesh:  outer_wall01
		registered as also a user of material:  brick2
		num positions      :  102
		num normals        :  102
		num uvs            :  204
		num uvs2           :  0
		num colors         :  0
		num indices        :  162
	processing begun of mesh:  outer_wall02
		registered as also a user of material:  brick2
		num positions      :  82
		num normals        :  82
		num uvs            :  164
		num uvs2           :  0
		num colors         :  0
		num indices        :  120
	processing begun of mesh:  pub_kerb
		registered as also a user of material:  win_ledge
		num positions      :  12
		num normals        :  12
		num uvs            :  24
		num uvs2           :  0
		num colors         :  0
		num indices        :  30
	processing begun of mesh:  pub_kerb_edge
		registered as also a user of material:  win_ledge
		num positions      :  125
		num normals        :  125
		num uvs            :  250
		num uvs2           :  0
		num colors         :  0
		num indices        :  186
	processing begun of mesh:  pub_curve02
		registered as also a user of material:  win_ledge
		num positions      :  12
		num normals        :  12
		num uvs            :  24
		num uvs2           :  0
		num colors         :  0
		num indices        :  30
	processing begun of mesh:  pub_curve_edge02
		registered as also a user of material:  win_ledge
		num positions      :  103
		num normals        :  103
		num uvs            :  206
		num uvs2           :  0
		num colors         :  0
		num indices        :  168
	processing begun of mesh:  10Bells_edges1
		registered as also a user of material:  win_ledge
		num positions      :  552
		num normals        :  552
		num uvs            :  1104
		num uvs2           :  0
		num colors         :  0
		num indices        :  750
	processing begun of mesh:  maid
		processing begun of Standard material:  maid
			Diffuse texture found "maid"
				Image texture found, type:  diffuseTexture, mapped using: "UVMap"
		num positions      :  865
		num normals        :  865
		num uvs            :  1730
		num uvs2           :  0
		num colors         :  0
		num indices        :  2631
	processing begun of mesh:  boxes_HS
		registered as also a user of material:  factory wall
		num positions      :  77
		num normals        :  77
		num uvs            :  154
		num uvs2           :  0
		num colors         :  0
		num indices        :  96
	processing begun of mesh:  wall_post01
		registered as also a user of material:  lampost
		num positions      :  24
		num normals        :  24
		num uvs            :  0
		num uvs2           :  0
		num colors         :  0
		num indices        :  84
	processing begun of mesh:  wall_lamp
		registered as also a user of material:  lampost
		num positions      :  25
		num normals        :  25
		num uvs            :  0
		num uvs2           :  0
		num colors         :  0
		num indices        :  120
	processing begun of mesh:  wall_light
		registered as also a user of material:  publight
		num positions      :  8
		num normals        :  8
		num uvs            :  0
		num uvs2           :  0
		num colors         :  0
		num indices        :  24
	processing begun of light (POINT):  Point.007
	processing begun of light (POINT):  Point.006
	processing begun of light (POINT):  Point.005
	processing begun of light (POINT):  Point.004
	processing begun of light (POINT):  Point.003
	processing begun of light (POINT):  Point.002
	processing begun of light (POINT):  Point.001
	processing begun of light (POINT):  Point
	processing begun of light (HEMI):  Lamp
========= Writing of scene file started =========
========= Writing of scene file completed =========
========= end of processing =========
elapsed time:  0 min, 2.9844 secs
