Exporter version: 2.93.4, Blender version: 2.93.4
========= Conversion from Blender to Babylon.js =========
	Scene settings used :
		Inline textures     :  false
		Material Type       :  PBR
		Positions Precision :  4
		Normals Precision   :  3
		UVs Precision       :  3
		Vert Color Precision:  3
		Mat Weight Precision:  2
		Keep Z-up r-handed  :  no
		Texture directory   :  H:\babylon_projects\planet\
	Python World class constructor completed
	processing begun of camera (ArcRotateCamera):  Camera
	processing begun of mesh:  Text
		processing begun of material:  Material.001
		num positions      :  472
		num normals        :  472
		num tangents       :  0
		num uvs            :  944
		num uvs2           :  0
		num colors         :  0
		num triangles      :  936
	processing begun of node:  Empty
		animation processing begun
			processing action EmptyAction:  in[1 - 250], out[0 - 250]
	processing begun of node:  target
	processing begun of mesh:  Text.001
		processing begun of material:  Material
		processing begun of material:  Material.003
		processing begun of multimaterial:  babyl5_01.Multimaterial#0
		num positions      :  684
		num normals        :  684
		num tangents       :  0
		num uvs            :  1368
		num uvs2           :  0
		num colors         :  0
		num triangles      :  638
	processing begun of mesh:  Text.002
		processing begun of material:  Material
		processing begun of material:  Material.003
		processing begun of material:  Material.004
		registered as also a user of material:  Material
		registered as also a user of material:  Material.003
		processing begun of multimaterial:  babyl5_01.Multimaterial#1
		num positions      :  8705
		num normals        :  8705
		num tangents       :  0
		num uvs            :  17410
		num uvs2           :  0
		num colors         :  0
		num triangles      :  2992
	WARNING: The following object (type - CURVE) is not currently exportable thus ignored: BezierCircle
	processing begun of mesh:  Sphere
		processing begun of material:  Material.002
			processing texture maps01_normal
				texture type:  bumpTexture, mapped using: "UVMap"
			processing texture baked_planet01
				texture type:  diffuseTexture, mapped using: "UVMap"
		num positions      :  588
		num normals        :  588
		num tangents       :  0
		num uvs            :  1176
		num uvs2           :  0
		num colors         :  0
		num triangles      :  960
	processing begun of light (HEMI FROM AREA):  scene_light
	processing begun of light (POINT):  planet_side
	processing begun of light (HEMI FROM AREA):  planet_main
========= Writing of JSON file started =========
	writing mesh:  Text
	writing mesh:  Text.001
	writing mesh:  Text.002
	writing mesh:  Sphere
========= Writing of JSON file completed =========
========= end of processing =========
elapsed time:  0 min, 1.3983 secs
