Exporter version: 6.3.1, Blender version: 2.82 (sub 7)
========= Conversion from Blender to Babylon.js =========
	Scene settings used :
		Inline textures     :  false
		Material Type       :  PBR
		Positions Precision :  4
		Normals Precision   :  3
		UVs Precision       :  3
		Vert Color Precision:  3
		Mat Weight Precision:  2
		Keep Z-up r-handed  :  no
		Texture directory   :  H:\XDrive\dominic\
	Python World class constructor completed
	processing begun of skeleton:  Domcum01, id:  0
		processing begun of bone:  Hips, index:  0
		processing begun of bone:  LHipJoint, index:  1
		processing begun of bone:  LeftUpLeg, index:  2
		processing begun of bone:  LeftLeg, index:  3
		processing begun of bone:  LeftFoot, index:  4
		processing begun of bone:  LeftToeBase, index:  5
		processing begun of bone:  LowerBack, index:  6
		processing begun of bone:  Spine, index:  7
		processing begun of bone:  Spine1, index:  8
		processing begun of bone:  LeftShoulder, index:  9
		processing begun of bone:  LeftArm, index:  10
		processing begun of bone:  LeftForeArm, index:  11
		processing begun of bone:  LeftHand, index:  12
		processing begun of bone:  LThumb, index:  13
		processing begun of bone:  LeftFingerBase, index:  14
		processing begun of bone:  LeftHandFinger1, index:  15
		processing begun of bone:  Neck, index:  16
		processing begun of bone:  Neck1, index:  17
		processing begun of bone:  Head, index:  18
		processing begun of bone:  RightShoulder, index:  19
		processing begun of bone:  RightArm, index:  20
		processing begun of bone:  RightForeArm, index:  21
		processing begun of bone:  RightHand, index:  22
		processing begun of bone:  RThumb, index:  23
		processing begun of bone:  RightFingerBase, index:  24
		processing begun of bone:  RightHandFinger1, index:  25
		processing begun of bone:  RHipJoint, index:  26
		processing begun of bone:  RightUpLeg, index:  27
		processing begun of bone:  RightLeg, index:  28
		processing begun of bone:  RightFoot, index:  29
		processing begun of bone:  RightToeBase, index:  30
	processing begun of mesh:  Domcum01:Uni1228
		processing begun of material:  Domcum01:Uni1228:Defaultskin
			processing texture uni1228_Euro_Male_norm
				texture type:  bumpTexture, mapped using: "UVMap"
			processing texture uni1228_Euro_Male_diff
				texture type:  diffuseTexture, mapped using: "UVMap"
		num positions      :  1402
		num normals        :  1402
		num tangents       :  0
		num uvs            :  2804
		num uvs2           :  0
		num colors         :  0
		num indices        :  4680
		Skeleton stats:  
			Total Influencers:  2592
			Avg # of influencers per vertex:  1.8488
			Highest # of influencers observed:  7, num vertices with this:  8
			exported as 7 influencers
			num skeletonWeights and skeletonIndices:  11216
	processing begun of mesh:  Domcum01:Low-poly
		processing begun of material:  Domcum01:Low-poly:Eye_brown
			processing texture brown_eye
				texture type:  diffuseTexture, mapped using: "UVMap"
		num positions      :  96
		num normals        :  96
		num tangents       :  0
		num uvs            :  192
		num uvs2           :  0
		num colors         :  0
		num indices        :  516
		Skeleton stats:  
			Total Influencers:  96
			Avg # of influencers per vertex:  1
			Highest # of influencers observed:  1, num vertices with this:  96
			exported as 1 influencers
			num skeletonWeights and skeletonIndices:  384
	processing begun of mesh:  Domcum01:Elvs_beanie_slouch
		processing begun of material:  Domcum01:Elvs_beanie_slouch:Elvs_beanie_slouch
			processing texture herringnormals
				texture type:  bumpTexture, mapped using: "UVMap"
			processing texture herrinbonemens1
				texture type:  diffuseTexture, mapped using: "UVMap"
		num positions      :  615
		num normals        :  615
		num tangents       :  0
		num uvs            :  1230
		num uvs2           :  0
		num colors         :  0
		num indices        :  3540
		Skeleton stats:  
			Total Influencers:  1109
			Avg # of influencers per vertex:  1.8033
			Highest # of influencers observed:  5, num vertices with this:  31
			exported as 5 influencers
			num skeletonWeights and skeletonIndices:  4920
	processing begun of mesh:  Domcum01:Male_casualsuit06
		processing begun of material:  Domcum01:Male_casualsuit06:Male_casualsuit06
			processing texture male_casualsuit06_normal
				texture type:  bumpTexture, mapped using: "UVMap"
			processing texture male_casualsuit06_diffuse
				texture type:  diffuseTexture, mapped using: "UVMap"
		num positions      :  4341
		num normals        :  4341
		num tangents       :  0
		num uvs            :  8682
		num uvs2           :  0
		num colors         :  0
		num indices        :  21504
		Skeleton stats:  
			Total Influencers:  17228
			Avg # of influencers per vertex:  3.9687
			Highest # of influencers observed:  8, num vertices with this:  3
			exported as 8 influencers
			num skeletonWeights and skeletonIndices:  34728
	processing begun of mesh:  Domcum01:Shoes02
		processing begun of material:  Domcum01:Shoes02:Shoes02
			processing texture shoes02_diffuse
				texture type:  diffuseTexture, mapped using: "UVMap"
		num positions      :  1979
		num normals        :  1979
		num tangents       :  0
		num uvs            :  3958
		num uvs2           :  0
		num colors         :  0
		num indices        :  9192
		Skeleton stats:  
			Total Influencers:  3090
			Avg # of influencers per vertex:  1.5614
			Highest # of influencers observed:  3, num vertices with this:  12
			exported as 3 influencers
			num skeletonWeights and skeletonIndices:  7916
	processing begun of camera (ArcRotateCamera):  Camera
	processing begun of mesh:  Cube
		WARNING: No materials have been assigned: 
		num positions      :  29
		num normals        :  29
		num tangents       :  0
		num uvs            :  58
		num uvs2           :  0
		num colors         :  0
		num indices        :  36
	processing begun of light (HEMI FROM AREA):  Light
========= Writing of JSON file started =========
	writing mesh:  Domcum01:Uni1228
	writing mesh:  Domcum01:Low-poly
	writing mesh:  Domcum01:Elvs_beanie_slouch
	writing mesh:  Domcum01:Male_casualsuit06
	writing mesh:  Domcum01:Shoes02
	writing mesh:  Cube
========= Writing of JSON file completed =========
========= end of processing =========
elapsed time:  0 min, 4.7745 secs
