Exporter version: 6.3.0, Blender version: 2.82 (sub 7)
========= Conversion from Blender to Babylon.js =========
	Scene settings used :
		Inline textures     :  false
		Material Type       :  STD
		Positions Precision :  4
		Normals Precision   :  3
		UVs Precision       :  3
		Vert Color Precision:  3
		Mat Weight Precision:  2
		Keep Z-up r-handed  :  no
		Texture directory   :  H:\XDrive\281files\text_test\
	Python World class constructor completed
	processing begun of mesh:  BAR
		processing begun of material:  Material.003
		num positions      :  654
		num normals        :  654
		num tangents       :  0
		num uvs            :  1308
		num uvs2           :  0
		num colors         :  0
		num indices        :  1905
	processing begun of mesh:  Bar_Frame.inside
		processing begun of material:  frame.001
			processing texture bar01
				WARNING: Exception during copy:
					'H:\\XDrive\\281files\\text_test\\bar01.png' and 'H:\\XDrive\\281files\\text_test\\bar01.png' are the same file
				texture type:  diffuseTexture, mapped using: "UVMap"
		num positions      :  8
		num normals        :  8
		num tangents       :  0
		num uvs            :  16
		num uvs2           :  0
		num colors         :  0
		num indices        :  12
	processing begun of mesh:  Bar_Frame
		processing begun of material:  frame
			processing texture bar01
				WARNING: Exception during copy:
					'H:\\XDrive\\281files\\text_test\\bar01.png' and 'H:\\XDrive\\281files\\text_test\\bar01.png' are the same file
				texture type:  diffuseTexture, mapped using: "UVMap"
		num positions      :  79
		num normals        :  79
		num tangents       :  0
		num uvs            :  158
		num uvs2           :  0
		num colors         :  0
		num indices        :  96
	processing begun of light (HEMI FROM AREA):  Light
========= Writing of JSON file started =========
	writing mesh:  BAR
	writing mesh:  Bar_Frame.inside
	writing mesh:  Bar_Frame
========= Writing of JSON file completed =========
========= end of processing =========
elapsed time:  0 min, 1.0015 secs
