Exporter version: 6.3.0, Blender version: 2.82 (sub 7)
========= Conversion from Blender to Babylon.js =========
	Scene settings used :
		Inline textures     :  false
		Material Type       :  STD
		Positions Precision :  4
		Normals Precision   :  3
		UVs Precision       :  3
		Vert Color Precision:  3
		Mat Weight Precision:  2
		Keep Z-up r-handed  :  no
		Texture directory   :  H:\XDrive\281files\text_test\
	Python World class constructor completed
	processing begun of mesh:  Text.001
		processing begun of material:  Material.002
		num positions      :  882
		num normals        :  882
		num tangents       :  0
		num uvs            :  0
		num uvs2           :  0
		num colors         :  0
		num indices        :  4146
	processing begun of light (HEMI FROM AREA):  Light
========= Writing of JSON file started =========
	writing mesh:  Text.001
========= Writing of JSON file completed =========
========= end of processing =========
elapsed time:  0 min, 0.8339 secs
