Exporter version: 6.3.0, Blender version: 2.82 (sub 7)
========= Conversion from Blender to Babylon.js =========
	Scene settings used :
		Inline textures     :  false
		Material Type       :  PBR
		Positions Precision :  4
		Normals Precision   :  3
		UVs Precision       :  3
		Vert Color Precision:  3
		Mat Weight Precision:  2
		Keep Z-up r-handed  :  no
		Texture directory   :  H:\XDrive\281files\text_test\
	Python World class constructor completed
	processing begun of mesh:  Wall01
		processing begun of material:  Material.005
			processing texture brick01
				WARNING: Exception during copy:
					'H:\\XDrive\\281files\\text_test\\brick01.png' and 'H:\\XDrive\\281files\\text_test\\brick01.png' are the same file
				texture type:  diffuseTexture, mapped using: "UVMap"
		num positions      :  29
		num normals        :  29
		num tangents       :  0
		num uvs            :  58
		num uvs2           :  0
		num colors         :  0
		num indices        :  36
	processing begun of mesh:  Text.009
		processing begun of material:  Material.004
		num positions      :  3155
		num normals        :  3155
		num tangents       :  0
		num uvs            :  6310
		num uvs2           :  0
		num colors         :  0
		num indices        :  13428
		WARNING: # of 0 area faces found:  8
	processing begun of light (POINT):  Sun
========= Writing of JSON file started =========
	writing mesh:  Wall01
	writing mesh:  Text.009
========= Writing of JSON file completed =========
========= end of processing =========
elapsed time:  0 min, 1.1412 secs
